CRITICAL - 2024-01-22 05:21:46 --> ErrorException: Undefined variable $detail
in APPPATH\views\booking.php on line 118.
 1 APPPATH\views\booking.php(118): CodeIgniter\Debug\Exceptions->errorHandler(2, 'Undefined variable $detail', 'C:\\xampp\\htdocs\\bus_pass_management\\app\\views\\booking.php', 118)
 2 SYSTEMPATH\View\View.php(228): include('C:\\xampp\\htdocs\\bus_pass_management\\app\\views\\booking.php')
 3 SYSTEMPATH\View\View.php(231): CodeIgniter\View\View->CodeIgniter\View\{closure}()
 4 SYSTEMPATH\Common.php(1178): CodeIgniter\View\View->render('booking', [], true)
 5 APPPATH\Controllers\BookingController.php(66): view('booking')
 6 SYSTEMPATH\CodeIgniter.php(941): App\Controllers\BookingController->booking()
 7 SYSTEMPATH\CodeIgniter.php(502): CodeIgniter\CodeIgniter->runController(Object(App\Controllers\BookingController))
 8 SYSTEMPATH\CodeIgniter.php(361): CodeIgniter\CodeIgniter->handleRequest(null, Object(Config\Cache), false)
 9 FCPATH\index.php(79): CodeIgniter\CodeIgniter->run()
10 SYSTEMPATH\Commands\Server\rewrite.php(47): require_once('C:\\xampp\\htdocs\\bus_pass_management\\public\\index.php')
CRITICAL - 2024-01-22 05:24:08 --> ErrorException: Undefined array key "price"
in APPPATH\views\booking.php on line 104.
 1 APPPATH\views\booking.php(104): CodeIgniter\Debug\Exceptions->errorHandler(2, 'Undefined array key "price"', 'C:\\xampp\\htdocs\\bus_pass_management\\app\\views\\booking.php', 104)
 2 SYSTEMPATH\View\View.php(228): include('C:\\xampp\\htdocs\\bus_pass_management\\app\\views\\booking.php')
 3 SYSTEMPATH\View\View.php(231): CodeIgniter\View\View->CodeIgniter\View\{closure}()
 4 SYSTEMPATH\Common.php(1178): CodeIgniter\View\View->render('booking', [], true)
 5 APPPATH\Controllers\BookingController.php(66): view('booking')
 6 SYSTEMPATH\CodeIgniter.php(941): App\Controllers\BookingController->booking()
 7 SYSTEMPATH\CodeIgniter.php(502): CodeIgniter\CodeIgniter->runController(Object(App\Controllers\BookingController))
 8 SYSTEMPATH\CodeIgniter.php(361): CodeIgniter\CodeIgniter->handleRequest(null, Object(Config\Cache), false)
 9 FCPATH\index.php(79): CodeIgniter\CodeIgniter->run()
10 SYSTEMPATH\Commands\Server\rewrite.php(47): require_once('C:\\xampp\\htdocs\\bus_pass_management\\public\\index.php')
CRITICAL - 2024-01-22 05:26:15 --> ErrorException: Undefined array key "price"
in APPPATH\views\booking.php on line 104.
 1 APPPATH\views\booking.php(104): CodeIgniter\Debug\Exceptions->errorHandler(2, 'Undefined array key "price"', 'C:\\xampp\\htdocs\\bus_pass_management\\app\\views\\booking.php', 104)
 2 SYSTEMPATH\View\View.php(228): include('C:\\xampp\\htdocs\\bus_pass_management\\app\\views\\booking.php')
 3 SYSTEMPATH\View\View.php(231): CodeIgniter\View\View->CodeIgniter\View\{closure}()
 4 SYSTEMPATH\Common.php(1178): CodeIgniter\View\View->render('booking', [], true)
 5 APPPATH\Controllers\BookingController.php(66): view('booking')
 6 SYSTEMPATH\CodeIgniter.php(941): App\Controllers\BookingController->booking()
 7 SYSTEMPATH\CodeIgniter.php(502): CodeIgniter\CodeIgniter->runController(Object(App\Controllers\BookingController))
 8 SYSTEMPATH\CodeIgniter.php(361): CodeIgniter\CodeIgniter->handleRequest(null, Object(Config\Cache), false)
 9 FCPATH\index.php(79): CodeIgniter\CodeIgniter->run()
10 SYSTEMPATH\Commands\Server\rewrite.php(47): require_once('C:\\xampp\\htdocs\\bus_pass_management\\public\\index.php')
CRITICAL - 2024-01-22 06:34:25 --> ParseError: Unclosed '{' on line 119
in APPPATH\views\fare.php on line 211.
 1 SYSTEMPATH\View\View.php(231): CodeIgniter\View\View->CodeIgniter\View\{closure}()
 2 SYSTEMPATH\Common.php(1178): CodeIgniter\View\View->render('fare', [], true)
 3 APPPATH\Controllers\BookingController.php(52): view('fare', [...])
 4 SYSTEMPATH\CodeIgniter.php(941): App\Controllers\BookingController->fare()
 5 SYSTEMPATH\CodeIgniter.php(502): CodeIgniter\CodeIgniter->runController(Object(App\Controllers\BookingController))
 6 SYSTEMPATH\CodeIgniter.php(361): CodeIgniter\CodeIgniter->handleRequest(null, Object(Config\Cache), false)
 7 FCPATH\index.php(79): CodeIgniter\CodeIgniter->run()
 8 SYSTEMPATH\Commands\Server\rewrite.php(47): require_once('C:\\xampp\\htdocs\\bus_pass_management\\public\\index.php')
CRITICAL - 2024-01-22 07:14:26 --> ErrorException: Undefined array key "no_of_seats"
in APPPATH\views\getbooking.php on line 139.
 1 APPPATH\views\getbooking.php(139): CodeIgniter\Debug\Exceptions->errorHandler(2, 'Undefined array key "no_of_seats"', 'C:\\xampp\\htdocs\\bus_pass_management\\app\\views\\getbooking.php', 139)
 2 SYSTEMPATH\View\View.php(228): include('C:\\xampp\\htdocs\\bus_pass_management\\app\\views\\getbooking.php')
 3 SYSTEMPATH\View\View.php(231): CodeIgniter\View\View->CodeIgniter\View\{closure}()
 4 SYSTEMPATH\Common.php(1178): CodeIgniter\View\View->render('getbooking', [], true)
 5 APPPATH\Controllers\BookingController.php(60): view('getbooking', [...])
 6 SYSTEMPATH\CodeIgniter.php(941): App\Controllers\BookingController->getBooking()
 7 SYSTEMPATH\CodeIgniter.php(502): CodeIgniter\CodeIgniter->runController(Object(App\Controllers\BookingController))
 8 SYSTEMPATH\CodeIgniter.php(361): CodeIgniter\CodeIgniter->handleRequest(null, Object(Config\Cache), false)
 9 FCPATH\index.php(79): CodeIgniter\CodeIgniter->run()
10 SYSTEMPATH\Commands\Server\rewrite.php(47): require_once('C:\\xampp\\htdocs\\bus_pass_management\\public\\index.php')
CRITICAL - 2024-01-22 07:14:51 --> ErrorException: Undefined array key "no_of_seats"
in APPPATH\views\getbooking.php on line 139.
 1 APPPATH\views\getbooking.php(139): CodeIgniter\Debug\Exceptions->errorHandler(2, 'Undefined array key "no_of_seats"', 'C:\\xampp\\htdocs\\bus_pass_management\\app\\views\\getbooking.php', 139)
 2 SYSTEMPATH\View\View.php(228): include('C:\\xampp\\htdocs\\bus_pass_management\\app\\views\\getbooking.php')
 3 SYSTEMPATH\View\View.php(231): CodeIgniter\View\View->CodeIgniter\View\{closure}()
 4 SYSTEMPATH\Common.php(1178): CodeIgniter\View\View->render('getbooking', [], true)
 5 APPPATH\Controllers\BookingController.php(60): view('getbooking', [...])
 6 SYSTEMPATH\CodeIgniter.php(941): App\Controllers\BookingController->getBooking()
 7 SYSTEMPATH\CodeIgniter.php(502): CodeIgniter\CodeIgniter->runController(Object(App\Controllers\BookingController))
 8 SYSTEMPATH\CodeIgniter.php(361): CodeIgniter\CodeIgniter->handleRequest(null, Object(Config\Cache), false)
 9 FCPATH\index.php(79): CodeIgniter\CodeIgniter->run()
10 SYSTEMPATH\Commands\Server\rewrite.php(47): require_once('C:\\xampp\\htdocs\\bus_pass_management\\public\\index.php')
CRITICAL - 2024-01-22 07:28:20 --> ErrorException: Undefined variable $first_name
in APPPATH\Controllers\BookingController.php on line 87.
 1 APPPATH\Controllers\BookingController.php(87): CodeIgniter\Debug\Exceptions->errorHandler(2, 'Undefined variable $first_name', 'C:\\xampp\\htdocs\\bus_pass_management\\app\\Controllers\\BookingController.php', 87)
 2 SYSTEMPATH\CodeIgniter.php(941): App\Controllers\BookingController->approvBooking('2')
 3 SYSTEMPATH\CodeIgniter.php(502): CodeIgniter\CodeIgniter->runController(Object(App\Controllers\BookingController))
 4 SYSTEMPATH\CodeIgniter.php(361): CodeIgniter\CodeIgniter->handleRequest(null, Object(Config\Cache), false)
 5 FCPATH\index.php(79): CodeIgniter\CodeIgniter->run()
 6 SYSTEMPATH\Commands\Server\rewrite.php(47): require_once('C:\\xampp\\htdocs\\bus_pass_management\\public\\index.php')
CRITICAL - 2024-01-22 07:29:47 --> ErrorException: Undefined variable $first_name
in APPPATH\Controllers\BookingController.php on line 88.
 1 APPPATH\Controllers\BookingController.php(88): CodeIgniter\Debug\Exceptions->errorHandler(2, 'Undefined variable $first_name', 'C:\\xampp\\htdocs\\bus_pass_management\\app\\Controllers\\BookingController.php', 88)
 2 SYSTEMPATH\CodeIgniter.php(941): App\Controllers\BookingController->approvBooking('2')
 3 SYSTEMPATH\CodeIgniter.php(502): CodeIgniter\CodeIgniter->runController(Object(App\Controllers\BookingController))
 4 SYSTEMPATH\CodeIgniter.php(361): CodeIgniter\CodeIgniter->handleRequest(null, Object(Config\Cache), false)
 5 FCPATH\index.php(79): CodeIgniter\CodeIgniter->run()
 6 SYSTEMPATH\Commands\Server\rewrite.php(47): require_once('C:\\xampp\\htdocs\\bus_pass_management\\public\\index.php')
CRITICAL - 2024-01-22 07:29:49 --> ErrorException: Undefined variable $first_name
in APPPATH\Controllers\BookingController.php on line 88.
 1 APPPATH\Controllers\BookingController.php(88): CodeIgniter\Debug\Exceptions->errorHandler(2, 'Undefined variable $first_name', 'C:\\xampp\\htdocs\\bus_pass_management\\app\\Controllers\\BookingController.php', 88)
 2 SYSTEMPATH\CodeIgniter.php(941): App\Controllers\BookingController->approvBooking('2')
 3 SYSTEMPATH\CodeIgniter.php(502): CodeIgniter\CodeIgniter->runController(Object(App\Controllers\BookingController))
 4 SYSTEMPATH\CodeIgniter.php(361): CodeIgniter\CodeIgniter->handleRequest(null, Object(Config\Cache), false)
 5 FCPATH\index.php(79): CodeIgniter\CodeIgniter->run()
 6 SYSTEMPATH\Commands\Server\rewrite.php(47): require_once('C:\\xampp\\htdocs\\bus_pass_management\\public\\index.php')
CRITICAL - 2024-01-22 07:32:23 --> ErrorException: Undefined variable $detail
in APPPATH\Controllers\BookingController.php on line 85.
 1 APPPATH\Controllers\BookingController.php(85): CodeIgniter\Debug\Exceptions->errorHandler(2, 'Undefined variable $detail', 'C:\\xampp\\htdocs\\bus_pass_management\\app\\Controllers\\BookingController.php', 85)
 2 SYSTEMPATH\CodeIgniter.php(941): App\Controllers\BookingController->approvBooking('2')
 3 SYSTEMPATH\CodeIgniter.php(502): CodeIgniter\CodeIgniter->runController(Object(App\Controllers\BookingController))
 4 SYSTEMPATH\CodeIgniter.php(361): CodeIgniter\CodeIgniter->handleRequest(null, Object(Config\Cache), false)
 5 FCPATH\index.php(79): CodeIgniter\CodeIgniter->run()
 6 SYSTEMPATH\Commands\Server\rewrite.php(47): require_once('C:\\xampp\\htdocs\\bus_pass_management\\public\\index.php')
CRITICAL - 2024-01-22 07:33:49 --> ErrorException: Undefined array key "first_name"
in APPPATH\Controllers\BookingController.php on line 87.
 1 APPPATH\Controllers\BookingController.php(87): CodeIgniter\Debug\Exceptions->errorHandler(2, 'Undefined array key "first_name"', 'C:\\xampp\\htdocs\\bus_pass_management\\app\\Controllers\\BookingController.php', 87)
 2 SYSTEMPATH\CodeIgniter.php(941): App\Controllers\BookingController->approvBooking('2')
 3 SYSTEMPATH\CodeIgniter.php(502): CodeIgniter\CodeIgniter->runController(Object(App\Controllers\BookingController))
 4 SYSTEMPATH\CodeIgniter.php(361): CodeIgniter\CodeIgniter->handleRequest(null, Object(Config\Cache), false)
 5 FCPATH\index.php(79): CodeIgniter\CodeIgniter->run()
 6 SYSTEMPATH\Commands\Server\rewrite.php(47): require_once('C:\\xampp\\htdocs\\bus_pass_management\\public\\index.php')
CRITICAL - 2024-01-22 07:34:09 --> ErrorException: Undefined variable $first_name
in APPPATH\Controllers\BookingController.php on line 87.
 1 APPPATH\Controllers\BookingController.php(87): CodeIgniter\Debug\Exceptions->errorHandler(2, 'Undefined variable $first_name', 'C:\\xampp\\htdocs\\bus_pass_management\\app\\Controllers\\BookingController.php', 87)
 2 SYSTEMPATH\CodeIgniter.php(941): App\Controllers\BookingController->approvBooking('2')
 3 SYSTEMPATH\CodeIgniter.php(502): CodeIgniter\CodeIgniter->runController(Object(App\Controllers\BookingController))
 4 SYSTEMPATH\CodeIgniter.php(361): CodeIgniter\CodeIgniter->handleRequest(null, Object(Config\Cache), false)
 5 FCPATH\index.php(79): CodeIgniter\CodeIgniter->run()
 6 SYSTEMPATH\Commands\Server\rewrite.php(47): require_once('C:\\xampp\\htdocs\\bus_pass_management\\public\\index.php')
CRITICAL - 2024-01-22 07:36:56 --> ErrorException: foreach() argument must be of type array|object, string given
in APPPATH\Controllers\BookingController.php on line 86.
 1 APPPATH\Controllers\BookingController.php(86): CodeIgniter\Debug\Exceptions->errorHandler(2, 'foreach() argument must be of type array|object, string given', 'C:\\xampp\\htdocs\\bus_pass_management\\app\\Controllers\\BookingController.php', 86)
 2 SYSTEMPATH\CodeIgniter.php(941): App\Controllers\BookingController->approvBooking('2')
 3 SYSTEMPATH\CodeIgniter.php(502): CodeIgniter\CodeIgniter->runController(Object(App\Controllers\BookingController))
 4 SYSTEMPATH\CodeIgniter.php(361): CodeIgniter\CodeIgniter->handleRequest(null, Object(Config\Cache), false)
 5 FCPATH\index.php(79): CodeIgniter\CodeIgniter->run()
 6 SYSTEMPATH\Commands\Server\rewrite.php(47): require_once('C:\\xampp\\htdocs\\bus_pass_management\\public\\index.php')
CRITICAL - 2024-01-22 07:38:07 --> ErrorException: Undefined array key "first_name"
in APPPATH\Controllers\BookingController.php on line 88.
 1 APPPATH\Controllers\BookingController.php(88): CodeIgniter\Debug\Exceptions->errorHandler(2, 'Undefined array key "first_name"', 'C:\\xampp\\htdocs\\bus_pass_management\\app\\Controllers\\BookingController.php', 88)
 2 SYSTEMPATH\CodeIgniter.php(941): App\Controllers\BookingController->approvBooking('2')
 3 SYSTEMPATH\CodeIgniter.php(502): CodeIgniter\CodeIgniter->runController(Object(App\Controllers\BookingController))
 4 SYSTEMPATH\CodeIgniter.php(361): CodeIgniter\CodeIgniter->handleRequest(null, Object(Config\Cache), false)
 5 FCPATH\index.php(79): CodeIgniter\CodeIgniter->run()
 6 SYSTEMPATH\Commands\Server\rewrite.php(47): require_once('C:\\xampp\\htdocs\\bus_pass_management\\public\\index.php')
CRITICAL - 2024-01-22 07:38:24 --> ErrorException: foreach() argument must be of type array|object, string given
in APPPATH\Controllers\BookingController.php on line 86.
 1 APPPATH\Controllers\BookingController.php(86): CodeIgniter\Debug\Exceptions->errorHandler(2, 'foreach() argument must be of type array|object, string given', 'C:\\xampp\\htdocs\\bus_pass_management\\app\\Controllers\\BookingController.php', 86)
 2 SYSTEMPATH\CodeIgniter.php(941): App\Controllers\BookingController->approvBooking('2')
 3 SYSTEMPATH\CodeIgniter.php(502): CodeIgniter\CodeIgniter->runController(Object(App\Controllers\BookingController))
 4 SYSTEMPATH\CodeIgniter.php(361): CodeIgniter\CodeIgniter->handleRequest(null, Object(Config\Cache), false)
 5 FCPATH\index.php(79): CodeIgniter\CodeIgniter->run()
 6 SYSTEMPATH\Commands\Server\rewrite.php(47): require_once('C:\\xampp\\htdocs\\bus_pass_management\\public\\index.php')
CRITICAL - 2024-01-22 07:45:00 --> ErrorException: Undefined variable $first_name
in APPPATH\Controllers\BookingController.php on line 86.
 1 APPPATH\Controllers\BookingController.php(86): CodeIgniter\Debug\Exceptions->errorHandler(2, 'Undefined variable $first_name', 'C:\\xampp\\htdocs\\bus_pass_management\\app\\Controllers\\BookingController.php', 86)
 2 SYSTEMPATH\CodeIgniter.php(941): App\Controllers\BookingController->approvBooking('2')
 3 SYSTEMPATH\CodeIgniter.php(502): CodeIgniter\CodeIgniter->runController(Object(App\Controllers\BookingController))
 4 SYSTEMPATH\CodeIgniter.php(361): CodeIgniter\CodeIgniter->handleRequest(null, Object(Config\Cache), false)
 5 FCPATH\index.php(79): CodeIgniter\CodeIgniter->run()
 6 SYSTEMPATH\Commands\Server\rewrite.php(47): require_once('C:\\xampp\\htdocs\\bus_pass_management\\public\\index.php')
CRITICAL - 2024-01-22 07:45:34 --> ErrorException: Undefined variable $first_name
in APPPATH\Controllers\BookingController.php on line 86.
 1 APPPATH\Controllers\BookingController.php(86): CodeIgniter\Debug\Exceptions->errorHandler(2, 'Undefined variable $first_name', 'C:\\xampp\\htdocs\\bus_pass_management\\app\\Controllers\\BookingController.php', 86)
 2 SYSTEMPATH\CodeIgniter.php(941): App\Controllers\BookingController->approvBooking('2')
 3 SYSTEMPATH\CodeIgniter.php(502): CodeIgniter\CodeIgniter->runController(Object(App\Controllers\BookingController))
 4 SYSTEMPATH\CodeIgniter.php(361): CodeIgniter\CodeIgniter->handleRequest(null, Object(Config\Cache), false)
 5 FCPATH\index.php(79): CodeIgniter\CodeIgniter->run()
 6 SYSTEMPATH\Commands\Server\rewrite.php(47): require_once('C:\\xampp\\htdocs\\bus_pass_management\\public\\index.php')
CRITICAL - 2024-01-22 07:45:35 --> ErrorException: Undefined variable $first_name
in APPPATH\Controllers\BookingController.php on line 86.
 1 APPPATH\Controllers\BookingController.php(86): CodeIgniter\Debug\Exceptions->errorHandler(2, 'Undefined variable $first_name', 'C:\\xampp\\htdocs\\bus_pass_management\\app\\Controllers\\BookingController.php', 86)
 2 SYSTEMPATH\CodeIgniter.php(941): App\Controllers\BookingController->approvBooking('2')
 3 SYSTEMPATH\CodeIgniter.php(502): CodeIgniter\CodeIgniter->runController(Object(App\Controllers\BookingController))
 4 SYSTEMPATH\CodeIgniter.php(361): CodeIgniter\CodeIgniter->handleRequest(null, Object(Config\Cache), false)
 5 FCPATH\index.php(79): CodeIgniter\CodeIgniter->run()
 6 SYSTEMPATH\Commands\Server\rewrite.php(47): require_once('C:\\xampp\\htdocs\\bus_pass_management\\public\\index.php')
CRITICAL - 2024-01-22 07:45:36 --> ErrorException: Undefined variable $first_name
in APPPATH\Controllers\BookingController.php on line 86.
 1 APPPATH\Controllers\BookingController.php(86): CodeIgniter\Debug\Exceptions->errorHandler(2, 'Undefined variable $first_name', 'C:\\xampp\\htdocs\\bus_pass_management\\app\\Controllers\\BookingController.php', 86)
 2 SYSTEMPATH\CodeIgniter.php(941): App\Controllers\BookingController->approvBooking('2')
 3 SYSTEMPATH\CodeIgniter.php(502): CodeIgniter\CodeIgniter->runController(Object(App\Controllers\BookingController))
 4 SYSTEMPATH\CodeIgniter.php(361): CodeIgniter\CodeIgniter->handleRequest(null, Object(Config\Cache), false)
 5 FCPATH\index.php(79): CodeIgniter\CodeIgniter->run()
 6 SYSTEMPATH\Commands\Server\rewrite.php(47): require_once('C:\\xampp\\htdocs\\bus_pass_management\\public\\index.php')
CRITICAL - 2024-01-22 07:45:36 --> ErrorException: Undefined variable $first_name
in APPPATH\Controllers\BookingController.php on line 86.
 1 APPPATH\Controllers\BookingController.php(86): CodeIgniter\Debug\Exceptions->errorHandler(2, 'Undefined variable $first_name', 'C:\\xampp\\htdocs\\bus_pass_management\\app\\Controllers\\BookingController.php', 86)
 2 SYSTEMPATH\CodeIgniter.php(941): App\Controllers\BookingController->approvBooking('2')
 3 SYSTEMPATH\CodeIgniter.php(502): CodeIgniter\CodeIgniter->runController(Object(App\Controllers\BookingController))
 4 SYSTEMPATH\CodeIgniter.php(361): CodeIgniter\CodeIgniter->handleRequest(null, Object(Config\Cache), false)
 5 FCPATH\index.php(79): CodeIgniter\CodeIgniter->run()
 6 SYSTEMPATH\Commands\Server\rewrite.php(47): require_once('C:\\xampp\\htdocs\\bus_pass_management\\public\\index.php')
CRITICAL - 2024-01-22 07:45:52 --> ErrorException: Undefined variable $first_name
in APPPATH\Controllers\BookingController.php on line 86.
 1 APPPATH\Controllers\BookingController.php(86): CodeIgniter\Debug\Exceptions->errorHandler(2, 'Undefined variable $first_name', 'C:\\xampp\\htdocs\\bus_pass_management\\app\\Controllers\\BookingController.php', 86)
 2 SYSTEMPATH\CodeIgniter.php(941): App\Controllers\BookingController->approvBooking('2')
 3 SYSTEMPATH\CodeIgniter.php(502): CodeIgniter\CodeIgniter->runController(Object(App\Controllers\BookingController))
 4 SYSTEMPATH\CodeIgniter.php(361): CodeIgniter\CodeIgniter->handleRequest(null, Object(Config\Cache), false)
 5 FCPATH\index.php(79): CodeIgniter\CodeIgniter->run()
 6 SYSTEMPATH\Commands\Server\rewrite.php(47): require_once('C:\\xampp\\htdocs\\bus_pass_management\\public\\index.php')
CRITICAL - 2024-01-22 07:46:09 --> ErrorException: Undefined variable $first_name
in APPPATH\Controllers\BookingController.php on line 86.
 1 APPPATH\Controllers\BookingController.php(86): CodeIgniter\Debug\Exceptions->errorHandler(2, 'Undefined variable $first_name', 'C:\\xampp\\htdocs\\bus_pass_management\\app\\Controllers\\BookingController.php', 86)
 2 SYSTEMPATH\CodeIgniter.php(941): App\Controllers\BookingController->approvBooking('2')
 3 SYSTEMPATH\CodeIgniter.php(502): CodeIgniter\CodeIgniter->runController(Object(App\Controllers\BookingController))
 4 SYSTEMPATH\CodeIgniter.php(361): CodeIgniter\CodeIgniter->handleRequest(null, Object(Config\Cache), false)
 5 FCPATH\index.php(79): CodeIgniter\CodeIgniter->run()
 6 SYSTEMPATH\Commands\Server\rewrite.php(47): require_once('C:\\xampp\\htdocs\\bus_pass_management\\public\\index.php')
CRITICAL - 2024-01-22 12:22:56 --> ErrorException: Undefined property: App\Controllers\BookingController::$db
in APPPATH\Controllers\BookingController.php on line 85.
 1 APPPATH\Controllers\BookingController.php(85): CodeIgniter\Debug\Exceptions->errorHandler(2, 'Undefined property: App\\Controllers\\BookingController::$db', 'C:\\xampp\\htdocs\\bus_pass_management\\app\\Controllers\\BookingController.php', 85)
 2 SYSTEMPATH\CodeIgniter.php(941): App\Controllers\BookingController->printBooking('5')
 3 SYSTEMPATH\CodeIgniter.php(502): CodeIgniter\CodeIgniter->runController(Object(App\Controllers\BookingController))
 4 SYSTEMPATH\CodeIgniter.php(361): CodeIgniter\CodeIgniter->handleRequest(null, Object(Config\Cache), false)
 5 FCPATH\index.php(79): CodeIgniter\CodeIgniter->run()
 6 SYSTEMPATH\Commands\Server\rewrite.php(47): require_once('C:\\xampp\\htdocs\\bus_pass_management\\public\\index.php')
CRITICAL - 2024-01-22 12:26:56 --> ErrorException: Undefined property: App\Controllers\BookingController::$db
in APPPATH\Controllers\BookingController.php on line 85.
 1 APPPATH\Controllers\BookingController.php(85): CodeIgniter\Debug\Exceptions->errorHandler(2, 'Undefined property: App\\Controllers\\BookingController::$db', 'C:\\xampp\\htdocs\\bus_pass_management\\app\\Controllers\\BookingController.php', 85)
 2 SYSTEMPATH\CodeIgniter.php(941): App\Controllers\BookingController->printBooking('5')
 3 SYSTEMPATH\CodeIgniter.php(502): CodeIgniter\CodeIgniter->runController(Object(App\Controllers\BookingController))
 4 SYSTEMPATH\CodeIgniter.php(361): CodeIgniter\CodeIgniter->handleRequest(null, Object(Config\Cache), false)
 5 FCPATH\index.php(79): CodeIgniter\CodeIgniter->run()
 6 SYSTEMPATH\Commands\Server\rewrite.php(47): require_once('C:\\xampp\\htdocs\\bus_pass_management\\public\\index.php')
CRITICAL - 2024-01-22 12:27:13 --> Error: Call to undefined method App\Controllers\BookingController::get_where()
in APPPATH\Controllers\BookingController.php on line 85.
 1 SYSTEMPATH\CodeIgniter.php(941): App\Controllers\BookingController->printBooking('5')
 2 SYSTEMPATH\CodeIgniter.php(502): CodeIgniter\CodeIgniter->runController(Object(App\Controllers\BookingController))
 3 SYSTEMPATH\CodeIgniter.php(361): CodeIgniter\CodeIgniter->handleRequest(null, Object(Config\Cache), false)
 4 FCPATH\index.php(79): CodeIgniter\CodeIgniter->run()
 5 SYSTEMPATH\Commands\Server\rewrite.php(47): require_once('C:\\xampp\\htdocs\\bus_pass_management\\public\\index.php')
CRITICAL - 2024-01-22 12:29:25 --> ErrorException: Undefined variable $ReserveModel
in APPPATH\Controllers\BookingController.php on line 85.
 1 APPPATH\Controllers\BookingController.php(85): CodeIgniter\Debug\Exceptions->errorHandler(2, 'Undefined variable $ReserveModel', 'C:\\xampp\\htdocs\\bus_pass_management\\app\\Controllers\\BookingController.php', 85)
 2 SYSTEMPATH\CodeIgniter.php(941): App\Controllers\BookingController->printBooking('5')
 3 SYSTEMPATH\CodeIgniter.php(502): CodeIgniter\CodeIgniter->runController(Object(App\Controllers\BookingController))
 4 SYSTEMPATH\CodeIgniter.php(361): CodeIgniter\CodeIgniter->handleRequest(null, Object(Config\Cache), false)
 5 FCPATH\index.php(79): CodeIgniter\CodeIgniter->run()
 6 SYSTEMPATH\Commands\Server\rewrite.php(47): require_once('C:\\xampp\\htdocs\\bus_pass_management\\public\\index.php')
CRITICAL - 2024-01-22 12:29:39 --> ErrorException: Array to string conversion
in APPPATH\Controllers\BookingController.php on line 86.
 1 APPPATH\Controllers\BookingController.php(86): CodeIgniter\Debug\Exceptions->errorHandler(2, 'Array to string conversion', 'C:\\xampp\\htdocs\\bus_pass_management\\app\\Controllers\\BookingController.php', 86)
 2 SYSTEMPATH\CodeIgniter.php(941): App\Controllers\BookingController->printBooking('5')
 3 SYSTEMPATH\CodeIgniter.php(502): CodeIgniter\CodeIgniter->runController(Object(App\Controllers\BookingController))
 4 SYSTEMPATH\CodeIgniter.php(361): CodeIgniter\CodeIgniter->handleRequest(null, Object(Config\Cache), false)
 5 FCPATH\index.php(79): CodeIgniter\CodeIgniter->run()
 6 SYSTEMPATH\Commands\Server\rewrite.php(47): require_once('C:\\xampp\\htdocs\\bus_pass_management\\public\\index.php')
CRITICAL - 2024-01-22 12:29:56 --> ErrorException: Trying to access array offset on value of type null
in APPPATH\Controllers\BookingController.php on line 85.
 1 APPPATH\Controllers\BookingController.php(85): CodeIgniter\Debug\Exceptions->errorHandler(2, 'Trying to access array offset on value of type null', 'C:\\xampp\\htdocs\\bus_pass_management\\app\\Controllers\\BookingController.php', 85)
 2 SYSTEMPATH\CodeIgniter.php(941): App\Controllers\BookingController->printBooking('5')
 3 SYSTEMPATH\CodeIgniter.php(502): CodeIgniter\CodeIgniter->runController(Object(App\Controllers\BookingController))
 4 SYSTEMPATH\CodeIgniter.php(361): CodeIgniter\CodeIgniter->handleRequest(null, Object(Config\Cache), false)
 5 FCPATH\index.php(79): CodeIgniter\CodeIgniter->run()
 6 SYSTEMPATH\Commands\Server\rewrite.php(47): require_once('C:\\xampp\\htdocs\\bus_pass_management\\public\\index.php')
CRITICAL - 2024-01-22 12:32:41 --> ErrorException: Array to string conversion
in APPPATH\Controllers\BookingController.php on line 86.
 1 APPPATH\Controllers\BookingController.php(86): CodeIgniter\Debug\Exceptions->errorHandler(2, 'Array to string conversion', 'C:\\xampp\\htdocs\\bus_pass_management\\app\\Controllers\\BookingController.php', 86)
 2 SYSTEMPATH\CodeIgniter.php(941): App\Controllers\BookingController->printBooking('5')
 3 SYSTEMPATH\CodeIgniter.php(502): CodeIgniter\CodeIgniter->runController(Object(App\Controllers\BookingController))
 4 SYSTEMPATH\CodeIgniter.php(361): CodeIgniter\CodeIgniter->handleRequest(null, Object(Config\Cache), false)
 5 FCPATH\index.php(79): CodeIgniter\CodeIgniter->run()
 6 SYSTEMPATH\Commands\Server\rewrite.php(47): require_once('C:\\xampp\\htdocs\\bus_pass_management\\public\\index.php')
CRITICAL - 2024-01-22 12:33:23 --> ErrorException: Array to string conversion
in APPPATH\Controllers\BookingController.php on line 86.
 1 APPPATH\Controllers\BookingController.php(86): CodeIgniter\Debug\Exceptions->errorHandler(2, 'Array to string conversion', 'C:\\xampp\\htdocs\\bus_pass_management\\app\\Controllers\\BookingController.php', 86)
 2 SYSTEMPATH\CodeIgniter.php(941): App\Controllers\BookingController->printBooking('5')
 3 SYSTEMPATH\CodeIgniter.php(502): CodeIgniter\CodeIgniter->runController(Object(App\Controllers\BookingController))
 4 SYSTEMPATH\CodeIgniter.php(361): CodeIgniter\CodeIgniter->handleRequest(null, Object(Config\Cache), false)
 5 FCPATH\index.php(79): CodeIgniter\CodeIgniter->run()
 6 SYSTEMPATH\Commands\Server\rewrite.php(47): require_once('C:\\xampp\\htdocs\\bus_pass_management\\public\\index.php')
CRITICAL - 2024-01-22 12:33:59 --> ErrorException: Undefined variable $detail
in APPPATH\Controllers\BookingController.php on line 86.
 1 APPPATH\Controllers\BookingController.php(86): CodeIgniter\Debug\Exceptions->errorHandler(2, 'Undefined variable $detail', 'C:\\xampp\\htdocs\\bus_pass_management\\app\\Controllers\\BookingController.php', 86)
 2 SYSTEMPATH\CodeIgniter.php(941): App\Controllers\BookingController->printBooking('5')
 3 SYSTEMPATH\CodeIgniter.php(502): CodeIgniter\CodeIgniter->runController(Object(App\Controllers\BookingController))
 4 SYSTEMPATH\CodeIgniter.php(361): CodeIgniter\CodeIgniter->handleRequest(null, Object(Config\Cache), false)
 5 FCPATH\index.php(79): CodeIgniter\CodeIgniter->run()
 6 SYSTEMPATH\Commands\Server\rewrite.php(47): require_once('C:\\xampp\\htdocs\\bus_pass_management\\public\\index.php')
CRITICAL - 2024-01-22 12:34:36 --> ErrorException: Undefined variable $detail
in APPPATH\Controllers\BookingController.php on line 86.
 1 APPPATH\Controllers\BookingController.php(86): CodeIgniter\Debug\Exceptions->errorHandler(2, 'Undefined variable $detail', 'C:\\xampp\\htdocs\\bus_pass_management\\app\\Controllers\\BookingController.php', 86)
 2 SYSTEMPATH\CodeIgniter.php(941): App\Controllers\BookingController->printBooking('5')
 3 SYSTEMPATH\CodeIgniter.php(502): CodeIgniter\CodeIgniter->runController(Object(App\Controllers\BookingController))
 4 SYSTEMPATH\CodeIgniter.php(361): CodeIgniter\CodeIgniter->handleRequest(null, Object(Config\Cache), false)
 5 FCPATH\index.php(79): CodeIgniter\CodeIgniter->run()
 6 SYSTEMPATH\Commands\Server\rewrite.php(47): require_once('C:\\xampp\\htdocs\\bus_pass_management\\public\\index.php')
CRITICAL - 2024-01-22 12:34:37 --> ErrorException: Undefined variable $detail
in APPPATH\Controllers\BookingController.php on line 86.
 1 APPPATH\Controllers\BookingController.php(86): CodeIgniter\Debug\Exceptions->errorHandler(2, 'Undefined variable $detail', 'C:\\xampp\\htdocs\\bus_pass_management\\app\\Controllers\\BookingController.php', 86)
 2 SYSTEMPATH\CodeIgniter.php(941): App\Controllers\BookingController->printBooking('5')
 3 SYSTEMPATH\CodeIgniter.php(502): CodeIgniter\CodeIgniter->runController(Object(App\Controllers\BookingController))
 4 SYSTEMPATH\CodeIgniter.php(361): CodeIgniter\CodeIgniter->handleRequest(null, Object(Config\Cache), false)
 5 FCPATH\index.php(79): CodeIgniter\CodeIgniter->run()
 6 SYSTEMPATH\Commands\Server\rewrite.php(47): require_once('C:\\xampp\\htdocs\\bus_pass_management\\public\\index.php')
CRITICAL - 2024-01-22 12:34:37 --> ErrorException: Undefined variable $detail
in APPPATH\Controllers\BookingController.php on line 86.
 1 APPPATH\Controllers\BookingController.php(86): CodeIgniter\Debug\Exceptions->errorHandler(2, 'Undefined variable $detail', 'C:\\xampp\\htdocs\\bus_pass_management\\app\\Controllers\\BookingController.php', 86)
 2 SYSTEMPATH\CodeIgniter.php(941): App\Controllers\BookingController->printBooking('5')
 3 SYSTEMPATH\CodeIgniter.php(502): CodeIgniter\CodeIgniter->runController(Object(App\Controllers\BookingController))
 4 SYSTEMPATH\CodeIgniter.php(361): CodeIgniter\CodeIgniter->handleRequest(null, Object(Config\Cache), false)
 5 FCPATH\index.php(79): CodeIgniter\CodeIgniter->run()
 6 SYSTEMPATH\Commands\Server\rewrite.php(47): require_once('C:\\xampp\\htdocs\\bus_pass_management\\public\\index.php')
CRITICAL - 2024-01-22 12:34:38 --> ErrorException: Undefined variable $detail
in APPPATH\Controllers\BookingController.php on line 86.
 1 APPPATH\Controllers\BookingController.php(86): CodeIgniter\Debug\Exceptions->errorHandler(2, 'Undefined variable $detail', 'C:\\xampp\\htdocs\\bus_pass_management\\app\\Controllers\\BookingController.php', 86)
 2 SYSTEMPATH\CodeIgniter.php(941): App\Controllers\BookingController->printBooking('5')
 3 SYSTEMPATH\CodeIgniter.php(502): CodeIgniter\CodeIgniter->runController(Object(App\Controllers\BookingController))
 4 SYSTEMPATH\CodeIgniter.php(361): CodeIgniter\CodeIgniter->handleRequest(null, Object(Config\Cache), false)
 5 FCPATH\index.php(79): CodeIgniter\CodeIgniter->run()
 6 SYSTEMPATH\Commands\Server\rewrite.php(47): require_once('C:\\xampp\\htdocs\\bus_pass_management\\public\\index.php')
CRITICAL - 2024-01-22 12:34:53 --> ErrorException: Undefined variable $detail
in APPPATH\Controllers\BookingController.php on line 87.
 1 APPPATH\Controllers\BookingController.php(87): CodeIgniter\Debug\Exceptions->errorHandler(2, 'Undefined variable $detail', 'C:\\xampp\\htdocs\\bus_pass_management\\app\\Controllers\\BookingController.php', 87)
 2 SYSTEMPATH\CodeIgniter.php(941): App\Controllers\BookingController->printBooking('5')
 3 SYSTEMPATH\CodeIgniter.php(502): CodeIgniter\CodeIgniter->runController(Object(App\Controllers\BookingController))
 4 SYSTEMPATH\CodeIgniter.php(361): CodeIgniter\CodeIgniter->handleRequest(null, Object(Config\Cache), false)
 5 FCPATH\index.php(79): CodeIgniter\CodeIgniter->run()
 6 SYSTEMPATH\Commands\Server\rewrite.php(47): require_once('C:\\xampp\\htdocs\\bus_pass_management\\public\\index.php')
CRITICAL - 2024-01-22 12:35:40 --> ErrorException: Undefined variable $detail
in APPPATH\Controllers\BookingController.php on line 86.
 1 APPPATH\Controllers\BookingController.php(86): CodeIgniter\Debug\Exceptions->errorHandler(2, 'Undefined variable $detail', 'C:\\xampp\\htdocs\\bus_pass_management\\app\\Controllers\\BookingController.php', 86)
 2 SYSTEMPATH\CodeIgniter.php(941): App\Controllers\BookingController->printBooking('5')
 3 SYSTEMPATH\CodeIgniter.php(502): CodeIgniter\CodeIgniter->runController(Object(App\Controllers\BookingController))
 4 SYSTEMPATH\CodeIgniter.php(361): CodeIgniter\CodeIgniter->handleRequest(null, Object(Config\Cache), false)
 5 FCPATH\index.php(79): CodeIgniter\CodeIgniter->run()
 6 SYSTEMPATH\Commands\Server\rewrite.php(47): require_once('C:\\xampp\\htdocs\\bus_pass_management\\public\\index.php')
CRITICAL - 2024-01-22 12:36:58 --> ErrorException: Array to string conversion
in APPPATH\Controllers\BookingController.php on line 86.
 1 APPPATH\Controllers\BookingController.php(86): CodeIgniter\Debug\Exceptions->errorHandler(2, 'Array to string conversion', 'C:\\xampp\\htdocs\\bus_pass_management\\app\\Controllers\\BookingController.php', 86)
 2 SYSTEMPATH\CodeIgniter.php(941): App\Controllers\BookingController->printBooking('5')
 3 SYSTEMPATH\CodeIgniter.php(502): CodeIgniter\CodeIgniter->runController(Object(App\Controllers\BookingController))
 4 SYSTEMPATH\CodeIgniter.php(361): CodeIgniter\CodeIgniter->handleRequest(null, Object(Config\Cache), false)
 5 FCPATH\index.php(79): CodeIgniter\CodeIgniter->run()
 6 SYSTEMPATH\Commands\Server\rewrite.php(47): require_once('C:\\xampp\\htdocs\\bus_pass_management\\public\\index.php')
CRITICAL - 2024-01-22 12:37:13 --> ErrorException: Array to string conversion
in APPPATH\Controllers\BookingController.php on line 86.
 1 APPPATH\Controllers\BookingController.php(86): CodeIgniter\Debug\Exceptions->errorHandler(2, 'Array to string conversion', 'C:\\xampp\\htdocs\\bus_pass_management\\app\\Controllers\\BookingController.php', 86)
 2 SYSTEMPATH\CodeIgniter.php(941): App\Controllers\BookingController->printBooking('5')
 3 SYSTEMPATH\CodeIgniter.php(502): CodeIgniter\CodeIgniter->runController(Object(App\Controllers\BookingController))
 4 SYSTEMPATH\CodeIgniter.php(361): CodeIgniter\CodeIgniter->handleRequest(null, Object(Config\Cache), false)
 5 FCPATH\index.php(79): CodeIgniter\CodeIgniter->run()
 6 SYSTEMPATH\Commands\Server\rewrite.php(47): require_once('C:\\xampp\\htdocs\\bus_pass_management\\public\\index.php')
CRITICAL - 2024-01-22 12:37:35 --> ErrorException: Undefined variable $detail
in APPPATH\Controllers\BookingController.php on line 86.
 1 APPPATH\Controllers\BookingController.php(86): CodeIgniter\Debug\Exceptions->errorHandler(2, 'Undefined variable $detail', 'C:\\xampp\\htdocs\\bus_pass_management\\app\\Controllers\\BookingController.php', 86)
 2 SYSTEMPATH\CodeIgniter.php(941): App\Controllers\BookingController->printBooking('5')
 3 SYSTEMPATH\CodeIgniter.php(502): CodeIgniter\CodeIgniter->runController(Object(App\Controllers\BookingController))
 4 SYSTEMPATH\CodeIgniter.php(361): CodeIgniter\CodeIgniter->handleRequest(null, Object(Config\Cache), false)
 5 FCPATH\index.php(79): CodeIgniter\CodeIgniter->run()
 6 SYSTEMPATH\Commands\Server\rewrite.php(47): require_once('C:\\xampp\\htdocs\\bus_pass_management\\public\\index.php')
CRITICAL - 2024-01-22 12:38:06 --> ErrorException: foreach() argument must be of type array|object, string given
in APPPATH\Controllers\BookingController.php on line 87.
 1 APPPATH\Controllers\BookingController.php(87): CodeIgniter\Debug\Exceptions->errorHandler(2, 'foreach() argument must be of type array|object, string given', 'C:\\xampp\\htdocs\\bus_pass_management\\app\\Controllers\\BookingController.php', 87)
 2 SYSTEMPATH\CodeIgniter.php(941): App\Controllers\BookingController->printBooking('5')
 3 SYSTEMPATH\CodeIgniter.php(502): CodeIgniter\CodeIgniter->runController(Object(App\Controllers\BookingController))
 4 SYSTEMPATH\CodeIgniter.php(361): CodeIgniter\CodeIgniter->handleRequest(null, Object(Config\Cache), false)
 5 FCPATH\index.php(79): CodeIgniter\CodeIgniter->run()
 6 SYSTEMPATH\Commands\Server\rewrite.php(47): require_once('C:\\xampp\\htdocs\\bus_pass_management\\public\\index.php')
CRITICAL - 2024-01-22 12:38:27 --> ErrorException: foreach() argument must be of type array|object, string given
in APPPATH\Controllers\BookingController.php on line 87.
 1 APPPATH\Controllers\BookingController.php(87): CodeIgniter\Debug\Exceptions->errorHandler(2, 'foreach() argument must be of type array|object, string given', 'C:\\xampp\\htdocs\\bus_pass_management\\app\\Controllers\\BookingController.php', 87)
 2 SYSTEMPATH\CodeIgniter.php(941): App\Controllers\BookingController->printBooking('5')
 3 SYSTEMPATH\CodeIgniter.php(502): CodeIgniter\CodeIgniter->runController(Object(App\Controllers\BookingController))
 4 SYSTEMPATH\CodeIgniter.php(361): CodeIgniter\CodeIgniter->handleRequest(null, Object(Config\Cache), false)
 5 FCPATH\index.php(79): CodeIgniter\CodeIgniter->run()
 6 SYSTEMPATH\Commands\Server\rewrite.php(47): require_once('C:\\xampp\\htdocs\\bus_pass_management\\public\\index.php')
CRITICAL - 2024-01-22 12:38:48 --> ErrorException: Undefined variable $demo
in APPPATH\Controllers\BookingController.php on line 87.
 1 APPPATH\Controllers\BookingController.php(87): CodeIgniter\Debug\Exceptions->errorHandler(2, 'Undefined variable $demo', 'C:\\xampp\\htdocs\\bus_pass_management\\app\\Controllers\\BookingController.php', 87)
 2 SYSTEMPATH\CodeIgniter.php(941): App\Controllers\BookingController->printBooking('5')
 3 SYSTEMPATH\CodeIgniter.php(502): CodeIgniter\CodeIgniter->runController(Object(App\Controllers\BookingController))
 4 SYSTEMPATH\CodeIgniter.php(361): CodeIgniter\CodeIgniter->handleRequest(null, Object(Config\Cache), false)
 5 FCPATH\index.php(79): CodeIgniter\CodeIgniter->run()
 6 SYSTEMPATH\Commands\Server\rewrite.php(47): require_once('C:\\xampp\\htdocs\\bus_pass_management\\public\\index.php')
CRITICAL - 2024-01-22 12:39:02 --> ErrorException: Array to string conversion
in APPPATH\Controllers\BookingController.php on line 87.
 1 APPPATH\Controllers\BookingController.php(87): CodeIgniter\Debug\Exceptions->errorHandler(2, 'Array to string conversion', 'C:\\xampp\\htdocs\\bus_pass_management\\app\\Controllers\\BookingController.php', 87)
 2 SYSTEMPATH\CodeIgniter.php(941): App\Controllers\BookingController->printBooking('5')
 3 SYSTEMPATH\CodeIgniter.php(502): CodeIgniter\CodeIgniter->runController(Object(App\Controllers\BookingController))
 4 SYSTEMPATH\CodeIgniter.php(361): CodeIgniter\CodeIgniter->handleRequest(null, Object(Config\Cache), false)
 5 FCPATH\index.php(79): CodeIgniter\CodeIgniter->run()
 6 SYSTEMPATH\Commands\Server\rewrite.php(47): require_once('C:\\xampp\\htdocs\\bus_pass_management\\public\\index.php')
CRITICAL - 2024-01-22 12:40:47 --> ErrorException: foreach() argument must be of type array|object, string given
in APPPATH\Controllers\BookingController.php on line 87.
 1 APPPATH\Controllers\BookingController.php(87): CodeIgniter\Debug\Exceptions->errorHandler(2, 'foreach() argument must be of type array|object, string given', 'C:\\xampp\\htdocs\\bus_pass_management\\app\\Controllers\\BookingController.php', 87)
 2 SYSTEMPATH\CodeIgniter.php(941): App\Controllers\BookingController->printBooking('5')
 3 SYSTEMPATH\CodeIgniter.php(502): CodeIgniter\CodeIgniter->runController(Object(App\Controllers\BookingController))
 4 SYSTEMPATH\CodeIgniter.php(361): CodeIgniter\CodeIgniter->handleRequest(null, Object(Config\Cache), false)
 5 FCPATH\index.php(79): CodeIgniter\CodeIgniter->run()
 6 SYSTEMPATH\Commands\Server\rewrite.php(47): require_once('C:\\xampp\\htdocs\\bus_pass_management\\public\\index.php')
CRITICAL - 2024-01-22 12:41:37 --> ErrorException: Array to string conversion
in APPPATH\Controllers\BookingController.php on line 90.
 1 APPPATH\Controllers\BookingController.php(90): CodeIgniter\Debug\Exceptions->errorHandler(2, 'Array to string conversion', 'C:\\xampp\\htdocs\\bus_pass_management\\app\\Controllers\\BookingController.php', 90)
 2 SYSTEMPATH\CodeIgniter.php(941): App\Controllers\BookingController->printBooking('5')
 3 SYSTEMPATH\CodeIgniter.php(502): CodeIgniter\CodeIgniter->runController(Object(App\Controllers\BookingController))
 4 SYSTEMPATH\CodeIgniter.php(361): CodeIgniter\CodeIgniter->handleRequest(null, Object(Config\Cache), false)
 5 FCPATH\index.php(79): CodeIgniter\CodeIgniter->run()
 6 SYSTEMPATH\Commands\Server\rewrite.php(47): require_once('C:\\xampp\\htdocs\\bus_pass_management\\public\\index.php')
CRITICAL - 2024-01-22 12:41:48 --> ErrorException: Array to string conversion
in APPPATH\Controllers\BookingController.php on line 90.
 1 APPPATH\Controllers\BookingController.php(90): CodeIgniter\Debug\Exceptions->errorHandler(2, 'Array to string conversion', 'C:\\xampp\\htdocs\\bus_pass_management\\app\\Controllers\\BookingController.php', 90)
 2 SYSTEMPATH\CodeIgniter.php(941): App\Controllers\BookingController->printBooking('5')
 3 SYSTEMPATH\CodeIgniter.php(502): CodeIgniter\CodeIgniter->runController(Object(App\Controllers\BookingController))
 4 SYSTEMPATH\CodeIgniter.php(361): CodeIgniter\CodeIgniter->handleRequest(null, Object(Config\Cache), false)
 5 FCPATH\index.php(79): CodeIgniter\CodeIgniter->run()
 6 SYSTEMPATH\Commands\Server\rewrite.php(47): require_once('C:\\xampp\\htdocs\\bus_pass_management\\public\\index.php')
CRITICAL - 2024-01-22 12:41:50 --> ErrorException: Array to string conversion
in APPPATH\Controllers\BookingController.php on line 90.
 1 APPPATH\Controllers\BookingController.php(90): CodeIgniter\Debug\Exceptions->errorHandler(2, 'Array to string conversion', 'C:\\xampp\\htdocs\\bus_pass_management\\app\\Controllers\\BookingController.php', 90)
 2 SYSTEMPATH\CodeIgniter.php(941): App\Controllers\BookingController->printBooking('5')
 3 SYSTEMPATH\CodeIgniter.php(502): CodeIgniter\CodeIgniter->runController(Object(App\Controllers\BookingController))
 4 SYSTEMPATH\CodeIgniter.php(361): CodeIgniter\CodeIgniter->handleRequest(null, Object(Config\Cache), false)
 5 FCPATH\index.php(79): CodeIgniter\CodeIgniter->run()
 6 SYSTEMPATH\Commands\Server\rewrite.php(47): require_once('C:\\xampp\\htdocs\\bus_pass_management\\public\\index.php')
CRITICAL - 2024-01-22 12:48:24 --> TypeError: Cannot access offset of type string on string
in APPPATH\views\getbooking.php on line 131.
 1 SYSTEMPATH\View\View.php(228): include()
 2 SYSTEMPATH\View\View.php(231): CodeIgniter\View\View->CodeIgniter\View\{closure}()
 3 SYSTEMPATH\Common.php(1178): CodeIgniter\View\View->render('getbooking', [], true)
 4 APPPATH\Controllers\BookingController.php(104): view('getbooking', [...])
 5 SYSTEMPATH\CodeIgniter.php(941): App\Controllers\BookingController->printBooking('8')
 6 SYSTEMPATH\CodeIgniter.php(502): CodeIgniter\CodeIgniter->runController(Object(App\Controllers\BookingController))
 7 SYSTEMPATH\CodeIgniter.php(361): CodeIgniter\CodeIgniter->handleRequest(null, Object(Config\Cache), false)
 8 FCPATH\index.php(79): CodeIgniter\CodeIgniter->run()
 9 SYSTEMPATH\Commands\Server\rewrite.php(47): require_once('C:\\xampp\\htdocs\\bus_pass_management\\public\\index.php')
CRITICAL - 2024-01-22 12:49:07 --> TypeError: Cannot access offset of type string on string
in APPPATH\views\getbooking.php on line 131.
 1 SYSTEMPATH\View\View.php(228): include()
 2 SYSTEMPATH\View\View.php(231): CodeIgniter\View\View->CodeIgniter\View\{closure}()
 3 SYSTEMPATH\Common.php(1178): CodeIgniter\View\View->render('getbooking', [], true)
 4 APPPATH\Controllers\BookingController.php(104): view('getbooking', [...])
 5 SYSTEMPATH\CodeIgniter.php(941): App\Controllers\BookingController->printBooking('8')
 6 SYSTEMPATH\CodeIgniter.php(502): CodeIgniter\CodeIgniter->runController(Object(App\Controllers\BookingController))
 7 SYSTEMPATH\CodeIgniter.php(361): CodeIgniter\CodeIgniter->handleRequest(null, Object(Config\Cache), false)
 8 FCPATH\index.php(79): CodeIgniter\CodeIgniter->run()
 9 SYSTEMPATH\Commands\Server\rewrite.php(47): require_once('C:\\xampp\\htdocs\\bus_pass_management\\public\\index.php')
CRITICAL - 2024-01-22 12:49:15 --> TypeError: Cannot access offset of type string on string
in APPPATH\views\getbooking.php on line 131.
 1 SYSTEMPATH\View\View.php(228): include()
 2 SYSTEMPATH\View\View.php(231): CodeIgniter\View\View->CodeIgniter\View\{closure}()
 3 SYSTEMPATH\Common.php(1178): CodeIgniter\View\View->render('getbooking', [], true)
 4 APPPATH\Controllers\BookingController.php(104): view('getbooking', [...])
 5 SYSTEMPATH\CodeIgniter.php(941): App\Controllers\BookingController->printBooking('10')
 6 SYSTEMPATH\CodeIgniter.php(502): CodeIgniter\CodeIgniter->runController(Object(App\Controllers\BookingController))
 7 SYSTEMPATH\CodeIgniter.php(361): CodeIgniter\CodeIgniter->handleRequest(null, Object(Config\Cache), false)
 8 FCPATH\index.php(79): CodeIgniter\CodeIgniter->run()
 9 SYSTEMPATH\Commands\Server\rewrite.php(47): require_once('C:\\xampp\\htdocs\\bus_pass_management\\public\\index.php')
CRITICAL - 2024-01-22 12:49:38 --> TypeError: Cannot access offset of type string on string
in APPPATH\views\getbooking.php on line 131.
 1 SYSTEMPATH\View\View.php(228): include()
 2 SYSTEMPATH\View\View.php(231): CodeIgniter\View\View->CodeIgniter\View\{closure}()
 3 SYSTEMPATH\Common.php(1178): CodeIgniter\View\View->render('getbooking', [], true)
 4 APPPATH\Controllers\BookingController.php(102): view('getbooking', [...])
 5 SYSTEMPATH\CodeIgniter.php(941): App\Controllers\BookingController->printBooking('10')
 6 SYSTEMPATH\CodeIgniter.php(502): CodeIgniter\CodeIgniter->runController(Object(App\Controllers\BookingController))
 7 SYSTEMPATH\CodeIgniter.php(361): CodeIgniter\CodeIgniter->handleRequest(null, Object(Config\Cache), false)
 8 FCPATH\index.php(79): CodeIgniter\CodeIgniter->run()
 9 SYSTEMPATH\Commands\Server\rewrite.php(47): require_once('C:\\xampp\\htdocs\\bus_pass_management\\public\\index.php')
CRITICAL - 2024-01-22 12:52:30 --> ErrorException: Undefined variable $detail
in APPPATH\Controllers\BookingController.php on line 100.
 1 APPPATH\Controllers\BookingController.php(100): CodeIgniter\Debug\Exceptions->errorHandler(2, 'Undefined variable $detail', 'C:\\xampp\\htdocs\\bus_pass_management\\app\\Controllers\\BookingController.php', 100)
 2 SYSTEMPATH\CodeIgniter.php(941): App\Controllers\BookingController->printBooking('5')
 3 SYSTEMPATH\CodeIgniter.php(502): CodeIgniter\CodeIgniter->runController(Object(App\Controllers\BookingController))
 4 SYSTEMPATH\CodeIgniter.php(361): CodeIgniter\CodeIgniter->handleRequest(null, Object(Config\Cache), false)
 5 FCPATH\index.php(79): CodeIgniter\CodeIgniter->run()
 6 SYSTEMPATH\Commands\Server\rewrite.php(47): require_once('C:\\xampp\\htdocs\\bus_pass_management\\public\\index.php')
CRITICAL - 2024-01-22 12:52:50 --> ErrorException: foreach() argument must be of type array|object, string given
in APPPATH\Controllers\BookingController.php on line 101.
 1 APPPATH\Controllers\BookingController.php(101): CodeIgniter\Debug\Exceptions->errorHandler(2, 'foreach() argument must be of type array|object, string given', 'C:\\xampp\\htdocs\\bus_pass_management\\app\\Controllers\\BookingController.php', 101)
 2 SYSTEMPATH\CodeIgniter.php(941): App\Controllers\BookingController->printBooking('5')
 3 SYSTEMPATH\CodeIgniter.php(502): CodeIgniter\CodeIgniter->runController(Object(App\Controllers\BookingController))
 4 SYSTEMPATH\CodeIgniter.php(361): CodeIgniter\CodeIgniter->handleRequest(null, Object(Config\Cache), false)
 5 FCPATH\index.php(79): CodeIgniter\CodeIgniter->run()
 6 SYSTEMPATH\Commands\Server\rewrite.php(47): require_once('C:\\xampp\\htdocs\\bus_pass_management\\public\\index.php')
CRITICAL - 2024-01-22 12:53:10 --> ErrorException: Undefined variable $detail
in APPPATH\Controllers\BookingController.php on line 100.
 1 APPPATH\Controllers\BookingController.php(100): CodeIgniter\Debug\Exceptions->errorHandler(2, 'Undefined variable $detail', 'C:\\xampp\\htdocs\\bus_pass_management\\app\\Controllers\\BookingController.php', 100)
 2 SYSTEMPATH\CodeIgniter.php(941): App\Controllers\BookingController->printBooking('5')
 3 SYSTEMPATH\CodeIgniter.php(502): CodeIgniter\CodeIgniter->runController(Object(App\Controllers\BookingController))
 4 SYSTEMPATH\CodeIgniter.php(361): CodeIgniter\CodeIgniter->handleRequest(null, Object(Config\Cache), false)
 5 FCPATH\index.php(79): CodeIgniter\CodeIgniter->run()
 6 SYSTEMPATH\Commands\Server\rewrite.php(47): require_once('C:\\xampp\\htdocs\\bus_pass_management\\public\\index.php')
CRITICAL - 2024-01-22 12:53:12 --> ErrorException: Undefined variable $detail
in APPPATH\Controllers\BookingController.php on line 100.
 1 APPPATH\Controllers\BookingController.php(100): CodeIgniter\Debug\Exceptions->errorHandler(2, 'Undefined variable $detail', 'C:\\xampp\\htdocs\\bus_pass_management\\app\\Controllers\\BookingController.php', 100)
 2 SYSTEMPATH\CodeIgniter.php(941): App\Controllers\BookingController->printBooking('5')
 3 SYSTEMPATH\CodeIgniter.php(502): CodeIgniter\CodeIgniter->runController(Object(App\Controllers\BookingController))
 4 SYSTEMPATH\CodeIgniter.php(361): CodeIgniter\CodeIgniter->handleRequest(null, Object(Config\Cache), false)
 5 FCPATH\index.php(79): CodeIgniter\CodeIgniter->run()
 6 SYSTEMPATH\Commands\Server\rewrite.php(47): require_once('C:\\xampp\\htdocs\\bus_pass_management\\public\\index.php')
CRITICAL - 2024-01-22 12:53:12 --> ErrorException: Undefined variable $detail
in APPPATH\Controllers\BookingController.php on line 100.
 1 APPPATH\Controllers\BookingController.php(100): CodeIgniter\Debug\Exceptions->errorHandler(2, 'Undefined variable $detail', 'C:\\xampp\\htdocs\\bus_pass_management\\app\\Controllers\\BookingController.php', 100)
 2 SYSTEMPATH\CodeIgniter.php(941): App\Controllers\BookingController->printBooking('5')
 3 SYSTEMPATH\CodeIgniter.php(502): CodeIgniter\CodeIgniter->runController(Object(App\Controllers\BookingController))
 4 SYSTEMPATH\CodeIgniter.php(361): CodeIgniter\CodeIgniter->handleRequest(null, Object(Config\Cache), false)
 5 FCPATH\index.php(79): CodeIgniter\CodeIgniter->run()
 6 SYSTEMPATH\Commands\Server\rewrite.php(47): require_once('C:\\xampp\\htdocs\\bus_pass_management\\public\\index.php')
CRITICAL - 2024-01-22 12:53:12 --> ErrorException: Undefined variable $detail
in APPPATH\Controllers\BookingController.php on line 100.
 1 APPPATH\Controllers\BookingController.php(100): CodeIgniter\Debug\Exceptions->errorHandler(2, 'Undefined variable $detail', 'C:\\xampp\\htdocs\\bus_pass_management\\app\\Controllers\\BookingController.php', 100)
 2 SYSTEMPATH\CodeIgniter.php(941): App\Controllers\BookingController->printBooking('5')
 3 SYSTEMPATH\CodeIgniter.php(502): CodeIgniter\CodeIgniter->runController(Object(App\Controllers\BookingController))
 4 SYSTEMPATH\CodeIgniter.php(361): CodeIgniter\CodeIgniter->handleRequest(null, Object(Config\Cache), false)
 5 FCPATH\index.php(79): CodeIgniter\CodeIgniter->run()
 6 SYSTEMPATH\Commands\Server\rewrite.php(47): require_once('C:\\xampp\\htdocs\\bus_pass_management\\public\\index.php')
CRITICAL - 2024-01-22 12:53:13 --> ErrorException: Undefined variable $detail
in APPPATH\Controllers\BookingController.php on line 100.
 1 APPPATH\Controllers\BookingController.php(100): CodeIgniter\Debug\Exceptions->errorHandler(2, 'Undefined variable $detail', 'C:\\xampp\\htdocs\\bus_pass_management\\app\\Controllers\\BookingController.php', 100)
 2 SYSTEMPATH\CodeIgniter.php(941): App\Controllers\BookingController->printBooking('5')
 3 SYSTEMPATH\CodeIgniter.php(502): CodeIgniter\CodeIgniter->runController(Object(App\Controllers\BookingController))
 4 SYSTEMPATH\CodeIgniter.php(361): CodeIgniter\CodeIgniter->handleRequest(null, Object(Config\Cache), false)
 5 FCPATH\index.php(79): CodeIgniter\CodeIgniter->run()
 6 SYSTEMPATH\Commands\Server\rewrite.php(47): require_once('C:\\xampp\\htdocs\\bus_pass_management\\public\\index.php')
CRITICAL - 2024-01-22 12:53:13 --> ErrorException: Undefined variable $detail
in APPPATH\Controllers\BookingController.php on line 100.
 1 APPPATH\Controllers\BookingController.php(100): CodeIgniter\Debug\Exceptions->errorHandler(2, 'Undefined variable $detail', 'C:\\xampp\\htdocs\\bus_pass_management\\app\\Controllers\\BookingController.php', 100)
 2 SYSTEMPATH\CodeIgniter.php(941): App\Controllers\BookingController->printBooking('5')
 3 SYSTEMPATH\CodeIgniter.php(502): CodeIgniter\CodeIgniter->runController(Object(App\Controllers\BookingController))
 4 SYSTEMPATH\CodeIgniter.php(361): CodeIgniter\CodeIgniter->handleRequest(null, Object(Config\Cache), false)
 5 FCPATH\index.php(79): CodeIgniter\CodeIgniter->run()
 6 SYSTEMPATH\Commands\Server\rewrite.php(47): require_once('C:\\xampp\\htdocs\\bus_pass_management\\public\\index.php')
CRITICAL - 2024-01-22 12:53:13 --> ErrorException: Undefined variable $detail
in APPPATH\Controllers\BookingController.php on line 100.
 1 APPPATH\Controllers\BookingController.php(100): CodeIgniter\Debug\Exceptions->errorHandler(2, 'Undefined variable $detail', 'C:\\xampp\\htdocs\\bus_pass_management\\app\\Controllers\\BookingController.php', 100)
 2 SYSTEMPATH\CodeIgniter.php(941): App\Controllers\BookingController->printBooking('5')
 3 SYSTEMPATH\CodeIgniter.php(502): CodeIgniter\CodeIgniter->runController(Object(App\Controllers\BookingController))
 4 SYSTEMPATH\CodeIgniter.php(361): CodeIgniter\CodeIgniter->handleRequest(null, Object(Config\Cache), false)
 5 FCPATH\index.php(79): CodeIgniter\CodeIgniter->run()
 6 SYSTEMPATH\Commands\Server\rewrite.php(47): require_once('C:\\xampp\\htdocs\\bus_pass_management\\public\\index.php')
CRITICAL - 2024-01-22 12:53:14 --> ErrorException: Undefined variable $detail
in APPPATH\Controllers\BookingController.php on line 100.
 1 APPPATH\Controllers\BookingController.php(100): CodeIgniter\Debug\Exceptions->errorHandler(2, 'Undefined variable $detail', 'C:\\xampp\\htdocs\\bus_pass_management\\app\\Controllers\\BookingController.php', 100)
 2 SYSTEMPATH\CodeIgniter.php(941): App\Controllers\BookingController->printBooking('5')
 3 SYSTEMPATH\CodeIgniter.php(502): CodeIgniter\CodeIgniter->runController(Object(App\Controllers\BookingController))
 4 SYSTEMPATH\CodeIgniter.php(361): CodeIgniter\CodeIgniter->handleRequest(null, Object(Config\Cache), false)
 5 FCPATH\index.php(79): CodeIgniter\CodeIgniter->run()
 6 SYSTEMPATH\Commands\Server\rewrite.php(47): require_once('C:\\xampp\\htdocs\\bus_pass_management\\public\\index.php')
CRITICAL - 2024-01-22 12:53:14 --> ErrorException: Undefined variable $detail
in APPPATH\Controllers\BookingController.php on line 100.
 1 APPPATH\Controllers\BookingController.php(100): CodeIgniter\Debug\Exceptions->errorHandler(2, 'Undefined variable $detail', 'C:\\xampp\\htdocs\\bus_pass_management\\app\\Controllers\\BookingController.php', 100)
 2 SYSTEMPATH\CodeIgniter.php(941): App\Controllers\BookingController->printBooking('5')
 3 SYSTEMPATH\CodeIgniter.php(502): CodeIgniter\CodeIgniter->runController(Object(App\Controllers\BookingController))
 4 SYSTEMPATH\CodeIgniter.php(361): CodeIgniter\CodeIgniter->handleRequest(null, Object(Config\Cache), false)
 5 FCPATH\index.php(79): CodeIgniter\CodeIgniter->run()
 6 SYSTEMPATH\Commands\Server\rewrite.php(47): require_once('C:\\xampp\\htdocs\\bus_pass_management\\public\\index.php')
CRITICAL - 2024-01-22 12:54:18 --> Error: Undefined constant "App\Controllers\demo"
in APPPATH\Controllers\BookingController.php on line 110.
 1 SYSTEMPATH\CodeIgniter.php(941): App\Controllers\BookingController->printBooking('5')
 2 SYSTEMPATH\CodeIgniter.php(502): CodeIgniter\CodeIgniter->runController(Object(App\Controllers\BookingController))
 3 SYSTEMPATH\CodeIgniter.php(361): CodeIgniter\CodeIgniter->handleRequest(null, Object(Config\Cache), false)
 4 FCPATH\index.php(79): CodeIgniter\CodeIgniter->run()
 5 SYSTEMPATH\Commands\Server\rewrite.php(47): require_once('C:\\xampp\\htdocs\\bus_pass_management\\public\\index.php')
CRITICAL - 2024-01-22 14:44:23 --> ErrorException: Undefined array key "first_name"
in APPPATH\views\getPass.php on line 132.
 1 APPPATH\views\getPass.php(132): CodeIgniter\Debug\Exceptions->errorHandler(2, 'Undefined array key "first_name"', 'C:\\xampp\\htdocs\\bus_pass_management\\app\\views\\getPass.php', 132)
 2 SYSTEMPATH\View\View.php(228): include('C:\\xampp\\htdocs\\bus_pass_management\\app\\views\\getPass.php')
 3 SYSTEMPATH\View\View.php(231): CodeIgniter\View\View->CodeIgniter\View\{closure}()
 4 SYSTEMPATH\Common.php(1178): CodeIgniter\View\View->render('getPass', [], true)
 5 APPPATH\Controllers\PassController.php(44): view('getPass', [...])
 6 SYSTEMPATH\CodeIgniter.php(941): App\Controllers\PassController->getPass()
 7 SYSTEMPATH\CodeIgniter.php(502): CodeIgniter\CodeIgniter->runController(Object(App\Controllers\PassController))
 8 SYSTEMPATH\CodeIgniter.php(361): CodeIgniter\CodeIgniter->handleRequest(null, Object(Config\Cache), false)
 9 FCPATH\index.php(79): CodeIgniter\CodeIgniter->run()
10 SYSTEMPATH\Commands\Server\rewrite.php(47): require_once('C:\\xampp\\htdocs\\bus_pass_management\\public\\index.php')
CRITICAL - 2024-01-22 14:46:36 --> ErrorException: Undefined array key "first_name"
in APPPATH\views\getPass.php on line 132.
 1 APPPATH\views\getPass.php(132): CodeIgniter\Debug\Exceptions->errorHandler(2, 'Undefined array key "first_name"', 'C:\\xampp\\htdocs\\bus_pass_management\\app\\views\\getPass.php', 132)
 2 SYSTEMPATH\View\View.php(228): include('C:\\xampp\\htdocs\\bus_pass_management\\app\\views\\getPass.php')
 3 SYSTEMPATH\View\View.php(231): CodeIgniter\View\View->CodeIgniter\View\{closure}()
 4 SYSTEMPATH\Common.php(1178): CodeIgniter\View\View->render('getPass', [], true)
 5 APPPATH\Controllers\PassController.php(44): view('getPass', [...])
 6 SYSTEMPATH\CodeIgniter.php(941): App\Controllers\PassController->getPass()
 7 SYSTEMPATH\CodeIgniter.php(502): CodeIgniter\CodeIgniter->runController(Object(App\Controllers\PassController))
 8 SYSTEMPATH\CodeIgniter.php(361): CodeIgniter\CodeIgniter->handleRequest(null, Object(Config\Cache), false)
 9 FCPATH\index.php(79): CodeIgniter\CodeIgniter->run()
10 SYSTEMPATH\Commands\Server\rewrite.php(47): require_once('C:\\xampp\\htdocs\\bus_pass_management\\public\\index.php')
CRITICAL - 2024-01-22 14:46:38 --> ErrorException: Undefined array key "first_name"
in APPPATH\views\getPass.php on line 132.
 1 APPPATH\views\getPass.php(132): CodeIgniter\Debug\Exceptions->errorHandler(2, 'Undefined array key "first_name"', 'C:\\xampp\\htdocs\\bus_pass_management\\app\\views\\getPass.php', 132)
 2 SYSTEMPATH\View\View.php(228): include('C:\\xampp\\htdocs\\bus_pass_management\\app\\views\\getPass.php')
 3 SYSTEMPATH\View\View.php(231): CodeIgniter\View\View->CodeIgniter\View\{closure}()
 4 SYSTEMPATH\Common.php(1178): CodeIgniter\View\View->render('getPass', [], true)
 5 APPPATH\Controllers\PassController.php(44): view('getPass', [...])
 6 SYSTEMPATH\CodeIgniter.php(941): App\Controllers\PassController->getPass()
 7 SYSTEMPATH\CodeIgniter.php(502): CodeIgniter\CodeIgniter->runController(Object(App\Controllers\PassController))
 8 SYSTEMPATH\CodeIgniter.php(361): CodeIgniter\CodeIgniter->handleRequest(null, Object(Config\Cache), false)
 9 FCPATH\index.php(79): CodeIgniter\CodeIgniter->run()
10 SYSTEMPATH\Commands\Server\rewrite.php(47): require_once('C:\\xampp\\htdocs\\bus_pass_management\\public\\index.php')
CRITICAL - 2024-01-22 15:46:56 --> ErrorException: Undefined array key "transactionID"
in APPPATH\views\getPass.php on line 182.
 1 APPPATH\views\getPass.php(182): CodeIgniter\Debug\Exceptions->errorHandler(2, 'Undefined array key "transactionID"', 'C:\\xampp\\htdocs\\bus_pass_management\\app\\views\\getPass.php', 182)
 2 SYSTEMPATH\View\View.php(228): include('C:\\xampp\\htdocs\\bus_pass_management\\app\\views\\getPass.php')
 3 SYSTEMPATH\View\View.php(231): CodeIgniter\View\View->CodeIgniter\View\{closure}()
 4 SYSTEMPATH\Common.php(1178): CodeIgniter\View\View->render('getPass', [], true)
 5 APPPATH\Controllers\PassController.php(51): view('getPass', [...])
 6 SYSTEMPATH\CodeIgniter.php(941): App\Controllers\PassController->getPass()
 7 SYSTEMPATH\CodeIgniter.php(502): CodeIgniter\CodeIgniter->runController(Object(App\Controllers\PassController))
 8 SYSTEMPATH\CodeIgniter.php(361): CodeIgniter\CodeIgniter->handleRequest(null, Object(Config\Cache), false)
 9 FCPATH\index.php(79): CodeIgniter\CodeIgniter->run()
10 SYSTEMPATH\Commands\Server\rewrite.php(47): require_once('C:\\xampp\\htdocs\\bus_pass_management\\public\\index.php')
CRITICAL - 2024-01-22 15:47:38 --> ErrorException: Undefined array key "transactionID"
in APPPATH\views\getPass.php on line 182.
 1 APPPATH\views\getPass.php(182): CodeIgniter\Debug\Exceptions->errorHandler(2, 'Undefined array key "transactionID"', 'C:\\xampp\\htdocs\\bus_pass_management\\app\\views\\getPass.php', 182)
 2 SYSTEMPATH\View\View.php(228): include('C:\\xampp\\htdocs\\bus_pass_management\\app\\views\\getPass.php')
 3 SYSTEMPATH\View\View.php(231): CodeIgniter\View\View->CodeIgniter\View\{closure}()
 4 SYSTEMPATH\Common.php(1178): CodeIgniter\View\View->render('getPass', [], true)
 5 APPPATH\Controllers\PassController.php(51): view('getPass', [...])
 6 SYSTEMPATH\CodeIgniter.php(941): App\Controllers\PassController->getPass()
 7 SYSTEMPATH\CodeIgniter.php(502): CodeIgniter\CodeIgniter->runController(Object(App\Controllers\PassController))
 8 SYSTEMPATH\CodeIgniter.php(361): CodeIgniter\CodeIgniter->handleRequest(null, Object(Config\Cache), false)
 9 FCPATH\index.php(79): CodeIgniter\CodeIgniter->run()
10 SYSTEMPATH\Commands\Server\rewrite.php(47): require_once('C:\\xampp\\htdocs\\bus_pass_management\\public\\index.php')
CRITICAL - 2024-01-22 15:48:38 --> ErrorException: Undefined array key "transactionID"
in APPPATH\views\getPass.php on line 182.
 1 APPPATH\views\getPass.php(182): CodeIgniter\Debug\Exceptions->errorHandler(2, 'Undefined array key "transactionID"', 'C:\\xampp\\htdocs\\bus_pass_management\\app\\views\\getPass.php', 182)
 2 SYSTEMPATH\View\View.php(228): include('C:\\xampp\\htdocs\\bus_pass_management\\app\\views\\getPass.php')
 3 SYSTEMPATH\View\View.php(231): CodeIgniter\View\View->CodeIgniter\View\{closure}()
 4 SYSTEMPATH\Common.php(1178): CodeIgniter\View\View->render('getPass', [], true)
 5 APPPATH\Controllers\PassController.php(51): view('getPass', [...])
 6 SYSTEMPATH\CodeIgniter.php(941): App\Controllers\PassController->getPass()
 7 SYSTEMPATH\CodeIgniter.php(502): CodeIgniter\CodeIgniter->runController(Object(App\Controllers\PassController))
 8 SYSTEMPATH\CodeIgniter.php(361): CodeIgniter\CodeIgniter->handleRequest(null, Object(Config\Cache), false)
 9 FCPATH\index.php(79): CodeIgniter\CodeIgniter->run()
10 SYSTEMPATH\Commands\Server\rewrite.php(47): require_once('C:\\xampp\\htdocs\\bus_pass_management\\public\\index.php')
CRITICAL - 2024-01-22 15:48:40 --> ErrorException: Undefined array key "transactionID"
in APPPATH\views\getPass.php on line 182.
 1 APPPATH\views\getPass.php(182): CodeIgniter\Debug\Exceptions->errorHandler(2, 'Undefined array key "transactionID"', 'C:\\xampp\\htdocs\\bus_pass_management\\app\\views\\getPass.php', 182)
 2 SYSTEMPATH\View\View.php(228): include('C:\\xampp\\htdocs\\bus_pass_management\\app\\views\\getPass.php')
 3 SYSTEMPATH\View\View.php(231): CodeIgniter\View\View->CodeIgniter\View\{closure}()
 4 SYSTEMPATH\Common.php(1178): CodeIgniter\View\View->render('getPass', [], true)
 5 APPPATH\Controllers\PassController.php(51): view('getPass', [...])
 6 SYSTEMPATH\CodeIgniter.php(941): App\Controllers\PassController->getPass()
 7 SYSTEMPATH\CodeIgniter.php(502): CodeIgniter\CodeIgniter->runController(Object(App\Controllers\PassController))
 8 SYSTEMPATH\CodeIgniter.php(361): CodeIgniter\CodeIgniter->handleRequest(null, Object(Config\Cache), false)
 9 FCPATH\index.php(79): CodeIgniter\CodeIgniter->run()
10 SYSTEMPATH\Commands\Server\rewrite.php(47): require_once('C:\\xampp\\htdocs\\bus_pass_management\\public\\index.php')
CRITICAL - 2024-01-22 15:48:42 --> ErrorException: Undefined array key "transactionID"
in APPPATH\views\getPass.php on line 182.
 1 APPPATH\views\getPass.php(182): CodeIgniter\Debug\Exceptions->errorHandler(2, 'Undefined array key "transactionID"', 'C:\\xampp\\htdocs\\bus_pass_management\\app\\views\\getPass.php', 182)
 2 SYSTEMPATH\View\View.php(228): include('C:\\xampp\\htdocs\\bus_pass_management\\app\\views\\getPass.php')
 3 SYSTEMPATH\View\View.php(231): CodeIgniter\View\View->CodeIgniter\View\{closure}()
 4 SYSTEMPATH\Common.php(1178): CodeIgniter\View\View->render('getPass', [], true)
 5 APPPATH\Controllers\PassController.php(51): view('getPass', [...])
 6 SYSTEMPATH\CodeIgniter.php(941): App\Controllers\PassController->getPass()
 7 SYSTEMPATH\CodeIgniter.php(502): CodeIgniter\CodeIgniter->runController(Object(App\Controllers\PassController))
 8 SYSTEMPATH\CodeIgniter.php(361): CodeIgniter\CodeIgniter->handleRequest(null, Object(Config\Cache), false)
 9 FCPATH\index.php(79): CodeIgniter\CodeIgniter->run()
10 SYSTEMPATH\Commands\Server\rewrite.php(47): require_once('C:\\xampp\\htdocs\\bus_pass_management\\public\\index.php')
CRITICAL - 2024-01-22 15:49:02 --> ErrorException: Undefined array key "transactionID"
in APPPATH\views\getPass.php on line 182.
 1 APPPATH\views\getPass.php(182): CodeIgniter\Debug\Exceptions->errorHandler(2, 'Undefined array key "transactionID"', 'C:\\xampp\\htdocs\\bus_pass_management\\app\\views\\getPass.php', 182)
 2 SYSTEMPATH\View\View.php(228): include('C:\\xampp\\htdocs\\bus_pass_management\\app\\views\\getPass.php')
 3 SYSTEMPATH\View\View.php(231): CodeIgniter\View\View->CodeIgniter\View\{closure}()
 4 SYSTEMPATH\Common.php(1178): CodeIgniter\View\View->render('getPass', [], true)
 5 APPPATH\Controllers\PassController.php(51): view('getPass', [...])
 6 SYSTEMPATH\CodeIgniter.php(941): App\Controllers\PassController->getPass()
 7 SYSTEMPATH\CodeIgniter.php(502): CodeIgniter\CodeIgniter->runController(Object(App\Controllers\PassController))
 8 SYSTEMPATH\CodeIgniter.php(361): CodeIgniter\CodeIgniter->handleRequest(null, Object(Config\Cache), false)
 9 FCPATH\index.php(79): CodeIgniter\CodeIgniter->run()
10 SYSTEMPATH\Commands\Server\rewrite.php(47): require_once('C:\\xampp\\htdocs\\bus_pass_management\\public\\index.php')
CRITICAL - 2024-01-22 15:49:03 --> ErrorException: Undefined array key "transactionID"
in APPPATH\views\getPass.php on line 182.
 1 APPPATH\views\getPass.php(182): CodeIgniter\Debug\Exceptions->errorHandler(2, 'Undefined array key "transactionID"', 'C:\\xampp\\htdocs\\bus_pass_management\\app\\views\\getPass.php', 182)
 2 SYSTEMPATH\View\View.php(228): include('C:\\xampp\\htdocs\\bus_pass_management\\app\\views\\getPass.php')
 3 SYSTEMPATH\View\View.php(231): CodeIgniter\View\View->CodeIgniter\View\{closure}()
 4 SYSTEMPATH\Common.php(1178): CodeIgniter\View\View->render('getPass', [], true)
 5 APPPATH\Controllers\PassController.php(51): view('getPass', [...])
 6 SYSTEMPATH\CodeIgniter.php(941): App\Controllers\PassController->getPass()
 7 SYSTEMPATH\CodeIgniter.php(502): CodeIgniter\CodeIgniter->runController(Object(App\Controllers\PassController))
 8 SYSTEMPATH\CodeIgniter.php(361): CodeIgniter\CodeIgniter->handleRequest(null, Object(Config\Cache), false)
 9 FCPATH\index.php(79): CodeIgniter\CodeIgniter->run()
10 SYSTEMPATH\Commands\Server\rewrite.php(47): require_once('C:\\xampp\\htdocs\\bus_pass_management\\public\\index.php')
CRITICAL - 2024-01-22 16:00:57 --> ErrorException: Undefined array key "transactionid"
in APPPATH\views\getPass.php on line 177.
 1 APPPATH\views\getPass.php(177): CodeIgniter\Debug\Exceptions->errorHandler(2, 'Undefined array key "transactionid"', 'C:\\xampp\\htdocs\\bus_pass_management\\app\\views\\getPass.php', 177)
 2 SYSTEMPATH\View\View.php(228): include('C:\\xampp\\htdocs\\bus_pass_management\\app\\views\\getPass.php')
 3 SYSTEMPATH\View\View.php(231): CodeIgniter\View\View->CodeIgniter\View\{closure}()
 4 SYSTEMPATH\Common.php(1178): CodeIgniter\View\View->render('getPass', [], true)
 5 APPPATH\Controllers\PassController.php(51): view('getPass', [...])
 6 SYSTEMPATH\CodeIgniter.php(941): App\Controllers\PassController->getPass()
 7 SYSTEMPATH\CodeIgniter.php(502): CodeIgniter\CodeIgniter->runController(Object(App\Controllers\PassController))
 8 SYSTEMPATH\CodeIgniter.php(361): CodeIgniter\CodeIgniter->handleRequest(null, Object(Config\Cache), false)
 9 FCPATH\index.php(79): CodeIgniter\CodeIgniter->run()
10 SYSTEMPATH\Commands\Server\rewrite.php(47): require_once('C:\\xampp\\htdocs\\bus_pass_management\\public\\index.php')
CRITICAL - 2024-01-22 16:03:02 --> ErrorException: Undefined variable $detail1
in APPPATH\views\getPass.php on line 171.
 1 APPPATH\views\getPass.php(171): CodeIgniter\Debug\Exceptions->errorHandler(2, 'Undefined variable $detail1', 'C:\\xampp\\htdocs\\bus_pass_management\\app\\views\\getPass.php', 171)
 2 SYSTEMPATH\View\View.php(228): include('C:\\xampp\\htdocs\\bus_pass_management\\app\\views\\getPass.php')
 3 SYSTEMPATH\View\View.php(231): CodeIgniter\View\View->CodeIgniter\View\{closure}()
 4 SYSTEMPATH\Common.php(1178): CodeIgniter\View\View->render('getPass', [], true)
 5 APPPATH\Controllers\PassController.php(51): view('getPass', [...])
 6 SYSTEMPATH\CodeIgniter.php(941): App\Controllers\PassController->getPass()
 7 SYSTEMPATH\CodeIgniter.php(502): CodeIgniter\CodeIgniter->runController(Object(App\Controllers\PassController))
 8 SYSTEMPATH\CodeIgniter.php(361): CodeIgniter\CodeIgniter->handleRequest(null, Object(Config\Cache), false)
 9 FCPATH\index.php(79): CodeIgniter\CodeIgniter->run()
10 SYSTEMPATH\Commands\Server\rewrite.php(47): require_once('C:\\xampp\\htdocs\\bus_pass_management\\public\\index.php')
CRITICAL - 2024-01-22 16:03:51 --> ErrorException: Undefined variable $detail1
in APPPATH\views\getPass.php on line 171.
 1 APPPATH\views\getPass.php(171): CodeIgniter\Debug\Exceptions->errorHandler(2, 'Undefined variable $detail1', 'C:\\xampp\\htdocs\\bus_pass_management\\app\\views\\getPass.php', 171)
 2 SYSTEMPATH\View\View.php(228): include('C:\\xampp\\htdocs\\bus_pass_management\\app\\views\\getPass.php')
 3 SYSTEMPATH\View\View.php(231): CodeIgniter\View\View->CodeIgniter\View\{closure}()
 4 SYSTEMPATH\Common.php(1178): CodeIgniter\View\View->render('getPass', [], true)
 5 APPPATH\Controllers\PassController.php(52): view('getPass', [...])
 6 SYSTEMPATH\CodeIgniter.php(941): App\Controllers\PassController->getPass()
 7 SYSTEMPATH\CodeIgniter.php(502): CodeIgniter\CodeIgniter->runController(Object(App\Controllers\PassController))
 8 SYSTEMPATH\CodeIgniter.php(361): CodeIgniter\CodeIgniter->handleRequest(null, Object(Config\Cache), false)
 9 FCPATH\index.php(79): CodeIgniter\CodeIgniter->run()
10 SYSTEMPATH\Commands\Server\rewrite.php(47): require_once('C:\\xampp\\htdocs\\bus_pass_management\\public\\index.php')
CRITICAL - 2024-01-22 16:03:52 --> ErrorException: Undefined variable $detail1
in APPPATH\views\getPass.php on line 171.
 1 APPPATH\views\getPass.php(171): CodeIgniter\Debug\Exceptions->errorHandler(2, 'Undefined variable $detail1', 'C:\\xampp\\htdocs\\bus_pass_management\\app\\views\\getPass.php', 171)
 2 SYSTEMPATH\View\View.php(228): include('C:\\xampp\\htdocs\\bus_pass_management\\app\\views\\getPass.php')
 3 SYSTEMPATH\View\View.php(231): CodeIgniter\View\View->CodeIgniter\View\{closure}()
 4 SYSTEMPATH\Common.php(1178): CodeIgniter\View\View->render('getPass', [], true)
 5 APPPATH\Controllers\PassController.php(52): view('getPass', [...])
 6 SYSTEMPATH\CodeIgniter.php(941): App\Controllers\PassController->getPass()
 7 SYSTEMPATH\CodeIgniter.php(502): CodeIgniter\CodeIgniter->runController(Object(App\Controllers\PassController))
 8 SYSTEMPATH\CodeIgniter.php(361): CodeIgniter\CodeIgniter->handleRequest(null, Object(Config\Cache), false)
 9 FCPATH\index.php(79): CodeIgniter\CodeIgniter->run()
10 SYSTEMPATH\Commands\Server\rewrite.php(47): require_once('C:\\xampp\\htdocs\\bus_pass_management\\public\\index.php')
CRITICAL - 2024-01-22 16:04:26 --> ErrorException: Undefined variable $detail1
in APPPATH\views\getPass.php on line 171.
 1 APPPATH\views\getPass.php(171): CodeIgniter\Debug\Exceptions->errorHandler(2, 'Undefined variable $detail1', 'C:\\xampp\\htdocs\\bus_pass_management\\app\\views\\getPass.php', 171)
 2 SYSTEMPATH\View\View.php(228): include('C:\\xampp\\htdocs\\bus_pass_management\\app\\views\\getPass.php')
 3 SYSTEMPATH\View\View.php(231): CodeIgniter\View\View->CodeIgniter\View\{closure}()
 4 SYSTEMPATH\Common.php(1178): CodeIgniter\View\View->render('getPass', [], true)
 5 APPPATH\Controllers\PassController.php(52): view('getPass', [...])
 6 SYSTEMPATH\CodeIgniter.php(941): App\Controllers\PassController->getPass()
 7 SYSTEMPATH\CodeIgniter.php(502): CodeIgniter\CodeIgniter->runController(Object(App\Controllers\PassController))
 8 SYSTEMPATH\CodeIgniter.php(361): CodeIgniter\CodeIgniter->handleRequest(null, Object(Config\Cache), false)
 9 FCPATH\index.php(79): CodeIgniter\CodeIgniter->run()
10 SYSTEMPATH\Commands\Server\rewrite.php(47): require_once('C:\\xampp\\htdocs\\bus_pass_management\\public\\index.php')
CRITICAL - 2024-01-22 16:04:27 --> ErrorException: Undefined variable $detail1
in APPPATH\views\getPass.php on line 171.
 1 APPPATH\views\getPass.php(171): CodeIgniter\Debug\Exceptions->errorHandler(2, 'Undefined variable $detail1', 'C:\\xampp\\htdocs\\bus_pass_management\\app\\views\\getPass.php', 171)
 2 SYSTEMPATH\View\View.php(228): include('C:\\xampp\\htdocs\\bus_pass_management\\app\\views\\getPass.php')
 3 SYSTEMPATH\View\View.php(231): CodeIgniter\View\View->CodeIgniter\View\{closure}()
 4 SYSTEMPATH\Common.php(1178): CodeIgniter\View\View->render('getPass', [], true)
 5 APPPATH\Controllers\PassController.php(52): view('getPass', [...])
 6 SYSTEMPATH\CodeIgniter.php(941): App\Controllers\PassController->getPass()
 7 SYSTEMPATH\CodeIgniter.php(502): CodeIgniter\CodeIgniter->runController(Object(App\Controllers\PassController))
 8 SYSTEMPATH\CodeIgniter.php(361): CodeIgniter\CodeIgniter->handleRequest(null, Object(Config\Cache), false)
 9 FCPATH\index.php(79): CodeIgniter\CodeIgniter->run()
10 SYSTEMPATH\Commands\Server\rewrite.php(47): require_once('C:\\xampp\\htdocs\\bus_pass_management\\public\\index.php')
CRITICAL - 2024-01-22 16:04:41 --> ErrorException: Undefined variable $detail1
in APPPATH\views\getPass.php on line 171.
 1 APPPATH\views\getPass.php(171): CodeIgniter\Debug\Exceptions->errorHandler(2, 'Undefined variable $detail1', 'C:\\xampp\\htdocs\\bus_pass_management\\app\\views\\getPass.php', 171)
 2 SYSTEMPATH\View\View.php(228): include('C:\\xampp\\htdocs\\bus_pass_management\\app\\views\\getPass.php')
 3 SYSTEMPATH\View\View.php(231): CodeIgniter\View\View->CodeIgniter\View\{closure}()
 4 SYSTEMPATH\Common.php(1178): CodeIgniter\View\View->render('getPass', [], true)
 5 APPPATH\Controllers\PassController.php(52): view('getPass', [...])
 6 SYSTEMPATH\CodeIgniter.php(941): App\Controllers\PassController->getPass()
 7 SYSTEMPATH\CodeIgniter.php(502): CodeIgniter\CodeIgniter->runController(Object(App\Controllers\PassController))
 8 SYSTEMPATH\CodeIgniter.php(361): CodeIgniter\CodeIgniter->handleRequest(null, Object(Config\Cache), false)
 9 FCPATH\index.php(79): CodeIgniter\CodeIgniter->run()
10 SYSTEMPATH\Commands\Server\rewrite.php(47): require_once('C:\\xampp\\htdocs\\bus_pass_management\\public\\index.php')
CRITICAL - 2024-01-22 16:04:42 --> ErrorException: Undefined variable $detail1
in APPPATH\views\getPass.php on line 171.
 1 APPPATH\views\getPass.php(171): CodeIgniter\Debug\Exceptions->errorHandler(2, 'Undefined variable $detail1', 'C:\\xampp\\htdocs\\bus_pass_management\\app\\views\\getPass.php', 171)
 2 SYSTEMPATH\View\View.php(228): include('C:\\xampp\\htdocs\\bus_pass_management\\app\\views\\getPass.php')
 3 SYSTEMPATH\View\View.php(231): CodeIgniter\View\View->CodeIgniter\View\{closure}()
 4 SYSTEMPATH\Common.php(1178): CodeIgniter\View\View->render('getPass', [], true)
 5 APPPATH\Controllers\PassController.php(52): view('getPass', [...])
 6 SYSTEMPATH\CodeIgniter.php(941): App\Controllers\PassController->getPass()
 7 SYSTEMPATH\CodeIgniter.php(502): CodeIgniter\CodeIgniter->runController(Object(App\Controllers\PassController))
 8 SYSTEMPATH\CodeIgniter.php(361): CodeIgniter\CodeIgniter->handleRequest(null, Object(Config\Cache), false)
 9 FCPATH\index.php(79): CodeIgniter\CodeIgniter->run()
10 SYSTEMPATH\Commands\Server\rewrite.php(47): require_once('C:\\xampp\\htdocs\\bus_pass_management\\public\\index.php')
CRITICAL - 2024-01-22 16:06:32 --> ErrorException: Undefined variable $detail1
in APPPATH\views\getPass.php on line 171.
 1 APPPATH\views\getPass.php(171): CodeIgniter\Debug\Exceptions->errorHandler(2, 'Undefined variable $detail1', 'C:\\xampp\\htdocs\\bus_pass_management\\app\\views\\getPass.php', 171)
 2 SYSTEMPATH\View\View.php(228): include('C:\\xampp\\htdocs\\bus_pass_management\\app\\views\\getPass.php')
 3 SYSTEMPATH\View\View.php(231): CodeIgniter\View\View->CodeIgniter\View\{closure}()
 4 SYSTEMPATH\Common.php(1178): CodeIgniter\View\View->render('getPass', [], true)
 5 APPPATH\Controllers\PassController.php(52): view('getPass', [...])
 6 SYSTEMPATH\CodeIgniter.php(941): App\Controllers\PassController->getPass()
 7 SYSTEMPATH\CodeIgniter.php(502): CodeIgniter\CodeIgniter->runController(Object(App\Controllers\PassController))
 8 SYSTEMPATH\CodeIgniter.php(361): CodeIgniter\CodeIgniter->handleRequest(null, Object(Config\Cache), false)
 9 FCPATH\index.php(79): CodeIgniter\CodeIgniter->run()
10 SYSTEMPATH\Commands\Server\rewrite.php(47): require_once('C:\\xampp\\htdocs\\bus_pass_management\\public\\index.php')
CRITICAL - 2024-01-22 16:06:33 --> ErrorException: Undefined variable $detail1
in APPPATH\views\getPass.php on line 171.
 1 APPPATH\views\getPass.php(171): CodeIgniter\Debug\Exceptions->errorHandler(2, 'Undefined variable $detail1', 'C:\\xampp\\htdocs\\bus_pass_management\\app\\views\\getPass.php', 171)
 2 SYSTEMPATH\View\View.php(228): include('C:\\xampp\\htdocs\\bus_pass_management\\app\\views\\getPass.php')
 3 SYSTEMPATH\View\View.php(231): CodeIgniter\View\View->CodeIgniter\View\{closure}()
 4 SYSTEMPATH\Common.php(1178): CodeIgniter\View\View->render('getPass', [], true)
 5 APPPATH\Controllers\PassController.php(52): view('getPass', [...])
 6 SYSTEMPATH\CodeIgniter.php(941): App\Controllers\PassController->getPass()
 7 SYSTEMPATH\CodeIgniter.php(502): CodeIgniter\CodeIgniter->runController(Object(App\Controllers\PassController))
 8 SYSTEMPATH\CodeIgniter.php(361): CodeIgniter\CodeIgniter->handleRequest(null, Object(Config\Cache), false)
 9 FCPATH\index.php(79): CodeIgniter\CodeIgniter->run()
10 SYSTEMPATH\Commands\Server\rewrite.php(47): require_once('C:\\xampp\\htdocs\\bus_pass_management\\public\\index.php')
CRITICAL - 2024-01-22 16:06:44 --> ErrorException: Undefined variable $detail1
in APPPATH\views\getPass.php on line 171.
 1 APPPATH\views\getPass.php(171): CodeIgniter\Debug\Exceptions->errorHandler(2, 'Undefined variable $detail1', 'C:\\xampp\\htdocs\\bus_pass_management\\app\\views\\getPass.php', 171)
 2 SYSTEMPATH\View\View.php(228): include('C:\\xampp\\htdocs\\bus_pass_management\\app\\views\\getPass.php')
 3 SYSTEMPATH\View\View.php(231): CodeIgniter\View\View->CodeIgniter\View\{closure}()
 4 SYSTEMPATH\Common.php(1178): CodeIgniter\View\View->render('getPass', [], true)
 5 APPPATH\Controllers\PassController.php(52): view('getPass', [...])
 6 SYSTEMPATH\CodeIgniter.php(941): App\Controllers\PassController->getPass()
 7 SYSTEMPATH\CodeIgniter.php(502): CodeIgniter\CodeIgniter->runController(Object(App\Controllers\PassController))
 8 SYSTEMPATH\CodeIgniter.php(361): CodeIgniter\CodeIgniter->handleRequest(null, Object(Config\Cache), false)
 9 FCPATH\index.php(79): CodeIgniter\CodeIgniter->run()
10 SYSTEMPATH\Commands\Server\rewrite.php(47): require_once('C:\\xampp\\htdocs\\bus_pass_management\\public\\index.php')
CRITICAL - 2024-01-22 16:08:15 --> ErrorException: Undefined array key "transactionid"
in APPPATH\views\getPass.php on line 177.
 1 APPPATH\views\getPass.php(177): CodeIgniter\Debug\Exceptions->errorHandler(2, 'Undefined array key "transactionid"', 'C:\\xampp\\htdocs\\bus_pass_management\\app\\views\\getPass.php', 177)
 2 SYSTEMPATH\View\View.php(228): include('C:\\xampp\\htdocs\\bus_pass_management\\app\\views\\getPass.php')
 3 SYSTEMPATH\View\View.php(231): CodeIgniter\View\View->CodeIgniter\View\{closure}()
 4 SYSTEMPATH\Common.php(1178): CodeIgniter\View\View->render('getPass', [], true)
 5 APPPATH\Controllers\PassController.php(52): view('getPass', [...])
 6 SYSTEMPATH\CodeIgniter.php(941): App\Controllers\PassController->getPass()
 7 SYSTEMPATH\CodeIgniter.php(502): CodeIgniter\CodeIgniter->runController(Object(App\Controllers\PassController))
 8 SYSTEMPATH\CodeIgniter.php(361): CodeIgniter\CodeIgniter->handleRequest(null, Object(Config\Cache), false)
 9 FCPATH\index.php(79): CodeIgniter\CodeIgniter->run()
10 SYSTEMPATH\Commands\Server\rewrite.php(47): require_once('C:\\xampp\\htdocs\\bus_pass_management\\public\\index.php')
CRITICAL - 2024-01-22 16:08:48 --> ErrorException: Undefined array key "transactionid"
in APPPATH\views\getPass.php on line 177.
 1 APPPATH\views\getPass.php(177): CodeIgniter\Debug\Exceptions->errorHandler(2, 'Undefined array key "transactionid"', 'C:\\xampp\\htdocs\\bus_pass_management\\app\\views\\getPass.php', 177)
 2 SYSTEMPATH\View\View.php(228): include('C:\\xampp\\htdocs\\bus_pass_management\\app\\views\\getPass.php')
 3 SYSTEMPATH\View\View.php(231): CodeIgniter\View\View->CodeIgniter\View\{closure}()
 4 SYSTEMPATH\Common.php(1178): CodeIgniter\View\View->render('getPass', [], true)
 5 APPPATH\Controllers\PassController.php(52): view('getPass', [...])
 6 SYSTEMPATH\CodeIgniter.php(941): App\Controllers\PassController->getPass()
 7 SYSTEMPATH\CodeIgniter.php(502): CodeIgniter\CodeIgniter->runController(Object(App\Controllers\PassController))
 8 SYSTEMPATH\CodeIgniter.php(361): CodeIgniter\CodeIgniter->handleRequest(null, Object(Config\Cache), false)
 9 FCPATH\index.php(79): CodeIgniter\CodeIgniter->run()
10 SYSTEMPATH\Commands\Server\rewrite.php(47): require_once('C:\\xampp\\htdocs\\bus_pass_management\\public\\index.php')
CRITICAL - 2024-01-22 16:08:49 --> ErrorException: Undefined array key "transactionid"
in APPPATH\views\getPass.php on line 177.
 1 APPPATH\views\getPass.php(177): CodeIgniter\Debug\Exceptions->errorHandler(2, 'Undefined array key "transactionid"', 'C:\\xampp\\htdocs\\bus_pass_management\\app\\views\\getPass.php', 177)
 2 SYSTEMPATH\View\View.php(228): include('C:\\xampp\\htdocs\\bus_pass_management\\app\\views\\getPass.php')
 3 SYSTEMPATH\View\View.php(231): CodeIgniter\View\View->CodeIgniter\View\{closure}()
 4 SYSTEMPATH\Common.php(1178): CodeIgniter\View\View->render('getPass', [], true)
 5 APPPATH\Controllers\PassController.php(52): view('getPass', [...])
 6 SYSTEMPATH\CodeIgniter.php(941): App\Controllers\PassController->getPass()
 7 SYSTEMPATH\CodeIgniter.php(502): CodeIgniter\CodeIgniter->runController(Object(App\Controllers\PassController))
 8 SYSTEMPATH\CodeIgniter.php(361): CodeIgniter\CodeIgniter->handleRequest(null, Object(Config\Cache), false)
 9 FCPATH\index.php(79): CodeIgniter\CodeIgniter->run()
10 SYSTEMPATH\Commands\Server\rewrite.php(47): require_once('C:\\xampp\\htdocs\\bus_pass_management\\public\\index.php')
CRITICAL - 2024-01-22 16:08:50 --> ErrorException: Undefined array key "transactionid"
in APPPATH\views\getPass.php on line 177.
 1 APPPATH\views\getPass.php(177): CodeIgniter\Debug\Exceptions->errorHandler(2, 'Undefined array key "transactionid"', 'C:\\xampp\\htdocs\\bus_pass_management\\app\\views\\getPass.php', 177)
 2 SYSTEMPATH\View\View.php(228): include('C:\\xampp\\htdocs\\bus_pass_management\\app\\views\\getPass.php')
 3 SYSTEMPATH\View\View.php(231): CodeIgniter\View\View->CodeIgniter\View\{closure}()
 4 SYSTEMPATH\Common.php(1178): CodeIgniter\View\View->render('getPass', [], true)
 5 APPPATH\Controllers\PassController.php(52): view('getPass', [...])
 6 SYSTEMPATH\CodeIgniter.php(941): App\Controllers\PassController->getPass()
 7 SYSTEMPATH\CodeIgniter.php(502): CodeIgniter\CodeIgniter->runController(Object(App\Controllers\PassController))
 8 SYSTEMPATH\CodeIgniter.php(361): CodeIgniter\CodeIgniter->handleRequest(null, Object(Config\Cache), false)
 9 FCPATH\index.php(79): CodeIgniter\CodeIgniter->run()
10 SYSTEMPATH\Commands\Server\rewrite.php(47): require_once('C:\\xampp\\htdocs\\bus_pass_management\\public\\index.php')
CRITICAL - 2024-01-22 16:08:50 --> ErrorException: Undefined array key "transactionid"
in APPPATH\views\getPass.php on line 177.
 1 APPPATH\views\getPass.php(177): CodeIgniter\Debug\Exceptions->errorHandler(2, 'Undefined array key "transactionid"', 'C:\\xampp\\htdocs\\bus_pass_management\\app\\views\\getPass.php', 177)
 2 SYSTEMPATH\View\View.php(228): include('C:\\xampp\\htdocs\\bus_pass_management\\app\\views\\getPass.php')
 3 SYSTEMPATH\View\View.php(231): CodeIgniter\View\View->CodeIgniter\View\{closure}()
 4 SYSTEMPATH\Common.php(1178): CodeIgniter\View\View->render('getPass', [], true)
 5 APPPATH\Controllers\PassController.php(52): view('getPass', [...])
 6 SYSTEMPATH\CodeIgniter.php(941): App\Controllers\PassController->getPass()
 7 SYSTEMPATH\CodeIgniter.php(502): CodeIgniter\CodeIgniter->runController(Object(App\Controllers\PassController))
 8 SYSTEMPATH\CodeIgniter.php(361): CodeIgniter\CodeIgniter->handleRequest(null, Object(Config\Cache), false)
 9 FCPATH\index.php(79): CodeIgniter\CodeIgniter->run()
10 SYSTEMPATH\Commands\Server\rewrite.php(47): require_once('C:\\xampp\\htdocs\\bus_pass_management\\public\\index.php')
CRITICAL - 2024-01-22 16:09:03 --> ErrorException: Undefined array key "transactionid"
in APPPATH\views\getPass.php on line 177.
 1 APPPATH\views\getPass.php(177): CodeIgniter\Debug\Exceptions->errorHandler(2, 'Undefined array key "transactionid"', 'C:\\xampp\\htdocs\\bus_pass_management\\app\\views\\getPass.php', 177)
 2 SYSTEMPATH\View\View.php(228): include('C:\\xampp\\htdocs\\bus_pass_management\\app\\views\\getPass.php')
 3 SYSTEMPATH\View\View.php(231): CodeIgniter\View\View->CodeIgniter\View\{closure}()
 4 SYSTEMPATH\Common.php(1178): CodeIgniter\View\View->render('getPass', [], true)
 5 APPPATH\Controllers\PassController.php(52): view('getPass', [...])
 6 SYSTEMPATH\CodeIgniter.php(941): App\Controllers\PassController->getPass()
 7 SYSTEMPATH\CodeIgniter.php(502): CodeIgniter\CodeIgniter->runController(Object(App\Controllers\PassController))
 8 SYSTEMPATH\CodeIgniter.php(361): CodeIgniter\CodeIgniter->handleRequest(null, Object(Config\Cache), false)
 9 FCPATH\index.php(79): CodeIgniter\CodeIgniter->run()
10 SYSTEMPATH\Commands\Server\rewrite.php(47): require_once('C:\\xampp\\htdocs\\bus_pass_management\\public\\index.php')
CRITICAL - 2024-01-22 16:09:04 --> ErrorException: Undefined array key "transactionid"
in APPPATH\views\getPass.php on line 177.
 1 APPPATH\views\getPass.php(177): CodeIgniter\Debug\Exceptions->errorHandler(2, 'Undefined array key "transactionid"', 'C:\\xampp\\htdocs\\bus_pass_management\\app\\views\\getPass.php', 177)
 2 SYSTEMPATH\View\View.php(228): include('C:\\xampp\\htdocs\\bus_pass_management\\app\\views\\getPass.php')
 3 SYSTEMPATH\View\View.php(231): CodeIgniter\View\View->CodeIgniter\View\{closure}()
 4 SYSTEMPATH\Common.php(1178): CodeIgniter\View\View->render('getPass', [], true)
 5 APPPATH\Controllers\PassController.php(52): view('getPass', [...])
 6 SYSTEMPATH\CodeIgniter.php(941): App\Controllers\PassController->getPass()
 7 SYSTEMPATH\CodeIgniter.php(502): CodeIgniter\CodeIgniter->runController(Object(App\Controllers\PassController))
 8 SYSTEMPATH\CodeIgniter.php(361): CodeIgniter\CodeIgniter->handleRequest(null, Object(Config\Cache), false)
 9 FCPATH\index.php(79): CodeIgniter\CodeIgniter->run()
10 SYSTEMPATH\Commands\Server\rewrite.php(47): require_once('C:\\xampp\\htdocs\\bus_pass_management\\public\\index.php')
CRITICAL - 2024-01-22 16:09:15 --> ErrorException: Undefined variable $detail1
in APPPATH\views\getPass.php on line 171.
 1 APPPATH\views\getPass.php(171): CodeIgniter\Debug\Exceptions->errorHandler(2, 'Undefined variable $detail1', 'C:\\xampp\\htdocs\\bus_pass_management\\app\\views\\getPass.php', 171)
 2 SYSTEMPATH\View\View.php(228): include('C:\\xampp\\htdocs\\bus_pass_management\\app\\views\\getPass.php')
 3 SYSTEMPATH\View\View.php(231): CodeIgniter\View\View->CodeIgniter\View\{closure}()
 4 SYSTEMPATH\Common.php(1178): CodeIgniter\View\View->render('getPass', [], true)
 5 APPPATH\Controllers\PassController.php(52): view('getPass', [...])
 6 SYSTEMPATH\CodeIgniter.php(941): App\Controllers\PassController->getPass()
 7 SYSTEMPATH\CodeIgniter.php(502): CodeIgniter\CodeIgniter->runController(Object(App\Controllers\PassController))
 8 SYSTEMPATH\CodeIgniter.php(361): CodeIgniter\CodeIgniter->handleRequest(null, Object(Config\Cache), false)
 9 FCPATH\index.php(79): CodeIgniter\CodeIgniter->run()
10 SYSTEMPATH\Commands\Server\rewrite.php(47): require_once('C:\\xampp\\htdocs\\bus_pass_management\\public\\index.php')
CRITICAL - 2024-01-22 16:10:12 --> ErrorException: Undefined variable $detail1
in APPPATH\views\getPass.php on line 171.
 1 APPPATH\views\getPass.php(171): CodeIgniter\Debug\Exceptions->errorHandler(2, 'Undefined variable $detail1', 'C:\\xampp\\htdocs\\bus_pass_management\\app\\views\\getPass.php', 171)
 2 SYSTEMPATH\View\View.php(228): include('C:\\xampp\\htdocs\\bus_pass_management\\app\\views\\getPass.php')
 3 SYSTEMPATH\View\View.php(231): CodeIgniter\View\View->CodeIgniter\View\{closure}()
 4 SYSTEMPATH\Common.php(1178): CodeIgniter\View\View->render('getPass', [], true)
 5 APPPATH\Controllers\PassController.php(52): view('getPass', [...])
 6 SYSTEMPATH\CodeIgniter.php(941): App\Controllers\PassController->getPass()
 7 SYSTEMPATH\CodeIgniter.php(502): CodeIgniter\CodeIgniter->runController(Object(App\Controllers\PassController))
 8 SYSTEMPATH\CodeIgniter.php(361): CodeIgniter\CodeIgniter->handleRequest(null, Object(Config\Cache), false)
 9 FCPATH\index.php(79): CodeIgniter\CodeIgniter->run()
10 SYSTEMPATH\Commands\Server\rewrite.php(47): require_once('C:\\xampp\\htdocs\\bus_pass_management\\public\\index.php')
CRITICAL - 2024-01-22 16:10:13 --> ErrorException: Undefined variable $detail1
in APPPATH\views\getPass.php on line 171.
 1 APPPATH\views\getPass.php(171): CodeIgniter\Debug\Exceptions->errorHandler(2, 'Undefined variable $detail1', 'C:\\xampp\\htdocs\\bus_pass_management\\app\\views\\getPass.php', 171)
 2 SYSTEMPATH\View\View.php(228): include('C:\\xampp\\htdocs\\bus_pass_management\\app\\views\\getPass.php')
 3 SYSTEMPATH\View\View.php(231): CodeIgniter\View\View->CodeIgniter\View\{closure}()
 4 SYSTEMPATH\Common.php(1178): CodeIgniter\View\View->render('getPass', [], true)
 5 APPPATH\Controllers\PassController.php(52): view('getPass', [...])
 6 SYSTEMPATH\CodeIgniter.php(941): App\Controllers\PassController->getPass()
 7 SYSTEMPATH\CodeIgniter.php(502): CodeIgniter\CodeIgniter->runController(Object(App\Controllers\PassController))
 8 SYSTEMPATH\CodeIgniter.php(361): CodeIgniter\CodeIgniter->handleRequest(null, Object(Config\Cache), false)
 9 FCPATH\index.php(79): CodeIgniter\CodeIgniter->run()
10 SYSTEMPATH\Commands\Server\rewrite.php(47): require_once('C:\\xampp\\htdocs\\bus_pass_management\\public\\index.php')
CRITICAL - 2024-01-22 16:10:14 --> ErrorException: Undefined variable $detail1
in APPPATH\views\getPass.php on line 171.
 1 APPPATH\views\getPass.php(171): CodeIgniter\Debug\Exceptions->errorHandler(2, 'Undefined variable $detail1', 'C:\\xampp\\htdocs\\bus_pass_management\\app\\views\\getPass.php', 171)
 2 SYSTEMPATH\View\View.php(228): include('C:\\xampp\\htdocs\\bus_pass_management\\app\\views\\getPass.php')
 3 SYSTEMPATH\View\View.php(231): CodeIgniter\View\View->CodeIgniter\View\{closure}()
 4 SYSTEMPATH\Common.php(1178): CodeIgniter\View\View->render('getPass', [], true)
 5 APPPATH\Controllers\PassController.php(52): view('getPass', [...])
 6 SYSTEMPATH\CodeIgniter.php(941): App\Controllers\PassController->getPass()
 7 SYSTEMPATH\CodeIgniter.php(502): CodeIgniter\CodeIgniter->runController(Object(App\Controllers\PassController))
 8 SYSTEMPATH\CodeIgniter.php(361): CodeIgniter\CodeIgniter->handleRequest(null, Object(Config\Cache), false)
 9 FCPATH\index.php(79): CodeIgniter\CodeIgniter->run()
10 SYSTEMPATH\Commands\Server\rewrite.php(47): require_once('C:\\xampp\\htdocs\\bus_pass_management\\public\\index.php')
CRITICAL - 2024-01-22 16:10:14 --> ErrorException: Undefined variable $detail1
in APPPATH\views\getPass.php on line 171.
 1 APPPATH\views\getPass.php(171): CodeIgniter\Debug\Exceptions->errorHandler(2, 'Undefined variable $detail1', 'C:\\xampp\\htdocs\\bus_pass_management\\app\\views\\getPass.php', 171)
 2 SYSTEMPATH\View\View.php(228): include('C:\\xampp\\htdocs\\bus_pass_management\\app\\views\\getPass.php')
 3 SYSTEMPATH\View\View.php(231): CodeIgniter\View\View->CodeIgniter\View\{closure}()
 4 SYSTEMPATH\Common.php(1178): CodeIgniter\View\View->render('getPass', [], true)
 5 APPPATH\Controllers\PassController.php(52): view('getPass', [...])
 6 SYSTEMPATH\CodeIgniter.php(941): App\Controllers\PassController->getPass()
 7 SYSTEMPATH\CodeIgniter.php(502): CodeIgniter\CodeIgniter->runController(Object(App\Controllers\PassController))
 8 SYSTEMPATH\CodeIgniter.php(361): CodeIgniter\CodeIgniter->handleRequest(null, Object(Config\Cache), false)
 9 FCPATH\index.php(79): CodeIgniter\CodeIgniter->run()
10 SYSTEMPATH\Commands\Server\rewrite.php(47): require_once('C:\\xampp\\htdocs\\bus_pass_management\\public\\index.php')
CRITICAL - 2024-01-22 16:10:20 --> ErrorException: Undefined variable $detail1
in APPPATH\views\getPass.php on line 171.
 1 APPPATH\views\getPass.php(171): CodeIgniter\Debug\Exceptions->errorHandler(2, 'Undefined variable $detail1', 'C:\\xampp\\htdocs\\bus_pass_management\\app\\views\\getPass.php', 171)
 2 SYSTEMPATH\View\View.php(228): include('C:\\xampp\\htdocs\\bus_pass_management\\app\\views\\getPass.php')
 3 SYSTEMPATH\View\View.php(231): CodeIgniter\View\View->CodeIgniter\View\{closure}()
 4 SYSTEMPATH\Common.php(1178): CodeIgniter\View\View->render('getPass', [], true)
 5 APPPATH\Controllers\PassController.php(52): view('getPass', [...])
 6 SYSTEMPATH\CodeIgniter.php(941): App\Controllers\PassController->getPass()
 7 SYSTEMPATH\CodeIgniter.php(502): CodeIgniter\CodeIgniter->runController(Object(App\Controllers\PassController))
 8 SYSTEMPATH\CodeIgniter.php(361): CodeIgniter\CodeIgniter->handleRequest(null, Object(Config\Cache), false)
 9 FCPATH\index.php(79): CodeIgniter\CodeIgniter->run()
10 SYSTEMPATH\Commands\Server\rewrite.php(47): require_once('C:\\xampp\\htdocs\\bus_pass_management\\public\\index.php')
CRITICAL - 2024-01-22 16:10:45 --> ErrorException: Undefined variable $detail1
in APPPATH\views\getPass.php on line 171.
 1 APPPATH\views\getPass.php(171): CodeIgniter\Debug\Exceptions->errorHandler(2, 'Undefined variable $detail1', 'C:\\xampp\\htdocs\\bus_pass_management\\app\\views\\getPass.php', 171)
 2 SYSTEMPATH\View\View.php(228): include('C:\\xampp\\htdocs\\bus_pass_management\\app\\views\\getPass.php')
 3 SYSTEMPATH\View\View.php(231): CodeIgniter\View\View->CodeIgniter\View\{closure}()
 4 SYSTEMPATH\Common.php(1178): CodeIgniter\View\View->render('getPass', [], true)
 5 APPPATH\Controllers\PassController.php(54): view('getPass', [...])
 6 SYSTEMPATH\CodeIgniter.php(941): App\Controllers\PassController->getPass()
 7 SYSTEMPATH\CodeIgniter.php(502): CodeIgniter\CodeIgniter->runController(Object(App\Controllers\PassController))
 8 SYSTEMPATH\CodeIgniter.php(361): CodeIgniter\CodeIgniter->handleRequest(null, Object(Config\Cache), false)
 9 FCPATH\index.php(79): CodeIgniter\CodeIgniter->run()
10 SYSTEMPATH\Commands\Server\rewrite.php(47): require_once('C:\\xampp\\htdocs\\bus_pass_management\\public\\index.php')
CRITICAL - 2024-01-22 16:11:20 --> ErrorException: Undefined variable $detail1
in APPPATH\views\getPass.php on line 171.
 1 APPPATH\views\getPass.php(171): CodeIgniter\Debug\Exceptions->errorHandler(2, 'Undefined variable $detail1', 'C:\\xampp\\htdocs\\bus_pass_management\\app\\views\\getPass.php', 171)
 2 SYSTEMPATH\View\View.php(228): include('C:\\xampp\\htdocs\\bus_pass_management\\app\\views\\getPass.php')
 3 SYSTEMPATH\View\View.php(231): CodeIgniter\View\View->CodeIgniter\View\{closure}()
 4 SYSTEMPATH\Common.php(1178): CodeIgniter\View\View->render('getPass', [], true)
 5 APPPATH\Controllers\PassController.php(54): view('getPass', [...])
 6 SYSTEMPATH\CodeIgniter.php(941): App\Controllers\PassController->getPass()
 7 SYSTEMPATH\CodeIgniter.php(502): CodeIgniter\CodeIgniter->runController(Object(App\Controllers\PassController))
 8 SYSTEMPATH\CodeIgniter.php(361): CodeIgniter\CodeIgniter->handleRequest(null, Object(Config\Cache), false)
 9 FCPATH\index.php(79): CodeIgniter\CodeIgniter->run()
10 SYSTEMPATH\Commands\Server\rewrite.php(47): require_once('C:\\xampp\\htdocs\\bus_pass_management\\public\\index.php')
CRITICAL - 2024-01-22 16:11:21 --> ErrorException: Undefined variable $detail1
in APPPATH\views\getPass.php on line 171.
 1 APPPATH\views\getPass.php(171): CodeIgniter\Debug\Exceptions->errorHandler(2, 'Undefined variable $detail1', 'C:\\xampp\\htdocs\\bus_pass_management\\app\\views\\getPass.php', 171)
 2 SYSTEMPATH\View\View.php(228): include('C:\\xampp\\htdocs\\bus_pass_management\\app\\views\\getPass.php')
 3 SYSTEMPATH\View\View.php(231): CodeIgniter\View\View->CodeIgniter\View\{closure}()
 4 SYSTEMPATH\Common.php(1178): CodeIgniter\View\View->render('getPass', [], true)
 5 APPPATH\Controllers\PassController.php(54): view('getPass', [...])
 6 SYSTEMPATH\CodeIgniter.php(941): App\Controllers\PassController->getPass()
 7 SYSTEMPATH\CodeIgniter.php(502): CodeIgniter\CodeIgniter->runController(Object(App\Controllers\PassController))
 8 SYSTEMPATH\CodeIgniter.php(361): CodeIgniter\CodeIgniter->handleRequest(null, Object(Config\Cache), false)
 9 FCPATH\index.php(79): CodeIgniter\CodeIgniter->run()
10 SYSTEMPATH\Commands\Server\rewrite.php(47): require_once('C:\\xampp\\htdocs\\bus_pass_management\\public\\index.php')
CRITICAL - 2024-01-22 16:12:00 --> ErrorException: Undefined variable $detail1
in APPPATH\views\getPass.php on line 171.
 1 APPPATH\views\getPass.php(171): CodeIgniter\Debug\Exceptions->errorHandler(2, 'Undefined variable $detail1', 'C:\\xampp\\htdocs\\bus_pass_management\\app\\views\\getPass.php', 171)
 2 SYSTEMPATH\View\View.php(228): include('C:\\xampp\\htdocs\\bus_pass_management\\app\\views\\getPass.php')
 3 SYSTEMPATH\View\View.php(231): CodeIgniter\View\View->CodeIgniter\View\{closure}()
 4 SYSTEMPATH\Common.php(1178): CodeIgniter\View\View->render('getPass', [], true)
 5 APPPATH\Controllers\PassController.php(54): view('getPass', [...])
 6 SYSTEMPATH\CodeIgniter.php(941): App\Controllers\PassController->getPass()
 7 SYSTEMPATH\CodeIgniter.php(502): CodeIgniter\CodeIgniter->runController(Object(App\Controllers\PassController))
 8 SYSTEMPATH\CodeIgniter.php(361): CodeIgniter\CodeIgniter->handleRequest(null, Object(Config\Cache), false)
 9 FCPATH\index.php(79): CodeIgniter\CodeIgniter->run()
10 SYSTEMPATH\Commands\Server\rewrite.php(47): require_once('C:\\xampp\\htdocs\\bus_pass_management\\public\\index.php')
CRITICAL - 2024-01-22 16:12:01 --> ErrorException: Undefined variable $detail1
in APPPATH\views\getPass.php on line 171.
 1 APPPATH\views\getPass.php(171): CodeIgniter\Debug\Exceptions->errorHandler(2, 'Undefined variable $detail1', 'C:\\xampp\\htdocs\\bus_pass_management\\app\\views\\getPass.php', 171)
 2 SYSTEMPATH\View\View.php(228): include('C:\\xampp\\htdocs\\bus_pass_management\\app\\views\\getPass.php')
 3 SYSTEMPATH\View\View.php(231): CodeIgniter\View\View->CodeIgniter\View\{closure}()
 4 SYSTEMPATH\Common.php(1178): CodeIgniter\View\View->render('getPass', [], true)
 5 APPPATH\Controllers\PassController.php(54): view('getPass', [...])
 6 SYSTEMPATH\CodeIgniter.php(941): App\Controllers\PassController->getPass()
 7 SYSTEMPATH\CodeIgniter.php(502): CodeIgniter\CodeIgniter->runController(Object(App\Controllers\PassController))
 8 SYSTEMPATH\CodeIgniter.php(361): CodeIgniter\CodeIgniter->handleRequest(null, Object(Config\Cache), false)
 9 FCPATH\index.php(79): CodeIgniter\CodeIgniter->run()
10 SYSTEMPATH\Commands\Server\rewrite.php(47): require_once('C:\\xampp\\htdocs\\bus_pass_management\\public\\index.php')
CRITICAL - 2024-01-22 16:12:18 --> ErrorException: Undefined array key "transactionid"
in APPPATH\views\getPass.php on line 177.
 1 APPPATH\views\getPass.php(177): CodeIgniter\Debug\Exceptions->errorHandler(2, 'Undefined array key "transactionid"', 'C:\\xampp\\htdocs\\bus_pass_management\\app\\views\\getPass.php', 177)
 2 SYSTEMPATH\View\View.php(228): include('C:\\xampp\\htdocs\\bus_pass_management\\app\\views\\getPass.php')
 3 SYSTEMPATH\View\View.php(231): CodeIgniter\View\View->CodeIgniter\View\{closure}()
 4 SYSTEMPATH\Common.php(1178): CodeIgniter\View\View->render('getPass', [], true)
 5 APPPATH\Controllers\PassController.php(54): view('getPass', [...])
 6 SYSTEMPATH\CodeIgniter.php(941): App\Controllers\PassController->getPass()
 7 SYSTEMPATH\CodeIgniter.php(502): CodeIgniter\CodeIgniter->runController(Object(App\Controllers\PassController))
 8 SYSTEMPATH\CodeIgniter.php(361): CodeIgniter\CodeIgniter->handleRequest(null, Object(Config\Cache), false)
 9 FCPATH\index.php(79): CodeIgniter\CodeIgniter->run()
10 SYSTEMPATH\Commands\Server\rewrite.php(47): require_once('C:\\xampp\\htdocs\\bus_pass_management\\public\\index.php')
CRITICAL - 2024-01-22 16:13:50 --> ErrorException: Undefined array key "transactionid"
in APPPATH\views\getPass.php on line 177.
 1 APPPATH\views\getPass.php(177): CodeIgniter\Debug\Exceptions->errorHandler(2, 'Undefined array key "transactionid"', 'C:\\xampp\\htdocs\\bus_pass_management\\app\\views\\getPass.php', 177)
 2 SYSTEMPATH\View\View.php(228): include('C:\\xampp\\htdocs\\bus_pass_management\\app\\views\\getPass.php')
 3 SYSTEMPATH\View\View.php(231): CodeIgniter\View\View->CodeIgniter\View\{closure}()
 4 SYSTEMPATH\Common.php(1178): CodeIgniter\View\View->render('getPass', [], true)
 5 APPPATH\Controllers\PassController.php(54): view('getPass', [...])
 6 SYSTEMPATH\CodeIgniter.php(941): App\Controllers\PassController->getPass()
 7 SYSTEMPATH\CodeIgniter.php(502): CodeIgniter\CodeIgniter->runController(Object(App\Controllers\PassController))
 8 SYSTEMPATH\CodeIgniter.php(361): CodeIgniter\CodeIgniter->handleRequest(null, Object(Config\Cache), false)
 9 FCPATH\index.php(79): CodeIgniter\CodeIgniter->run()
10 SYSTEMPATH\Commands\Server\rewrite.php(47): require_once('C:\\xampp\\htdocs\\bus_pass_management\\public\\index.php')
CRITICAL - 2024-01-22 16:13:57 --> ErrorException: Undefined array key "transactionid"
in APPPATH\views\getPass.php on line 177.
 1 APPPATH\views\getPass.php(177): CodeIgniter\Debug\Exceptions->errorHandler(2, 'Undefined array key "transactionid"', 'C:\\xampp\\htdocs\\bus_pass_management\\app\\views\\getPass.php', 177)
 2 SYSTEMPATH\View\View.php(228): include('C:\\xampp\\htdocs\\bus_pass_management\\app\\views\\getPass.php')
 3 SYSTEMPATH\View\View.php(231): CodeIgniter\View\View->CodeIgniter\View\{closure}()
 4 SYSTEMPATH\Common.php(1178): CodeIgniter\View\View->render('getPass', [], true)
 5 APPPATH\Controllers\PassController.php(54): view('getPass', [...])
 6 SYSTEMPATH\CodeIgniter.php(941): App\Controllers\PassController->getPass()
 7 SYSTEMPATH\CodeIgniter.php(502): CodeIgniter\CodeIgniter->runController(Object(App\Controllers\PassController))
 8 SYSTEMPATH\CodeIgniter.php(361): CodeIgniter\CodeIgniter->handleRequest(null, Object(Config\Cache), false)
 9 FCPATH\index.php(79): CodeIgniter\CodeIgniter->run()
10 SYSTEMPATH\Commands\Server\rewrite.php(47): require_once('C:\\xampp\\htdocs\\bus_pass_management\\public\\index.php')
CRITICAL - 2024-01-22 16:13:58 --> ErrorException: Undefined array key "transactionid"
in APPPATH\views\getPass.php on line 177.
 1 APPPATH\views\getPass.php(177): CodeIgniter\Debug\Exceptions->errorHandler(2, 'Undefined array key "transactionid"', 'C:\\xampp\\htdocs\\bus_pass_management\\app\\views\\getPass.php', 177)
 2 SYSTEMPATH\View\View.php(228): include('C:\\xampp\\htdocs\\bus_pass_management\\app\\views\\getPass.php')
 3 SYSTEMPATH\View\View.php(231): CodeIgniter\View\View->CodeIgniter\View\{closure}()
 4 SYSTEMPATH\Common.php(1178): CodeIgniter\View\View->render('getPass', [], true)
 5 APPPATH\Controllers\PassController.php(54): view('getPass', [...])
 6 SYSTEMPATH\CodeIgniter.php(941): App\Controllers\PassController->getPass()
 7 SYSTEMPATH\CodeIgniter.php(502): CodeIgniter\CodeIgniter->runController(Object(App\Controllers\PassController))
 8 SYSTEMPATH\CodeIgniter.php(361): CodeIgniter\CodeIgniter->handleRequest(null, Object(Config\Cache), false)
 9 FCPATH\index.php(79): CodeIgniter\CodeIgniter->run()
10 SYSTEMPATH\Commands\Server\rewrite.php(47): require_once('C:\\xampp\\htdocs\\bus_pass_management\\public\\index.php')
CRITICAL - 2024-01-22 16:14:25 --> ErrorException: Undefined array key "transactionid"
in APPPATH\views\getPass.php on line 177.
 1 APPPATH\views\getPass.php(177): CodeIgniter\Debug\Exceptions->errorHandler(2, 'Undefined array key "transactionid"', 'C:\\xampp\\htdocs\\bus_pass_management\\app\\views\\getPass.php', 177)
 2 SYSTEMPATH\View\View.php(228): include('C:\\xampp\\htdocs\\bus_pass_management\\app\\views\\getPass.php')
 3 SYSTEMPATH\View\View.php(231): CodeIgniter\View\View->CodeIgniter\View\{closure}()
 4 SYSTEMPATH\Common.php(1178): CodeIgniter\View\View->render('getPass', [], true)
 5 APPPATH\Controllers\PassController.php(54): view('getPass', [...])
 6 SYSTEMPATH\CodeIgniter.php(941): App\Controllers\PassController->getPass()
 7 SYSTEMPATH\CodeIgniter.php(502): CodeIgniter\CodeIgniter->runController(Object(App\Controllers\PassController))
 8 SYSTEMPATH\CodeIgniter.php(361): CodeIgniter\CodeIgniter->handleRequest(null, Object(Config\Cache), false)
 9 FCPATH\index.php(79): CodeIgniter\CodeIgniter->run()
10 SYSTEMPATH\Commands\Server\rewrite.php(47): require_once('C:\\xampp\\htdocs\\bus_pass_management\\public\\index.php')
CRITICAL - 2024-01-22 16:16:22 --> ErrorException: Undefined array key "transactionid"
in APPPATH\views\getPass.php on line 177.
 1 APPPATH\views\getPass.php(177): CodeIgniter\Debug\Exceptions->errorHandler(2, 'Undefined array key "transactionid"', 'C:\\xampp\\htdocs\\bus_pass_management\\app\\views\\getPass.php', 177)
 2 SYSTEMPATH\View\View.php(228): include('C:\\xampp\\htdocs\\bus_pass_management\\app\\views\\getPass.php')
 3 SYSTEMPATH\View\View.php(231): CodeIgniter\View\View->CodeIgniter\View\{closure}()
 4 SYSTEMPATH\Common.php(1178): CodeIgniter\View\View->render('getPass', [], true)
 5 APPPATH\Controllers\PassController.php(56): view('getPass', [...])
 6 SYSTEMPATH\CodeIgniter.php(941): App\Controllers\PassController->getPass()
 7 SYSTEMPATH\CodeIgniter.php(502): CodeIgniter\CodeIgniter->runController(Object(App\Controllers\PassController))
 8 SYSTEMPATH\CodeIgniter.php(361): CodeIgniter\CodeIgniter->handleRequest(null, Object(Config\Cache), false)
 9 FCPATH\index.php(79): CodeIgniter\CodeIgniter->run()
10 SYSTEMPATH\Commands\Server\rewrite.php(47): require_once('C:\\xampp\\htdocs\\bus_pass_management\\public\\index.php')
CRITICAL - 2024-01-22 16:16:24 --> ErrorException: Undefined array key "transactionid"
in APPPATH\views\getPass.php on line 177.
 1 APPPATH\views\getPass.php(177): CodeIgniter\Debug\Exceptions->errorHandler(2, 'Undefined array key "transactionid"', 'C:\\xampp\\htdocs\\bus_pass_management\\app\\views\\getPass.php', 177)
 2 SYSTEMPATH\View\View.php(228): include('C:\\xampp\\htdocs\\bus_pass_management\\app\\views\\getPass.php')
 3 SYSTEMPATH\View\View.php(231): CodeIgniter\View\View->CodeIgniter\View\{closure}()
 4 SYSTEMPATH\Common.php(1178): CodeIgniter\View\View->render('getPass', [], true)
 5 APPPATH\Controllers\PassController.php(56): view('getPass', [...])
 6 SYSTEMPATH\CodeIgniter.php(941): App\Controllers\PassController->getPass()
 7 SYSTEMPATH\CodeIgniter.php(502): CodeIgniter\CodeIgniter->runController(Object(App\Controllers\PassController))
 8 SYSTEMPATH\CodeIgniter.php(361): CodeIgniter\CodeIgniter->handleRequest(null, Object(Config\Cache), false)
 9 FCPATH\index.php(79): CodeIgniter\CodeIgniter->run()
10 SYSTEMPATH\Commands\Server\rewrite.php(47): require_once('C:\\xampp\\htdocs\\bus_pass_management\\public\\index.php')
CRITICAL - 2024-01-22 16:16:50 --> ErrorException: Undefined array key "transactionid"
in APPPATH\views\getPass.php on line 177.
 1 APPPATH\views\getPass.php(177): CodeIgniter\Debug\Exceptions->errorHandler(2, 'Undefined array key "transactionid"', 'C:\\xampp\\htdocs\\bus_pass_management\\app\\views\\getPass.php', 177)
 2 SYSTEMPATH\View\View.php(228): include('C:\\xampp\\htdocs\\bus_pass_management\\app\\views\\getPass.php')
 3 SYSTEMPATH\View\View.php(231): CodeIgniter\View\View->CodeIgniter\View\{closure}()
 4 SYSTEMPATH\Common.php(1178): CodeIgniter\View\View->render('getPass', [], true)
 5 APPPATH\Controllers\PassController.php(56): view('getPass', [...])
 6 SYSTEMPATH\CodeIgniter.php(941): App\Controllers\PassController->getPass()
 7 SYSTEMPATH\CodeIgniter.php(502): CodeIgniter\CodeIgniter->runController(Object(App\Controllers\PassController))
 8 SYSTEMPATH\CodeIgniter.php(361): CodeIgniter\CodeIgniter->handleRequest(null, Object(Config\Cache), false)
 9 FCPATH\index.php(79): CodeIgniter\CodeIgniter->run()
10 SYSTEMPATH\Commands\Server\rewrite.php(47): require_once('C:\\xampp\\htdocs\\bus_pass_management\\public\\index.php')
CRITICAL - 2024-01-22 16:16:58 --> ErrorException: Undefined variable $detail2
in APPPATH\views\getPass.php on line 171.
 1 APPPATH\views\getPass.php(171): CodeIgniter\Debug\Exceptions->errorHandler(2, 'Undefined variable $detail2', 'C:\\xampp\\htdocs\\bus_pass_management\\app\\views\\getPass.php', 171)
 2 SYSTEMPATH\View\View.php(228): include('C:\\xampp\\htdocs\\bus_pass_management\\app\\views\\getPass.php')
 3 SYSTEMPATH\View\View.php(231): CodeIgniter\View\View->CodeIgniter\View\{closure}()
 4 SYSTEMPATH\Common.php(1178): CodeIgniter\View\View->render('getPass', [], true)
 5 APPPATH\Controllers\PassController.php(56): view('getPass', [...])
 6 SYSTEMPATH\CodeIgniter.php(941): App\Controllers\PassController->getPass()
 7 SYSTEMPATH\CodeIgniter.php(502): CodeIgniter\CodeIgniter->runController(Object(App\Controllers\PassController))
 8 SYSTEMPATH\CodeIgniter.php(361): CodeIgniter\CodeIgniter->handleRequest(null, Object(Config\Cache), false)
 9 FCPATH\index.php(79): CodeIgniter\CodeIgniter->run()
10 SYSTEMPATH\Commands\Server\rewrite.php(47): require_once('C:\\xampp\\htdocs\\bus_pass_management\\public\\index.php')
CRITICAL - 2024-01-22 16:17:49 --> ErrorException: Undefined variable $data2
in APPPATH\views\getPass.php on line 171.
 1 APPPATH\views\getPass.php(171): CodeIgniter\Debug\Exceptions->errorHandler(2, 'Undefined variable $data2', 'C:\\xampp\\htdocs\\bus_pass_management\\app\\views\\getPass.php', 171)
 2 SYSTEMPATH\View\View.php(228): include('C:\\xampp\\htdocs\\bus_pass_management\\app\\views\\getPass.php')
 3 SYSTEMPATH\View\View.php(231): CodeIgniter\View\View->CodeIgniter\View\{closure}()
 4 SYSTEMPATH\Common.php(1178): CodeIgniter\View\View->render('getPass', [], true)
 5 APPPATH\Controllers\PassController.php(56): view('getPass', [...])
 6 SYSTEMPATH\CodeIgniter.php(941): App\Controllers\PassController->getPass()
 7 SYSTEMPATH\CodeIgniter.php(502): CodeIgniter\CodeIgniter->runController(Object(App\Controllers\PassController))
 8 SYSTEMPATH\CodeIgniter.php(361): CodeIgniter\CodeIgniter->handleRequest(null, Object(Config\Cache), false)
 9 FCPATH\index.php(79): CodeIgniter\CodeIgniter->run()
10 SYSTEMPATH\Commands\Server\rewrite.php(47): require_once('C:\\xampp\\htdocs\\bus_pass_management\\public\\index.php')
CRITICAL - 2024-01-22 16:18:33 --> ErrorException: Undefined variable $data2
in APPPATH\views\getPass.php on line 171.
 1 APPPATH\views\getPass.php(171): CodeIgniter\Debug\Exceptions->errorHandler(2, 'Undefined variable $data2', 'C:\\xampp\\htdocs\\bus_pass_management\\app\\views\\getPass.php', 171)
 2 SYSTEMPATH\View\View.php(228): include('C:\\xampp\\htdocs\\bus_pass_management\\app\\views\\getPass.php')
 3 SYSTEMPATH\View\View.php(231): CodeIgniter\View\View->CodeIgniter\View\{closure}()
 4 SYSTEMPATH\Common.php(1178): CodeIgniter\View\View->render('getPass', [], true)
 5 APPPATH\Controllers\PassController.php(57): view('getPass', [...])
 6 SYSTEMPATH\CodeIgniter.php(941): App\Controllers\PassController->getPass()
 7 SYSTEMPATH\CodeIgniter.php(502): CodeIgniter\CodeIgniter->runController(Object(App\Controllers\PassController))
 8 SYSTEMPATH\CodeIgniter.php(361): CodeIgniter\CodeIgniter->handleRequest(null, Object(Config\Cache), false)
 9 FCPATH\index.php(79): CodeIgniter\CodeIgniter->run()
10 SYSTEMPATH\Commands\Server\rewrite.php(47): require_once('C:\\xampp\\htdocs\\bus_pass_management\\public\\index.php')
CRITICAL - 2024-01-22 16:18:34 --> ErrorException: Undefined variable $data2
in APPPATH\views\getPass.php on line 171.
 1 APPPATH\views\getPass.php(171): CodeIgniter\Debug\Exceptions->errorHandler(2, 'Undefined variable $data2', 'C:\\xampp\\htdocs\\bus_pass_management\\app\\views\\getPass.php', 171)
 2 SYSTEMPATH\View\View.php(228): include('C:\\xampp\\htdocs\\bus_pass_management\\app\\views\\getPass.php')
 3 SYSTEMPATH\View\View.php(231): CodeIgniter\View\View->CodeIgniter\View\{closure}()
 4 SYSTEMPATH\Common.php(1178): CodeIgniter\View\View->render('getPass', [], true)
 5 APPPATH\Controllers\PassController.php(57): view('getPass', [...])
 6 SYSTEMPATH\CodeIgniter.php(941): App\Controllers\PassController->getPass()
 7 SYSTEMPATH\CodeIgniter.php(502): CodeIgniter\CodeIgniter->runController(Object(App\Controllers\PassController))
 8 SYSTEMPATH\CodeIgniter.php(361): CodeIgniter\CodeIgniter->handleRequest(null, Object(Config\Cache), false)
 9 FCPATH\index.php(79): CodeIgniter\CodeIgniter->run()
10 SYSTEMPATH\Commands\Server\rewrite.php(47): require_once('C:\\xampp\\htdocs\\bus_pass_management\\public\\index.php')
CRITICAL - 2024-01-22 16:18:44 --> ErrorException: Undefined variable $detail2
in APPPATH\views\getPass.php on line 171.
 1 APPPATH\views\getPass.php(171): CodeIgniter\Debug\Exceptions->errorHandler(2, 'Undefined variable $detail2', 'C:\\xampp\\htdocs\\bus_pass_management\\app\\views\\getPass.php', 171)
 2 SYSTEMPATH\View\View.php(228): include('C:\\xampp\\htdocs\\bus_pass_management\\app\\views\\getPass.php')
 3 SYSTEMPATH\View\View.php(231): CodeIgniter\View\View->CodeIgniter\View\{closure}()
 4 SYSTEMPATH\Common.php(1178): CodeIgniter\View\View->render('getPass', [], true)
 5 APPPATH\Controllers\PassController.php(57): view('getPass', [...])
 6 SYSTEMPATH\CodeIgniter.php(941): App\Controllers\PassController->getPass()
 7 SYSTEMPATH\CodeIgniter.php(502): CodeIgniter\CodeIgniter->runController(Object(App\Controllers\PassController))
 8 SYSTEMPATH\CodeIgniter.php(361): CodeIgniter\CodeIgniter->handleRequest(null, Object(Config\Cache), false)
 9 FCPATH\index.php(79): CodeIgniter\CodeIgniter->run()
10 SYSTEMPATH\Commands\Server\rewrite.php(47): require_once('C:\\xampp\\htdocs\\bus_pass_management\\public\\index.php')
CRITICAL - 2024-01-22 16:18:45 --> ErrorException: Undefined variable $detail2
in APPPATH\views\getPass.php on line 171.
 1 APPPATH\views\getPass.php(171): CodeIgniter\Debug\Exceptions->errorHandler(2, 'Undefined variable $detail2', 'C:\\xampp\\htdocs\\bus_pass_management\\app\\views\\getPass.php', 171)
 2 SYSTEMPATH\View\View.php(228): include('C:\\xampp\\htdocs\\bus_pass_management\\app\\views\\getPass.php')
 3 SYSTEMPATH\View\View.php(231): CodeIgniter\View\View->CodeIgniter\View\{closure}()
 4 SYSTEMPATH\Common.php(1178): CodeIgniter\View\View->render('getPass', [], true)
 5 APPPATH\Controllers\PassController.php(57): view('getPass', [...])
 6 SYSTEMPATH\CodeIgniter.php(941): App\Controllers\PassController->getPass()
 7 SYSTEMPATH\CodeIgniter.php(502): CodeIgniter\CodeIgniter->runController(Object(App\Controllers\PassController))
 8 SYSTEMPATH\CodeIgniter.php(361): CodeIgniter\CodeIgniter->handleRequest(null, Object(Config\Cache), false)
 9 FCPATH\index.php(79): CodeIgniter\CodeIgniter->run()
10 SYSTEMPATH\Commands\Server\rewrite.php(47): require_once('C:\\xampp\\htdocs\\bus_pass_management\\public\\index.php')
CRITICAL - 2024-01-22 16:18:50 --> ErrorException: Undefined variable $detail2
in APPPATH\views\getPass.php on line 171.
 1 APPPATH\views\getPass.php(171): CodeIgniter\Debug\Exceptions->errorHandler(2, 'Undefined variable $detail2', 'C:\\xampp\\htdocs\\bus_pass_management\\app\\views\\getPass.php', 171)
 2 SYSTEMPATH\View\View.php(228): include('C:\\xampp\\htdocs\\bus_pass_management\\app\\views\\getPass.php')
 3 SYSTEMPATH\View\View.php(231): CodeIgniter\View\View->CodeIgniter\View\{closure}()
 4 SYSTEMPATH\Common.php(1178): CodeIgniter\View\View->render('getPass', [], true)
 5 APPPATH\Controllers\PassController.php(57): view('getPass', [...])
 6 SYSTEMPATH\CodeIgniter.php(941): App\Controllers\PassController->getPass()
 7 SYSTEMPATH\CodeIgniter.php(502): CodeIgniter\CodeIgniter->runController(Object(App\Controllers\PassController))
 8 SYSTEMPATH\CodeIgniter.php(361): CodeIgniter\CodeIgniter->handleRequest(null, Object(Config\Cache), false)
 9 FCPATH\index.php(79): CodeIgniter\CodeIgniter->run()
10 SYSTEMPATH\Commands\Server\rewrite.php(47): require_once('C:\\xampp\\htdocs\\bus_pass_management\\public\\index.php')
CRITICAL - 2024-01-22 16:25:52 --> ErrorException: Undefined variable $detail2
in APPPATH\views\getPass.php on line 171.
 1 APPPATH\views\getPass.php(171): CodeIgniter\Debug\Exceptions->errorHandler(2, 'Undefined variable $detail2', 'C:\\xampp\\htdocs\\bus_pass_management\\app\\views\\getPass.php', 171)
 2 SYSTEMPATH\View\View.php(228): include('C:\\xampp\\htdocs\\bus_pass_management\\app\\views\\getPass.php')
 3 SYSTEMPATH\View\View.php(231): CodeIgniter\View\View->CodeIgniter\View\{closure}()
 4 SYSTEMPATH\Common.php(1178): CodeIgniter\View\View->render('getPass', [], true)
 5 APPPATH\Controllers\PassController.php(54): view('getPass', [...])
 6 SYSTEMPATH\CodeIgniter.php(941): App\Controllers\PassController->getPass()
 7 SYSTEMPATH\CodeIgniter.php(502): CodeIgniter\CodeIgniter->runController(Object(App\Controllers\PassController))
 8 SYSTEMPATH\CodeIgniter.php(361): CodeIgniter\CodeIgniter->handleRequest(null, Object(Config\Cache), false)
 9 FCPATH\index.php(79): CodeIgniter\CodeIgniter->run()
10 SYSTEMPATH\Commands\Server\rewrite.php(47): require_once('C:\\xampp\\htdocs\\bus_pass_management\\public\\index.php')
CRITICAL - 2024-01-22 16:26:29 --> ErrorException: Undefined variable $detail2
in APPPATH\views\getransactionpass.php on line 115.
 1 APPPATH\views\getransactionpass.php(115): CodeIgniter\Debug\Exceptions->errorHandler(2, 'Undefined variable $detail2', 'C:\\xampp\\htdocs\\bus_pass_management\\app\\views\\getransactionpass.php', 115)
 2 SYSTEMPATH\View\View.php(228): include('C:\\xampp\\htdocs\\bus_pass_management\\app\\views\\getransactionpass.php')
 3 SYSTEMPATH\View\View.php(231): CodeIgniter\View\View->CodeIgniter\View\{closure}()
 4 SYSTEMPATH\Common.php(1178): CodeIgniter\View\View->render('getransactionPass', [], true)
 5 APPPATH\Controllers\PassController.php(85): view('getransactionPass')
 6 SYSTEMPATH\CodeIgniter.php(941): App\Controllers\PassController->getTransactionPass()
 7 SYSTEMPATH\CodeIgniter.php(502): CodeIgniter\CodeIgniter->runController(Object(App\Controllers\PassController))
 8 SYSTEMPATH\CodeIgniter.php(361): CodeIgniter\CodeIgniter->handleRequest(null, Object(Config\Cache), false)
 9 FCPATH\index.php(79): CodeIgniter\CodeIgniter->run()
10 SYSTEMPATH\Commands\Server\rewrite.php(47): require_once('C:\\xampp\\htdocs\\bus_pass_management\\public\\index.php')
CRITICAL - 2024-01-22 16:27:02 --> ErrorException: Undefined variable $detail
in APPPATH\views\getransactionpass.php on line 115.
 1 APPPATH\views\getransactionpass.php(115): CodeIgniter\Debug\Exceptions->errorHandler(2, 'Undefined variable $detail', 'C:\\xampp\\htdocs\\bus_pass_management\\app\\views\\getransactionpass.php', 115)
 2 SYSTEMPATH\View\View.php(228): include('C:\\xampp\\htdocs\\bus_pass_management\\app\\views\\getransactionpass.php')
 3 SYSTEMPATH\View\View.php(231): CodeIgniter\View\View->CodeIgniter\View\{closure}()
 4 SYSTEMPATH\Common.php(1178): CodeIgniter\View\View->render('getransactionPass', [], true)
 5 APPPATH\Controllers\PassController.php(85): view('getransactionPass')
 6 SYSTEMPATH\CodeIgniter.php(941): App\Controllers\PassController->getTransactionPass()
 7 SYSTEMPATH\CodeIgniter.php(502): CodeIgniter\CodeIgniter->runController(Object(App\Controllers\PassController))
 8 SYSTEMPATH\CodeIgniter.php(361): CodeIgniter\CodeIgniter->handleRequest(null, Object(Config\Cache), false)
 9 FCPATH\index.php(79): CodeIgniter\CodeIgniter->run()
10 SYSTEMPATH\Commands\Server\rewrite.php(47): require_once('C:\\xampp\\htdocs\\bus_pass_management\\public\\index.php')
CRITICAL - 2024-01-22 16:27:04 --> ErrorException: Undefined variable $detail
in APPPATH\views\getransactionpass.php on line 115.
 1 APPPATH\views\getransactionpass.php(115): CodeIgniter\Debug\Exceptions->errorHandler(2, 'Undefined variable $detail', 'C:\\xampp\\htdocs\\bus_pass_management\\app\\views\\getransactionpass.php', 115)
 2 SYSTEMPATH\View\View.php(228): include('C:\\xampp\\htdocs\\bus_pass_management\\app\\views\\getransactionpass.php')
 3 SYSTEMPATH\View\View.php(231): CodeIgniter\View\View->CodeIgniter\View\{closure}()
 4 SYSTEMPATH\Common.php(1178): CodeIgniter\View\View->render('getransactionPass', [], true)
 5 APPPATH\Controllers\PassController.php(85): view('getransactionPass')
 6 SYSTEMPATH\CodeIgniter.php(941): App\Controllers\PassController->getTransactionPass()
 7 SYSTEMPATH\CodeIgniter.php(502): CodeIgniter\CodeIgniter->runController(Object(App\Controllers\PassController))
 8 SYSTEMPATH\CodeIgniter.php(361): CodeIgniter\CodeIgniter->handleRequest(null, Object(Config\Cache), false)
 9 FCPATH\index.php(79): CodeIgniter\CodeIgniter->run()
10 SYSTEMPATH\Commands\Server\rewrite.php(47): require_once('C:\\xampp\\htdocs\\bus_pass_management\\public\\index.php')
CRITICAL - 2024-01-22 16:27:46 --> ErrorException: Undefined variable $detail
in APPPATH\views\getransactionpass.php on line 115.
 1 APPPATH\views\getransactionpass.php(115): CodeIgniter\Debug\Exceptions->errorHandler(2, 'Undefined variable $detail', 'C:\\xampp\\htdocs\\bus_pass_management\\app\\views\\getransactionpass.php', 115)
 2 SYSTEMPATH\View\View.php(228): include('C:\\xampp\\htdocs\\bus_pass_management\\app\\views\\getransactionpass.php')
 3 SYSTEMPATH\View\View.php(231): CodeIgniter\View\View->CodeIgniter\View\{closure}()
 4 SYSTEMPATH\Common.php(1178): CodeIgniter\View\View->render('getransactionPass', [], true)
 5 APPPATH\Controllers\PassController.php(85): view('getransactionPass')
 6 SYSTEMPATH\CodeIgniter.php(941): App\Controllers\PassController->getTransactionPass()
 7 SYSTEMPATH\CodeIgniter.php(502): CodeIgniter\CodeIgniter->runController(Object(App\Controllers\PassController))
 8 SYSTEMPATH\CodeIgniter.php(361): CodeIgniter\CodeIgniter->handleRequest(null, Object(Config\Cache), false)
 9 FCPATH\index.php(79): CodeIgniter\CodeIgniter->run()
10 SYSTEMPATH\Commands\Server\rewrite.php(47): require_once('C:\\xampp\\htdocs\\bus_pass_management\\public\\index.php')
CRITICAL - 2024-01-22 16:27:47 --> ErrorException: Undefined variable $detail
in APPPATH\views\getransactionpass.php on line 115.
 1 APPPATH\views\getransactionpass.php(115): CodeIgniter\Debug\Exceptions->errorHandler(2, 'Undefined variable $detail', 'C:\\xampp\\htdocs\\bus_pass_management\\app\\views\\getransactionpass.php', 115)
 2 SYSTEMPATH\View\View.php(228): include('C:\\xampp\\htdocs\\bus_pass_management\\app\\views\\getransactionpass.php')
 3 SYSTEMPATH\View\View.php(231): CodeIgniter\View\View->CodeIgniter\View\{closure}()
 4 SYSTEMPATH\Common.php(1178): CodeIgniter\View\View->render('getransactionPass', [], true)
 5 APPPATH\Controllers\PassController.php(85): view('getransactionPass')
 6 SYSTEMPATH\CodeIgniter.php(941): App\Controllers\PassController->getTransactionPass()
 7 SYSTEMPATH\CodeIgniter.php(502): CodeIgniter\CodeIgniter->runController(Object(App\Controllers\PassController))
 8 SYSTEMPATH\CodeIgniter.php(361): CodeIgniter\CodeIgniter->handleRequest(null, Object(Config\Cache), false)
 9 FCPATH\index.php(79): CodeIgniter\CodeIgniter->run()
10 SYSTEMPATH\Commands\Server\rewrite.php(47): require_once('C:\\xampp\\htdocs\\bus_pass_management\\public\\index.php')
CRITICAL - 2024-01-22 16:27:47 --> ErrorException: Undefined variable $detail
in APPPATH\views\getransactionpass.php on line 115.
 1 APPPATH\views\getransactionpass.php(115): CodeIgniter\Debug\Exceptions->errorHandler(2, 'Undefined variable $detail', 'C:\\xampp\\htdocs\\bus_pass_management\\app\\views\\getransactionpass.php', 115)
 2 SYSTEMPATH\View\View.php(228): include('C:\\xampp\\htdocs\\bus_pass_management\\app\\views\\getransactionpass.php')
 3 SYSTEMPATH\View\View.php(231): CodeIgniter\View\View->CodeIgniter\View\{closure}()
 4 SYSTEMPATH\Common.php(1178): CodeIgniter\View\View->render('getransactionPass', [], true)
 5 APPPATH\Controllers\PassController.php(85): view('getransactionPass')
 6 SYSTEMPATH\CodeIgniter.php(941): App\Controllers\PassController->getTransactionPass()
 7 SYSTEMPATH\CodeIgniter.php(502): CodeIgniter\CodeIgniter->runController(Object(App\Controllers\PassController))
 8 SYSTEMPATH\CodeIgniter.php(361): CodeIgniter\CodeIgniter->handleRequest(null, Object(Config\Cache), false)
 9 FCPATH\index.php(79): CodeIgniter\CodeIgniter->run()
10 SYSTEMPATH\Commands\Server\rewrite.php(47): require_once('C:\\xampp\\htdocs\\bus_pass_management\\public\\index.php')
CRITICAL - 2024-01-22 16:27:47 --> ErrorException: Undefined variable $detail
in APPPATH\views\getransactionpass.php on line 115.
 1 APPPATH\views\getransactionpass.php(115): CodeIgniter\Debug\Exceptions->errorHandler(2, 'Undefined variable $detail', 'C:\\xampp\\htdocs\\bus_pass_management\\app\\views\\getransactionpass.php', 115)
 2 SYSTEMPATH\View\View.php(228): include('C:\\xampp\\htdocs\\bus_pass_management\\app\\views\\getransactionpass.php')
 3 SYSTEMPATH\View\View.php(231): CodeIgniter\View\View->CodeIgniter\View\{closure}()
 4 SYSTEMPATH\Common.php(1178): CodeIgniter\View\View->render('getransactionPass', [], true)
 5 APPPATH\Controllers\PassController.php(85): view('getransactionPass')
 6 SYSTEMPATH\CodeIgniter.php(941): App\Controllers\PassController->getTransactionPass()
 7 SYSTEMPATH\CodeIgniter.php(502): CodeIgniter\CodeIgniter->runController(Object(App\Controllers\PassController))
 8 SYSTEMPATH\CodeIgniter.php(361): CodeIgniter\CodeIgniter->handleRequest(null, Object(Config\Cache), false)
 9 FCPATH\index.php(79): CodeIgniter\CodeIgniter->run()
10 SYSTEMPATH\Commands\Server\rewrite.php(47): require_once('C:\\xampp\\htdocs\\bus_pass_management\\public\\index.php')
CRITICAL - 2024-01-22 16:27:47 --> ErrorException: Undefined variable $detail
in APPPATH\views\getransactionpass.php on line 115.
 1 APPPATH\views\getransactionpass.php(115): CodeIgniter\Debug\Exceptions->errorHandler(2, 'Undefined variable $detail', 'C:\\xampp\\htdocs\\bus_pass_management\\app\\views\\getransactionpass.php', 115)
 2 SYSTEMPATH\View\View.php(228): include('C:\\xampp\\htdocs\\bus_pass_management\\app\\views\\getransactionpass.php')
 3 SYSTEMPATH\View\View.php(231): CodeIgniter\View\View->CodeIgniter\View\{closure}()
 4 SYSTEMPATH\Common.php(1178): CodeIgniter\View\View->render('getransactionPass', [], true)
 5 APPPATH\Controllers\PassController.php(85): view('getransactionPass')
 6 SYSTEMPATH\CodeIgniter.php(941): App\Controllers\PassController->getTransactionPass()
 7 SYSTEMPATH\CodeIgniter.php(502): CodeIgniter\CodeIgniter->runController(Object(App\Controllers\PassController))
 8 SYSTEMPATH\CodeIgniter.php(361): CodeIgniter\CodeIgniter->handleRequest(null, Object(Config\Cache), false)
 9 FCPATH\index.php(79): CodeIgniter\CodeIgniter->run()
10 SYSTEMPATH\Commands\Server\rewrite.php(47): require_once('C:\\xampp\\htdocs\\bus_pass_management\\public\\index.php')
CRITICAL - 2024-01-22 16:27:48 --> ErrorException: Undefined variable $detail
in APPPATH\views\getransactionpass.php on line 115.
 1 APPPATH\views\getransactionpass.php(115): CodeIgniter\Debug\Exceptions->errorHandler(2, 'Undefined variable $detail', 'C:\\xampp\\htdocs\\bus_pass_management\\app\\views\\getransactionpass.php', 115)
 2 SYSTEMPATH\View\View.php(228): include('C:\\xampp\\htdocs\\bus_pass_management\\app\\views\\getransactionpass.php')
 3 SYSTEMPATH\View\View.php(231): CodeIgniter\View\View->CodeIgniter\View\{closure}()
 4 SYSTEMPATH\Common.php(1178): CodeIgniter\View\View->render('getransactionPass', [], true)
 5 APPPATH\Controllers\PassController.php(85): view('getransactionPass')
 6 SYSTEMPATH\CodeIgniter.php(941): App\Controllers\PassController->getTransactionPass()
 7 SYSTEMPATH\CodeIgniter.php(502): CodeIgniter\CodeIgniter->runController(Object(App\Controllers\PassController))
 8 SYSTEMPATH\CodeIgniter.php(361): CodeIgniter\CodeIgniter->handleRequest(null, Object(Config\Cache), false)
 9 FCPATH\index.php(79): CodeIgniter\CodeIgniter->run()
10 SYSTEMPATH\Commands\Server\rewrite.php(47): require_once('C:\\xampp\\htdocs\\bus_pass_management\\public\\index.php')
CRITICAL - 2024-01-22 16:27:48 --> ErrorException: Undefined variable $detail
in APPPATH\views\getransactionpass.php on line 115.
 1 APPPATH\views\getransactionpass.php(115): CodeIgniter\Debug\Exceptions->errorHandler(2, 'Undefined variable $detail', 'C:\\xampp\\htdocs\\bus_pass_management\\app\\views\\getransactionpass.php', 115)
 2 SYSTEMPATH\View\View.php(228): include('C:\\xampp\\htdocs\\bus_pass_management\\app\\views\\getransactionpass.php')
 3 SYSTEMPATH\View\View.php(231): CodeIgniter\View\View->CodeIgniter\View\{closure}()
 4 SYSTEMPATH\Common.php(1178): CodeIgniter\View\View->render('getransactionPass', [], true)
 5 APPPATH\Controllers\PassController.php(85): view('getransactionPass')
 6 SYSTEMPATH\CodeIgniter.php(941): App\Controllers\PassController->getTransactionPass()
 7 SYSTEMPATH\CodeIgniter.php(502): CodeIgniter\CodeIgniter->runController(Object(App\Controllers\PassController))
 8 SYSTEMPATH\CodeIgniter.php(361): CodeIgniter\CodeIgniter->handleRequest(null, Object(Config\Cache), false)
 9 FCPATH\index.php(79): CodeIgniter\CodeIgniter->run()
10 SYSTEMPATH\Commands\Server\rewrite.php(47): require_once('C:\\xampp\\htdocs\\bus_pass_management\\public\\index.php')
CRITICAL - 2024-01-22 16:27:48 --> ErrorException: Undefined variable $detail
in APPPATH\views\getransactionpass.php on line 115.
 1 APPPATH\views\getransactionpass.php(115): CodeIgniter\Debug\Exceptions->errorHandler(2, 'Undefined variable $detail', 'C:\\xampp\\htdocs\\bus_pass_management\\app\\views\\getransactionpass.php', 115)
 2 SYSTEMPATH\View\View.php(228): include('C:\\xampp\\htdocs\\bus_pass_management\\app\\views\\getransactionpass.php')
 3 SYSTEMPATH\View\View.php(231): CodeIgniter\View\View->CodeIgniter\View\{closure}()
 4 SYSTEMPATH\Common.php(1178): CodeIgniter\View\View->render('getransactionPass', [], true)
 5 APPPATH\Controllers\PassController.php(85): view('getransactionPass')
 6 SYSTEMPATH\CodeIgniter.php(941): App\Controllers\PassController->getTransactionPass()
 7 SYSTEMPATH\CodeIgniter.php(502): CodeIgniter\CodeIgniter->runController(Object(App\Controllers\PassController))
 8 SYSTEMPATH\CodeIgniter.php(361): CodeIgniter\CodeIgniter->handleRequest(null, Object(Config\Cache), false)
 9 FCPATH\index.php(79): CodeIgniter\CodeIgniter->run()
10 SYSTEMPATH\Commands\Server\rewrite.php(47): require_once('C:\\xampp\\htdocs\\bus_pass_management\\public\\index.php')
CRITICAL - 2024-01-22 16:27:49 --> ErrorException: Undefined variable $detail
in APPPATH\views\getransactionpass.php on line 115.
 1 APPPATH\views\getransactionpass.php(115): CodeIgniter\Debug\Exceptions->errorHandler(2, 'Undefined variable $detail', 'C:\\xampp\\htdocs\\bus_pass_management\\app\\views\\getransactionpass.php', 115)
 2 SYSTEMPATH\View\View.php(228): include('C:\\xampp\\htdocs\\bus_pass_management\\app\\views\\getransactionpass.php')
 3 SYSTEMPATH\View\View.php(231): CodeIgniter\View\View->CodeIgniter\View\{closure}()
 4 SYSTEMPATH\Common.php(1178): CodeIgniter\View\View->render('getransactionPass', [], true)
 5 APPPATH\Controllers\PassController.php(85): view('getransactionPass')
 6 SYSTEMPATH\CodeIgniter.php(941): App\Controllers\PassController->getTransactionPass()
 7 SYSTEMPATH\CodeIgniter.php(502): CodeIgniter\CodeIgniter->runController(Object(App\Controllers\PassController))
 8 SYSTEMPATH\CodeIgniter.php(361): CodeIgniter\CodeIgniter->handleRequest(null, Object(Config\Cache), false)
 9 FCPATH\index.php(79): CodeIgniter\CodeIgniter->run()
10 SYSTEMPATH\Commands\Server\rewrite.php(47): require_once('C:\\xampp\\htdocs\\bus_pass_management\\public\\index.php')
CRITICAL - 2024-01-22 16:27:49 --> ErrorException: Undefined variable $detail
in APPPATH\views\getransactionpass.php on line 115.
 1 APPPATH\views\getransactionpass.php(115): CodeIgniter\Debug\Exceptions->errorHandler(2, 'Undefined variable $detail', 'C:\\xampp\\htdocs\\bus_pass_management\\app\\views\\getransactionpass.php', 115)
 2 SYSTEMPATH\View\View.php(228): include('C:\\xampp\\htdocs\\bus_pass_management\\app\\views\\getransactionpass.php')
 3 SYSTEMPATH\View\View.php(231): CodeIgniter\View\View->CodeIgniter\View\{closure}()
 4 SYSTEMPATH\Common.php(1178): CodeIgniter\View\View->render('getransactionPass', [], true)
 5 APPPATH\Controllers\PassController.php(85): view('getransactionPass')
 6 SYSTEMPATH\CodeIgniter.php(941): App\Controllers\PassController->getTransactionPass()
 7 SYSTEMPATH\CodeIgniter.php(502): CodeIgniter\CodeIgniter->runController(Object(App\Controllers\PassController))
 8 SYSTEMPATH\CodeIgniter.php(361): CodeIgniter\CodeIgniter->handleRequest(null, Object(Config\Cache), false)
 9 FCPATH\index.php(79): CodeIgniter\CodeIgniter->run()
10 SYSTEMPATH\Commands\Server\rewrite.php(47): require_once('C:\\xampp\\htdocs\\bus_pass_management\\public\\index.php')
CRITICAL - 2024-01-22 16:27:49 --> ErrorException: Undefined variable $detail
in APPPATH\views\getransactionpass.php on line 115.
 1 APPPATH\views\getransactionpass.php(115): CodeIgniter\Debug\Exceptions->errorHandler(2, 'Undefined variable $detail', 'C:\\xampp\\htdocs\\bus_pass_management\\app\\views\\getransactionpass.php', 115)
 2 SYSTEMPATH\View\View.php(228): include('C:\\xampp\\htdocs\\bus_pass_management\\app\\views\\getransactionpass.php')
 3 SYSTEMPATH\View\View.php(231): CodeIgniter\View\View->CodeIgniter\View\{closure}()
 4 SYSTEMPATH\Common.php(1178): CodeIgniter\View\View->render('getransactionPass', [], true)
 5 APPPATH\Controllers\PassController.php(85): view('getransactionPass')
 6 SYSTEMPATH\CodeIgniter.php(941): App\Controllers\PassController->getTransactionPass()
 7 SYSTEMPATH\CodeIgniter.php(502): CodeIgniter\CodeIgniter->runController(Object(App\Controllers\PassController))
 8 SYSTEMPATH\CodeIgniter.php(361): CodeIgniter\CodeIgniter->handleRequest(null, Object(Config\Cache), false)
 9 FCPATH\index.php(79): CodeIgniter\CodeIgniter->run()
10 SYSTEMPATH\Commands\Server\rewrite.php(47): require_once('C:\\xampp\\htdocs\\bus_pass_management\\public\\index.php')
CRITICAL - 2024-01-22 16:27:50 --> ErrorException: Undefined variable $detail
in APPPATH\views\getransactionpass.php on line 115.
 1 APPPATH\views\getransactionpass.php(115): CodeIgniter\Debug\Exceptions->errorHandler(2, 'Undefined variable $detail', 'C:\\xampp\\htdocs\\bus_pass_management\\app\\views\\getransactionpass.php', 115)
 2 SYSTEMPATH\View\View.php(228): include('C:\\xampp\\htdocs\\bus_pass_management\\app\\views\\getransactionpass.php')
 3 SYSTEMPATH\View\View.php(231): CodeIgniter\View\View->CodeIgniter\View\{closure}()
 4 SYSTEMPATH\Common.php(1178): CodeIgniter\View\View->render('getransactionPass', [], true)
 5 APPPATH\Controllers\PassController.php(85): view('getransactionPass')
 6 SYSTEMPATH\CodeIgniter.php(941): App\Controllers\PassController->getTransactionPass()
 7 SYSTEMPATH\CodeIgniter.php(502): CodeIgniter\CodeIgniter->runController(Object(App\Controllers\PassController))
 8 SYSTEMPATH\CodeIgniter.php(361): CodeIgniter\CodeIgniter->handleRequest(null, Object(Config\Cache), false)
 9 FCPATH\index.php(79): CodeIgniter\CodeIgniter->run()
10 SYSTEMPATH\Commands\Server\rewrite.php(47): require_once('C:\\xampp\\htdocs\\bus_pass_management\\public\\index.php')
CRITICAL - 2024-01-22 16:27:50 --> ErrorException: Undefined variable $detail
in APPPATH\views\getransactionpass.php on line 115.
 1 APPPATH\views\getransactionpass.php(115): CodeIgniter\Debug\Exceptions->errorHandler(2, 'Undefined variable $detail', 'C:\\xampp\\htdocs\\bus_pass_management\\app\\views\\getransactionpass.php', 115)
 2 SYSTEMPATH\View\View.php(228): include('C:\\xampp\\htdocs\\bus_pass_management\\app\\views\\getransactionpass.php')
 3 SYSTEMPATH\View\View.php(231): CodeIgniter\View\View->CodeIgniter\View\{closure}()
 4 SYSTEMPATH\Common.php(1178): CodeIgniter\View\View->render('getransactionPass', [], true)
 5 APPPATH\Controllers\PassController.php(85): view('getransactionPass')
 6 SYSTEMPATH\CodeIgniter.php(941): App\Controllers\PassController->getTransactionPass()
 7 SYSTEMPATH\CodeIgniter.php(502): CodeIgniter\CodeIgniter->runController(Object(App\Controllers\PassController))
 8 SYSTEMPATH\CodeIgniter.php(361): CodeIgniter\CodeIgniter->handleRequest(null, Object(Config\Cache), false)
 9 FCPATH\index.php(79): CodeIgniter\CodeIgniter->run()
10 SYSTEMPATH\Commands\Server\rewrite.php(47): require_once('C:\\xampp\\htdocs\\bus_pass_management\\public\\index.php')
CRITICAL - 2024-01-22 16:27:50 --> ErrorException: Undefined variable $detail
in APPPATH\views\getransactionpass.php on line 115.
 1 APPPATH\views\getransactionpass.php(115): CodeIgniter\Debug\Exceptions->errorHandler(2, 'Undefined variable $detail', 'C:\\xampp\\htdocs\\bus_pass_management\\app\\views\\getransactionpass.php', 115)
 2 SYSTEMPATH\View\View.php(228): include('C:\\xampp\\htdocs\\bus_pass_management\\app\\views\\getransactionpass.php')
 3 SYSTEMPATH\View\View.php(231): CodeIgniter\View\View->CodeIgniter\View\{closure}()
 4 SYSTEMPATH\Common.php(1178): CodeIgniter\View\View->render('getransactionPass', [], true)
 5 APPPATH\Controllers\PassController.php(85): view('getransactionPass')
 6 SYSTEMPATH\CodeIgniter.php(941): App\Controllers\PassController->getTransactionPass()
 7 SYSTEMPATH\CodeIgniter.php(502): CodeIgniter\CodeIgniter->runController(Object(App\Controllers\PassController))
 8 SYSTEMPATH\CodeIgniter.php(361): CodeIgniter\CodeIgniter->handleRequest(null, Object(Config\Cache), false)
 9 FCPATH\index.php(79): CodeIgniter\CodeIgniter->run()
10 SYSTEMPATH\Commands\Server\rewrite.php(47): require_once('C:\\xampp\\htdocs\\bus_pass_management\\public\\index.php')
CRITICAL - 2024-01-22 16:27:51 --> ErrorException: Undefined variable $detail
in APPPATH\views\getransactionpass.php on line 115.
 1 APPPATH\views\getransactionpass.php(115): CodeIgniter\Debug\Exceptions->errorHandler(2, 'Undefined variable $detail', 'C:\\xampp\\htdocs\\bus_pass_management\\app\\views\\getransactionpass.php', 115)
 2 SYSTEMPATH\View\View.php(228): include('C:\\xampp\\htdocs\\bus_pass_management\\app\\views\\getransactionpass.php')
 3 SYSTEMPATH\View\View.php(231): CodeIgniter\View\View->CodeIgniter\View\{closure}()
 4 SYSTEMPATH\Common.php(1178): CodeIgniter\View\View->render('getransactionPass', [], true)
 5 APPPATH\Controllers\PassController.php(85): view('getransactionPass')
 6 SYSTEMPATH\CodeIgniter.php(941): App\Controllers\PassController->getTransactionPass()
 7 SYSTEMPATH\CodeIgniter.php(502): CodeIgniter\CodeIgniter->runController(Object(App\Controllers\PassController))
 8 SYSTEMPATH\CodeIgniter.php(361): CodeIgniter\CodeIgniter->handleRequest(null, Object(Config\Cache), false)
 9 FCPATH\index.php(79): CodeIgniter\CodeIgniter->run()
10 SYSTEMPATH\Commands\Server\rewrite.php(47): require_once('C:\\xampp\\htdocs\\bus_pass_management\\public\\index.php')
CRITICAL - 2024-01-22 16:27:51 --> ErrorException: Undefined variable $detail
in APPPATH\views\getransactionpass.php on line 115.
 1 APPPATH\views\getransactionpass.php(115): CodeIgniter\Debug\Exceptions->errorHandler(2, 'Undefined variable $detail', 'C:\\xampp\\htdocs\\bus_pass_management\\app\\views\\getransactionpass.php', 115)
 2 SYSTEMPATH\View\View.php(228): include('C:\\xampp\\htdocs\\bus_pass_management\\app\\views\\getransactionpass.php')
 3 SYSTEMPATH\View\View.php(231): CodeIgniter\View\View->CodeIgniter\View\{closure}()
 4 SYSTEMPATH\Common.php(1178): CodeIgniter\View\View->render('getransactionPass', [], true)
 5 APPPATH\Controllers\PassController.php(85): view('getransactionPass')
 6 SYSTEMPATH\CodeIgniter.php(941): App\Controllers\PassController->getTransactionPass()
 7 SYSTEMPATH\CodeIgniter.php(502): CodeIgniter\CodeIgniter->runController(Object(App\Controllers\PassController))
 8 SYSTEMPATH\CodeIgniter.php(361): CodeIgniter\CodeIgniter->handleRequest(null, Object(Config\Cache), false)
 9 FCPATH\index.php(79): CodeIgniter\CodeIgniter->run()
10 SYSTEMPATH\Commands\Server\rewrite.php(47): require_once('C:\\xampp\\htdocs\\bus_pass_management\\public\\index.php')
CRITICAL - 2024-01-22 16:27:51 --> ErrorException: Undefined variable $detail
in APPPATH\views\getransactionpass.php on line 115.
 1 APPPATH\views\getransactionpass.php(115): CodeIgniter\Debug\Exceptions->errorHandler(2, 'Undefined variable $detail', 'C:\\xampp\\htdocs\\bus_pass_management\\app\\views\\getransactionpass.php', 115)
 2 SYSTEMPATH\View\View.php(228): include('C:\\xampp\\htdocs\\bus_pass_management\\app\\views\\getransactionpass.php')
 3 SYSTEMPATH\View\View.php(231): CodeIgniter\View\View->CodeIgniter\View\{closure}()
 4 SYSTEMPATH\Common.php(1178): CodeIgniter\View\View->render('getransactionPass', [], true)
 5 APPPATH\Controllers\PassController.php(85): view('getransactionPass')
 6 SYSTEMPATH\CodeIgniter.php(941): App\Controllers\PassController->getTransactionPass()
 7 SYSTEMPATH\CodeIgniter.php(502): CodeIgniter\CodeIgniter->runController(Object(App\Controllers\PassController))
 8 SYSTEMPATH\CodeIgniter.php(361): CodeIgniter\CodeIgniter->handleRequest(null, Object(Config\Cache), false)
 9 FCPATH\index.php(79): CodeIgniter\CodeIgniter->run()
10 SYSTEMPATH\Commands\Server\rewrite.php(47): require_once('C:\\xampp\\htdocs\\bus_pass_management\\public\\index.php')
CRITICAL - 2024-01-22 16:28:10 --> ErrorException: Undefined variable $detail
in APPPATH\views\getransactionpass.php on line 115.
 1 APPPATH\views\getransactionpass.php(115): CodeIgniter\Debug\Exceptions->errorHandler(2, 'Undefined variable $detail', 'C:\\xampp\\htdocs\\bus_pass_management\\app\\views\\getransactionpass.php', 115)
 2 SYSTEMPATH\View\View.php(228): include('C:\\xampp\\htdocs\\bus_pass_management\\app\\views\\getransactionpass.php')
 3 SYSTEMPATH\View\View.php(231): CodeIgniter\View\View->CodeIgniter\View\{closure}()
 4 SYSTEMPATH\Common.php(1178): CodeIgniter\View\View->render('getransactionPass', [], true)
 5 APPPATH\Controllers\PassController.php(85): view('getransactionPass')
 6 SYSTEMPATH\CodeIgniter.php(941): App\Controllers\PassController->getTransactionPass()
 7 SYSTEMPATH\CodeIgniter.php(502): CodeIgniter\CodeIgniter->runController(Object(App\Controllers\PassController))
 8 SYSTEMPATH\CodeIgniter.php(361): CodeIgniter\CodeIgniter->handleRequest(null, Object(Config\Cache), false)
 9 FCPATH\index.php(79): CodeIgniter\CodeIgniter->run()
10 SYSTEMPATH\Commands\Server\rewrite.php(47): require_once('C:\\xampp\\htdocs\\bus_pass_management\\public\\index.php')
CRITICAL - 2024-01-22 16:28:11 --> ErrorException: Undefined variable $detail
in APPPATH\views\getransactionpass.php on line 115.
 1 APPPATH\views\getransactionpass.php(115): CodeIgniter\Debug\Exceptions->errorHandler(2, 'Undefined variable $detail', 'C:\\xampp\\htdocs\\bus_pass_management\\app\\views\\getransactionpass.php', 115)
 2 SYSTEMPATH\View\View.php(228): include('C:\\xampp\\htdocs\\bus_pass_management\\app\\views\\getransactionpass.php')
 3 SYSTEMPATH\View\View.php(231): CodeIgniter\View\View->CodeIgniter\View\{closure}()
 4 SYSTEMPATH\Common.php(1178): CodeIgniter\View\View->render('getransactionPass', [], true)
 5 APPPATH\Controllers\PassController.php(85): view('getransactionPass')
 6 SYSTEMPATH\CodeIgniter.php(941): App\Controllers\PassController->getTransactionPass()
 7 SYSTEMPATH\CodeIgniter.php(502): CodeIgniter\CodeIgniter->runController(Object(App\Controllers\PassController))
 8 SYSTEMPATH\CodeIgniter.php(361): CodeIgniter\CodeIgniter->handleRequest(null, Object(Config\Cache), false)
 9 FCPATH\index.php(79): CodeIgniter\CodeIgniter->run()
10 SYSTEMPATH\Commands\Server\rewrite.php(47): require_once('C:\\xampp\\htdocs\\bus_pass_management\\public\\index.php')
CRITICAL - 2024-01-22 16:29:16 --> ErrorException: Undefined variable $detail
in APPPATH\views\getransactionpass.php on line 115.
 1 APPPATH\views\getransactionpass.php(115): CodeIgniter\Debug\Exceptions->errorHandler(2, 'Undefined variable $detail', 'C:\\xampp\\htdocs\\bus_pass_management\\app\\views\\getransactionpass.php', 115)
 2 SYSTEMPATH\View\View.php(228): include('C:\\xampp\\htdocs\\bus_pass_management\\app\\views\\getransactionpass.php')
 3 SYSTEMPATH\View\View.php(231): CodeIgniter\View\View->CodeIgniter\View\{closure}()
 4 SYSTEMPATH\Common.php(1178): CodeIgniter\View\View->render('getransactionPass', [], true)
 5 APPPATH\Controllers\PassController.php(85): view('getransactionPass')
 6 SYSTEMPATH\CodeIgniter.php(941): App\Controllers\PassController->getTransactionPass()
 7 SYSTEMPATH\CodeIgniter.php(502): CodeIgniter\CodeIgniter->runController(Object(App\Controllers\PassController))
 8 SYSTEMPATH\CodeIgniter.php(361): CodeIgniter\CodeIgniter->handleRequest(null, Object(Config\Cache), false)
 9 FCPATH\index.php(79): CodeIgniter\CodeIgniter->run()
10 SYSTEMPATH\Commands\Server\rewrite.php(47): require_once('C:\\xampp\\htdocs\\bus_pass_management\\public\\index.php')
CRITICAL - 2024-01-22 16:29:18 --> ErrorException: Undefined variable $detail
in APPPATH\views\getransactionpass.php on line 115.
 1 APPPATH\views\getransactionpass.php(115): CodeIgniter\Debug\Exceptions->errorHandler(2, 'Undefined variable $detail', 'C:\\xampp\\htdocs\\bus_pass_management\\app\\views\\getransactionpass.php', 115)
 2 SYSTEMPATH\View\View.php(228): include('C:\\xampp\\htdocs\\bus_pass_management\\app\\views\\getransactionpass.php')
 3 SYSTEMPATH\View\View.php(231): CodeIgniter\View\View->CodeIgniter\View\{closure}()
 4 SYSTEMPATH\Common.php(1178): CodeIgniter\View\View->render('getransactionPass', [], true)
 5 APPPATH\Controllers\PassController.php(85): view('getransactionPass')
 6 SYSTEMPATH\CodeIgniter.php(941): App\Controllers\PassController->getTransactionPass()
 7 SYSTEMPATH\CodeIgniter.php(502): CodeIgniter\CodeIgniter->runController(Object(App\Controllers\PassController))
 8 SYSTEMPATH\CodeIgniter.php(361): CodeIgniter\CodeIgniter->handleRequest(null, Object(Config\Cache), false)
 9 FCPATH\index.php(79): CodeIgniter\CodeIgniter->run()
10 SYSTEMPATH\Commands\Server\rewrite.php(47): require_once('C:\\xampp\\htdocs\\bus_pass_management\\public\\index.php')
CRITICAL - 2024-01-22 16:29:45 --> ErrorException: Undefined variable $detail
in APPPATH\views\getransactionpass.php on line 132.
 1 APPPATH\views\getransactionpass.php(132): CodeIgniter\Debug\Exceptions->errorHandler(2, 'Undefined variable $detail', 'C:\\xampp\\htdocs\\bus_pass_management\\app\\views\\getransactionpass.php', 132)
 2 SYSTEMPATH\View\View.php(228): include('C:\\xampp\\htdocs\\bus_pass_management\\app\\views\\getransactionpass.php')
 3 SYSTEMPATH\View\View.php(231): CodeIgniter\View\View->CodeIgniter\View\{closure}()
 4 SYSTEMPATH\Common.php(1178): CodeIgniter\View\View->render('getransactionPass', [], true)
 5 APPPATH\Controllers\PassController.php(85): view('getransactionPass')
 6 SYSTEMPATH\CodeIgniter.php(941): App\Controllers\PassController->getTransactionPass()
 7 SYSTEMPATH\CodeIgniter.php(502): CodeIgniter\CodeIgniter->runController(Object(App\Controllers\PassController))
 8 SYSTEMPATH\CodeIgniter.php(361): CodeIgniter\CodeIgniter->handleRequest(null, Object(Config\Cache), false)
 9 FCPATH\index.php(79): CodeIgniter\CodeIgniter->run()
10 SYSTEMPATH\Commands\Server\rewrite.php(47): require_once('C:\\xampp\\htdocs\\bus_pass_management\\public\\index.php')
CRITICAL - 2024-01-22 16:30:54 --> ErrorException: Undefined variable $detail
in APPPATH\views\getransactionpass.php on line 132.
 1 APPPATH\views\getransactionpass.php(132): CodeIgniter\Debug\Exceptions->errorHandler(2, 'Undefined variable $detail', 'C:\\xampp\\htdocs\\bus_pass_management\\app\\views\\getransactionpass.php', 132)
 2 SYSTEMPATH\View\View.php(228): include('C:\\xampp\\htdocs\\bus_pass_management\\app\\views\\getransactionpass.php')
 3 SYSTEMPATH\View\View.php(231): CodeIgniter\View\View->CodeIgniter\View\{closure}()
 4 SYSTEMPATH\Common.php(1178): CodeIgniter\View\View->render('getransactionPass', [], true)
 5 APPPATH\Controllers\PassController.php(85): view('getransactionPass')
 6 SYSTEMPATH\CodeIgniter.php(941): App\Controllers\PassController->getTransactionPass()
 7 SYSTEMPATH\CodeIgniter.php(502): CodeIgniter\CodeIgniter->runController(Object(App\Controllers\PassController))
 8 SYSTEMPATH\CodeIgniter.php(361): CodeIgniter\CodeIgniter->handleRequest(null, Object(Config\Cache), false)
 9 FCPATH\index.php(79): CodeIgniter\CodeIgniter->run()
10 SYSTEMPATH\Commands\Server\rewrite.php(47): require_once('C:\\xampp\\htdocs\\bus_pass_management\\public\\index.php')
CRITICAL - 2024-01-22 16:30:55 --> ErrorException: Undefined variable $detail
in APPPATH\views\getransactionpass.php on line 132.
 1 APPPATH\views\getransactionpass.php(132): CodeIgniter\Debug\Exceptions->errorHandler(2, 'Undefined variable $detail', 'C:\\xampp\\htdocs\\bus_pass_management\\app\\views\\getransactionpass.php', 132)
 2 SYSTEMPATH\View\View.php(228): include('C:\\xampp\\htdocs\\bus_pass_management\\app\\views\\getransactionpass.php')
 3 SYSTEMPATH\View\View.php(231): CodeIgniter\View\View->CodeIgniter\View\{closure}()
 4 SYSTEMPATH\Common.php(1178): CodeIgniter\View\View->render('getransactionPass', [], true)
 5 APPPATH\Controllers\PassController.php(85): view('getransactionPass')
 6 SYSTEMPATH\CodeIgniter.php(941): App\Controllers\PassController->getTransactionPass()
 7 SYSTEMPATH\CodeIgniter.php(502): CodeIgniter\CodeIgniter->runController(Object(App\Controllers\PassController))
 8 SYSTEMPATH\CodeIgniter.php(361): CodeIgniter\CodeIgniter->handleRequest(null, Object(Config\Cache), false)
 9 FCPATH\index.php(79): CodeIgniter\CodeIgniter->run()
10 SYSTEMPATH\Commands\Server\rewrite.php(47): require_once('C:\\xampp\\htdocs\\bus_pass_management\\public\\index.php')
CRITICAL - 2024-01-22 16:30:56 --> ErrorException: Undefined variable $detail
in APPPATH\views\getransactionpass.php on line 132.
 1 APPPATH\views\getransactionpass.php(132): CodeIgniter\Debug\Exceptions->errorHandler(2, 'Undefined variable $detail', 'C:\\xampp\\htdocs\\bus_pass_management\\app\\views\\getransactionpass.php', 132)
 2 SYSTEMPATH\View\View.php(228): include('C:\\xampp\\htdocs\\bus_pass_management\\app\\views\\getransactionpass.php')
 3 SYSTEMPATH\View\View.php(231): CodeIgniter\View\View->CodeIgniter\View\{closure}()
 4 SYSTEMPATH\Common.php(1178): CodeIgniter\View\View->render('getransactionPass', [], true)
 5 APPPATH\Controllers\PassController.php(85): view('getransactionPass')
 6 SYSTEMPATH\CodeIgniter.php(941): App\Controllers\PassController->getTransactionPass()
 7 SYSTEMPATH\CodeIgniter.php(502): CodeIgniter\CodeIgniter->runController(Object(App\Controllers\PassController))
 8 SYSTEMPATH\CodeIgniter.php(361): CodeIgniter\CodeIgniter->handleRequest(null, Object(Config\Cache), false)
 9 FCPATH\index.php(79): CodeIgniter\CodeIgniter->run()
10 SYSTEMPATH\Commands\Server\rewrite.php(47): require_once('C:\\xampp\\htdocs\\bus_pass_management\\public\\index.php')
CRITICAL - 2024-01-22 16:30:56 --> ErrorException: Undefined variable $detail
in APPPATH\views\getransactionpass.php on line 132.
 1 APPPATH\views\getransactionpass.php(132): CodeIgniter\Debug\Exceptions->errorHandler(2, 'Undefined variable $detail', 'C:\\xampp\\htdocs\\bus_pass_management\\app\\views\\getransactionpass.php', 132)
 2 SYSTEMPATH\View\View.php(228): include('C:\\xampp\\htdocs\\bus_pass_management\\app\\views\\getransactionpass.php')
 3 SYSTEMPATH\View\View.php(231): CodeIgniter\View\View->CodeIgniter\View\{closure}()
 4 SYSTEMPATH\Common.php(1178): CodeIgniter\View\View->render('getransactionPass', [], true)
 5 APPPATH\Controllers\PassController.php(85): view('getransactionPass')
 6 SYSTEMPATH\CodeIgniter.php(941): App\Controllers\PassController->getTransactionPass()
 7 SYSTEMPATH\CodeIgniter.php(502): CodeIgniter\CodeIgniter->runController(Object(App\Controllers\PassController))
 8 SYSTEMPATH\CodeIgniter.php(361): CodeIgniter\CodeIgniter->handleRequest(null, Object(Config\Cache), false)
 9 FCPATH\index.php(79): CodeIgniter\CodeIgniter->run()
10 SYSTEMPATH\Commands\Server\rewrite.php(47): require_once('C:\\xampp\\htdocs\\bus_pass_management\\public\\index.php')
CRITICAL - 2024-01-22 16:30:56 --> ErrorException: Undefined variable $detail
in APPPATH\views\getransactionpass.php on line 132.
 1 APPPATH\views\getransactionpass.php(132): CodeIgniter\Debug\Exceptions->errorHandler(2, 'Undefined variable $detail', 'C:\\xampp\\htdocs\\bus_pass_management\\app\\views\\getransactionpass.php', 132)
 2 SYSTEMPATH\View\View.php(228): include('C:\\xampp\\htdocs\\bus_pass_management\\app\\views\\getransactionpass.php')
 3 SYSTEMPATH\View\View.php(231): CodeIgniter\View\View->CodeIgniter\View\{closure}()
 4 SYSTEMPATH\Common.php(1178): CodeIgniter\View\View->render('getransactionPass', [], true)
 5 APPPATH\Controllers\PassController.php(85): view('getransactionPass')
 6 SYSTEMPATH\CodeIgniter.php(941): App\Controllers\PassController->getTransactionPass()
 7 SYSTEMPATH\CodeIgniter.php(502): CodeIgniter\CodeIgniter->runController(Object(App\Controllers\PassController))
 8 SYSTEMPATH\CodeIgniter.php(361): CodeIgniter\CodeIgniter->handleRequest(null, Object(Config\Cache), false)
 9 FCPATH\index.php(79): CodeIgniter\CodeIgniter->run()
10 SYSTEMPATH\Commands\Server\rewrite.php(47): require_once('C:\\xampp\\htdocs\\bus_pass_management\\public\\index.php')
CRITICAL - 2024-01-22 16:30:56 --> ErrorException: Undefined variable $detail
in APPPATH\views\getransactionpass.php on line 132.
 1 APPPATH\views\getransactionpass.php(132): CodeIgniter\Debug\Exceptions->errorHandler(2, 'Undefined variable $detail', 'C:\\xampp\\htdocs\\bus_pass_management\\app\\views\\getransactionpass.php', 132)
 2 SYSTEMPATH\View\View.php(228): include('C:\\xampp\\htdocs\\bus_pass_management\\app\\views\\getransactionpass.php')
 3 SYSTEMPATH\View\View.php(231): CodeIgniter\View\View->CodeIgniter\View\{closure}()
 4 SYSTEMPATH\Common.php(1178): CodeIgniter\View\View->render('getransactionPass', [], true)
 5 APPPATH\Controllers\PassController.php(85): view('getransactionPass')
 6 SYSTEMPATH\CodeIgniter.php(941): App\Controllers\PassController->getTransactionPass()
 7 SYSTEMPATH\CodeIgniter.php(502): CodeIgniter\CodeIgniter->runController(Object(App\Controllers\PassController))
 8 SYSTEMPATH\CodeIgniter.php(361): CodeIgniter\CodeIgniter->handleRequest(null, Object(Config\Cache), false)
 9 FCPATH\index.php(79): CodeIgniter\CodeIgniter->run()
10 SYSTEMPATH\Commands\Server\rewrite.php(47): require_once('C:\\xampp\\htdocs\\bus_pass_management\\public\\index.php')
CRITICAL - 2024-01-22 16:31:45 --> ErrorException: Undefined variable $detail
in APPPATH\views\getransactionpass.php on line 132.
 1 APPPATH\views\getransactionpass.php(132): CodeIgniter\Debug\Exceptions->errorHandler(2, 'Undefined variable $detail', 'C:\\xampp\\htdocs\\bus_pass_management\\app\\views\\getransactionpass.php', 132)
 2 SYSTEMPATH\View\View.php(228): include('C:\\xampp\\htdocs\\bus_pass_management\\app\\views\\getransactionpass.php')
 3 SYSTEMPATH\View\View.php(231): CodeIgniter\View\View->CodeIgniter\View\{closure}()
 4 SYSTEMPATH\Common.php(1178): CodeIgniter\View\View->render('getransactionPass', [], true)
 5 APPPATH\Controllers\PassController.php(85): view('getransactionPass')
 6 SYSTEMPATH\CodeIgniter.php(941): App\Controllers\PassController->getTransactionPass()
 7 SYSTEMPATH\CodeIgniter.php(502): CodeIgniter\CodeIgniter->runController(Object(App\Controllers\PassController))
 8 SYSTEMPATH\CodeIgniter.php(361): CodeIgniter\CodeIgniter->handleRequest(null, Object(Config\Cache), false)
 9 FCPATH\index.php(79): CodeIgniter\CodeIgniter->run()
10 SYSTEMPATH\Commands\Server\rewrite.php(47): require_once('C:\\xampp\\htdocs\\bus_pass_management\\public\\index.php')
CRITICAL - 2024-01-22 16:31:46 --> ErrorException: Undefined variable $detail
in APPPATH\views\getransactionpass.php on line 132.
 1 APPPATH\views\getransactionpass.php(132): CodeIgniter\Debug\Exceptions->errorHandler(2, 'Undefined variable $detail', 'C:\\xampp\\htdocs\\bus_pass_management\\app\\views\\getransactionpass.php', 132)
 2 SYSTEMPATH\View\View.php(228): include('C:\\xampp\\htdocs\\bus_pass_management\\app\\views\\getransactionpass.php')
 3 SYSTEMPATH\View\View.php(231): CodeIgniter\View\View->CodeIgniter\View\{closure}()
 4 SYSTEMPATH\Common.php(1178): CodeIgniter\View\View->render('getransactionPass', [], true)
 5 APPPATH\Controllers\PassController.php(85): view('getransactionPass')
 6 SYSTEMPATH\CodeIgniter.php(941): App\Controllers\PassController->getTransactionPass()
 7 SYSTEMPATH\CodeIgniter.php(502): CodeIgniter\CodeIgniter->runController(Object(App\Controllers\PassController))
 8 SYSTEMPATH\CodeIgniter.php(361): CodeIgniter\CodeIgniter->handleRequest(null, Object(Config\Cache), false)
 9 FCPATH\index.php(79): CodeIgniter\CodeIgniter->run()
10 SYSTEMPATH\Commands\Server\rewrite.php(47): require_once('C:\\xampp\\htdocs\\bus_pass_management\\public\\index.php')
CRITICAL - 2024-01-22 16:31:46 --> ErrorException: Undefined variable $detail
in APPPATH\views\getransactionpass.php on line 132.
 1 APPPATH\views\getransactionpass.php(132): CodeIgniter\Debug\Exceptions->errorHandler(2, 'Undefined variable $detail', 'C:\\xampp\\htdocs\\bus_pass_management\\app\\views\\getransactionpass.php', 132)
 2 SYSTEMPATH\View\View.php(228): include('C:\\xampp\\htdocs\\bus_pass_management\\app\\views\\getransactionpass.php')
 3 SYSTEMPATH\View\View.php(231): CodeIgniter\View\View->CodeIgniter\View\{closure}()
 4 SYSTEMPATH\Common.php(1178): CodeIgniter\View\View->render('getransactionPass', [], true)
 5 APPPATH\Controllers\PassController.php(85): view('getransactionPass')
 6 SYSTEMPATH\CodeIgniter.php(941): App\Controllers\PassController->getTransactionPass()
 7 SYSTEMPATH\CodeIgniter.php(502): CodeIgniter\CodeIgniter->runController(Object(App\Controllers\PassController))
 8 SYSTEMPATH\CodeIgniter.php(361): CodeIgniter\CodeIgniter->handleRequest(null, Object(Config\Cache), false)
 9 FCPATH\index.php(79): CodeIgniter\CodeIgniter->run()
10 SYSTEMPATH\Commands\Server\rewrite.php(47): require_once('C:\\xampp\\htdocs\\bus_pass_management\\public\\index.php')
CRITICAL - 2024-01-22 16:31:46 --> ErrorException: Undefined variable $detail
in APPPATH\views\getransactionpass.php on line 132.
 1 APPPATH\views\getransactionpass.php(132): CodeIgniter\Debug\Exceptions->errorHandler(2, 'Undefined variable $detail', 'C:\\xampp\\htdocs\\bus_pass_management\\app\\views\\getransactionpass.php', 132)
 2 SYSTEMPATH\View\View.php(228): include('C:\\xampp\\htdocs\\bus_pass_management\\app\\views\\getransactionpass.php')
 3 SYSTEMPATH\View\View.php(231): CodeIgniter\View\View->CodeIgniter\View\{closure}()
 4 SYSTEMPATH\Common.php(1178): CodeIgniter\View\View->render('getransactionPass', [], true)
 5 APPPATH\Controllers\PassController.php(85): view('getransactionPass')
 6 SYSTEMPATH\CodeIgniter.php(941): App\Controllers\PassController->getTransactionPass()
 7 SYSTEMPATH\CodeIgniter.php(502): CodeIgniter\CodeIgniter->runController(Object(App\Controllers\PassController))
 8 SYSTEMPATH\CodeIgniter.php(361): CodeIgniter\CodeIgniter->handleRequest(null, Object(Config\Cache), false)
 9 FCPATH\index.php(79): CodeIgniter\CodeIgniter->run()
10 SYSTEMPATH\Commands\Server\rewrite.php(47): require_once('C:\\xampp\\htdocs\\bus_pass_management\\public\\index.php')
CRITICAL - 2024-01-22 16:31:47 --> ErrorException: Undefined variable $detail
in APPPATH\views\getransactionpass.php on line 132.
 1 APPPATH\views\getransactionpass.php(132): CodeIgniter\Debug\Exceptions->errorHandler(2, 'Undefined variable $detail', 'C:\\xampp\\htdocs\\bus_pass_management\\app\\views\\getransactionpass.php', 132)
 2 SYSTEMPATH\View\View.php(228): include('C:\\xampp\\htdocs\\bus_pass_management\\app\\views\\getransactionpass.php')
 3 SYSTEMPATH\View\View.php(231): CodeIgniter\View\View->CodeIgniter\View\{closure}()
 4 SYSTEMPATH\Common.php(1178): CodeIgniter\View\View->render('getransactionPass', [], true)
 5 APPPATH\Controllers\PassController.php(85): view('getransactionPass')
 6 SYSTEMPATH\CodeIgniter.php(941): App\Controllers\PassController->getTransactionPass()
 7 SYSTEMPATH\CodeIgniter.php(502): CodeIgniter\CodeIgniter->runController(Object(App\Controllers\PassController))
 8 SYSTEMPATH\CodeIgniter.php(361): CodeIgniter\CodeIgniter->handleRequest(null, Object(Config\Cache), false)
 9 FCPATH\index.php(79): CodeIgniter\CodeIgniter->run()
10 SYSTEMPATH\Commands\Server\rewrite.php(47): require_once('C:\\xampp\\htdocs\\bus_pass_management\\public\\index.php')
CRITICAL - 2024-01-22 16:31:47 --> ErrorException: Undefined variable $detail
in APPPATH\views\getransactionpass.php on line 132.
 1 APPPATH\views\getransactionpass.php(132): CodeIgniter\Debug\Exceptions->errorHandler(2, 'Undefined variable $detail', 'C:\\xampp\\htdocs\\bus_pass_management\\app\\views\\getransactionpass.php', 132)
 2 SYSTEMPATH\View\View.php(228): include('C:\\xampp\\htdocs\\bus_pass_management\\app\\views\\getransactionpass.php')
 3 SYSTEMPATH\View\View.php(231): CodeIgniter\View\View->CodeIgniter\View\{closure}()
 4 SYSTEMPATH\Common.php(1178): CodeIgniter\View\View->render('getransactionPass', [], true)
 5 APPPATH\Controllers\PassController.php(85): view('getransactionPass')
 6 SYSTEMPATH\CodeIgniter.php(941): App\Controllers\PassController->getTransactionPass()
 7 SYSTEMPATH\CodeIgniter.php(502): CodeIgniter\CodeIgniter->runController(Object(App\Controllers\PassController))
 8 SYSTEMPATH\CodeIgniter.php(361): CodeIgniter\CodeIgniter->handleRequest(null, Object(Config\Cache), false)
 9 FCPATH\index.php(79): CodeIgniter\CodeIgniter->run()
10 SYSTEMPATH\Commands\Server\rewrite.php(47): require_once('C:\\xampp\\htdocs\\bus_pass_management\\public\\index.php')
CRITICAL - 2024-01-22 16:31:47 --> ErrorException: Undefined variable $detail
in APPPATH\views\getransactionpass.php on line 132.
 1 APPPATH\views\getransactionpass.php(132): CodeIgniter\Debug\Exceptions->errorHandler(2, 'Undefined variable $detail', 'C:\\xampp\\htdocs\\bus_pass_management\\app\\views\\getransactionpass.php', 132)
 2 SYSTEMPATH\View\View.php(228): include('C:\\xampp\\htdocs\\bus_pass_management\\app\\views\\getransactionpass.php')
 3 SYSTEMPATH\View\View.php(231): CodeIgniter\View\View->CodeIgniter\View\{closure}()
 4 SYSTEMPATH\Common.php(1178): CodeIgniter\View\View->render('getransactionPass', [], true)
 5 APPPATH\Controllers\PassController.php(85): view('getransactionPass')
 6 SYSTEMPATH\CodeIgniter.php(941): App\Controllers\PassController->getTransactionPass()
 7 SYSTEMPATH\CodeIgniter.php(502): CodeIgniter\CodeIgniter->runController(Object(App\Controllers\PassController))
 8 SYSTEMPATH\CodeIgniter.php(361): CodeIgniter\CodeIgniter->handleRequest(null, Object(Config\Cache), false)
 9 FCPATH\index.php(79): CodeIgniter\CodeIgniter->run()
10 SYSTEMPATH\Commands\Server\rewrite.php(47): require_once('C:\\xampp\\htdocs\\bus_pass_management\\public\\index.php')
CRITICAL - 2024-01-22 16:31:47 --> ErrorException: Undefined variable $detail
in APPPATH\views\getransactionpass.php on line 132.
 1 APPPATH\views\getransactionpass.php(132): CodeIgniter\Debug\Exceptions->errorHandler(2, 'Undefined variable $detail', 'C:\\xampp\\htdocs\\bus_pass_management\\app\\views\\getransactionpass.php', 132)
 2 SYSTEMPATH\View\View.php(228): include('C:\\xampp\\htdocs\\bus_pass_management\\app\\views\\getransactionpass.php')
 3 SYSTEMPATH\View\View.php(231): CodeIgniter\View\View->CodeIgniter\View\{closure}()
 4 SYSTEMPATH\Common.php(1178): CodeIgniter\View\View->render('getransactionPass', [], true)
 5 APPPATH\Controllers\PassController.php(85): view('getransactionPass')
 6 SYSTEMPATH\CodeIgniter.php(941): App\Controllers\PassController->getTransactionPass()
 7 SYSTEMPATH\CodeIgniter.php(502): CodeIgniter\CodeIgniter->runController(Object(App\Controllers\PassController))
 8 SYSTEMPATH\CodeIgniter.php(361): CodeIgniter\CodeIgniter->handleRequest(null, Object(Config\Cache), false)
 9 FCPATH\index.php(79): CodeIgniter\CodeIgniter->run()
10 SYSTEMPATH\Commands\Server\rewrite.php(47): require_once('C:\\xampp\\htdocs\\bus_pass_management\\public\\index.php')
CRITICAL - 2024-01-22 16:31:47 --> ErrorException: Undefined variable $detail
in APPPATH\views\getransactionpass.php on line 132.
 1 APPPATH\views\getransactionpass.php(132): CodeIgniter\Debug\Exceptions->errorHandler(2, 'Undefined variable $detail', 'C:\\xampp\\htdocs\\bus_pass_management\\app\\views\\getransactionpass.php', 132)
 2 SYSTEMPATH\View\View.php(228): include('C:\\xampp\\htdocs\\bus_pass_management\\app\\views\\getransactionpass.php')
 3 SYSTEMPATH\View\View.php(231): CodeIgniter\View\View->CodeIgniter\View\{closure}()
 4 SYSTEMPATH\Common.php(1178): CodeIgniter\View\View->render('getransactionPass', [], true)
 5 APPPATH\Controllers\PassController.php(85): view('getransactionPass')
 6 SYSTEMPATH\CodeIgniter.php(941): App\Controllers\PassController->getTransactionPass()
 7 SYSTEMPATH\CodeIgniter.php(502): CodeIgniter\CodeIgniter->runController(Object(App\Controllers\PassController))
 8 SYSTEMPATH\CodeIgniter.php(361): CodeIgniter\CodeIgniter->handleRequest(null, Object(Config\Cache), false)
 9 FCPATH\index.php(79): CodeIgniter\CodeIgniter->run()
10 SYSTEMPATH\Commands\Server\rewrite.php(47): require_once('C:\\xampp\\htdocs\\bus_pass_management\\public\\index.php')
CRITICAL - 2024-01-22 16:31:48 --> ErrorException: Undefined variable $detail
in APPPATH\views\getransactionpass.php on line 132.
 1 APPPATH\views\getransactionpass.php(132): CodeIgniter\Debug\Exceptions->errorHandler(2, 'Undefined variable $detail', 'C:\\xampp\\htdocs\\bus_pass_management\\app\\views\\getransactionpass.php', 132)
 2 SYSTEMPATH\View\View.php(228): include('C:\\xampp\\htdocs\\bus_pass_management\\app\\views\\getransactionpass.php')
 3 SYSTEMPATH\View\View.php(231): CodeIgniter\View\View->CodeIgniter\View\{closure}()
 4 SYSTEMPATH\Common.php(1178): CodeIgniter\View\View->render('getransactionPass', [], true)
 5 APPPATH\Controllers\PassController.php(85): view('getransactionPass')
 6 SYSTEMPATH\CodeIgniter.php(941): App\Controllers\PassController->getTransactionPass()
 7 SYSTEMPATH\CodeIgniter.php(502): CodeIgniter\CodeIgniter->runController(Object(App\Controllers\PassController))
 8 SYSTEMPATH\CodeIgniter.php(361): CodeIgniter\CodeIgniter->handleRequest(null, Object(Config\Cache), false)
 9 FCPATH\index.php(79): CodeIgniter\CodeIgniter->run()
10 SYSTEMPATH\Commands\Server\rewrite.php(47): require_once('C:\\xampp\\htdocs\\bus_pass_management\\public\\index.php')
CRITICAL - 2024-01-22 16:32:04 --> ErrorException: Undefined variable $detail
in APPPATH\views\getransactionpass.php on line 132.
 1 APPPATH\views\getransactionpass.php(132): CodeIgniter\Debug\Exceptions->errorHandler(2, 'Undefined variable $detail', 'C:\\xampp\\htdocs\\bus_pass_management\\app\\views\\getransactionpass.php', 132)
 2 SYSTEMPATH\View\View.php(228): include('C:\\xampp\\htdocs\\bus_pass_management\\app\\views\\getransactionpass.php')
 3 SYSTEMPATH\View\View.php(231): CodeIgniter\View\View->CodeIgniter\View\{closure}()
 4 SYSTEMPATH\Common.php(1178): CodeIgniter\View\View->render('getransactionPass', [], true)
 5 APPPATH\Controllers\PassController.php(85): view('getransactionPass')
 6 SYSTEMPATH\CodeIgniter.php(941): App\Controllers\PassController->getTransactionPass()
 7 SYSTEMPATH\CodeIgniter.php(502): CodeIgniter\CodeIgniter->runController(Object(App\Controllers\PassController))
 8 SYSTEMPATH\CodeIgniter.php(361): CodeIgniter\CodeIgniter->handleRequest(null, Object(Config\Cache), false)
 9 FCPATH\index.php(79): CodeIgniter\CodeIgniter->run()
10 SYSTEMPATH\Commands\Server\rewrite.php(47): require_once('C:\\xampp\\htdocs\\bus_pass_management\\public\\index.php')
CRITICAL - 2024-01-22 16:32:05 --> ErrorException: Undefined variable $detail
in APPPATH\views\getransactionpass.php on line 132.
 1 APPPATH\views\getransactionpass.php(132): CodeIgniter\Debug\Exceptions->errorHandler(2, 'Undefined variable $detail', 'C:\\xampp\\htdocs\\bus_pass_management\\app\\views\\getransactionpass.php', 132)
 2 SYSTEMPATH\View\View.php(228): include('C:\\xampp\\htdocs\\bus_pass_management\\app\\views\\getransactionpass.php')
 3 SYSTEMPATH\View\View.php(231): CodeIgniter\View\View->CodeIgniter\View\{closure}()
 4 SYSTEMPATH\Common.php(1178): CodeIgniter\View\View->render('getransactionPass', [], true)
 5 APPPATH\Controllers\PassController.php(85): view('getransactionPass')
 6 SYSTEMPATH\CodeIgniter.php(941): App\Controllers\PassController->getTransactionPass()
 7 SYSTEMPATH\CodeIgniter.php(502): CodeIgniter\CodeIgniter->runController(Object(App\Controllers\PassController))
 8 SYSTEMPATH\CodeIgniter.php(361): CodeIgniter\CodeIgniter->handleRequest(null, Object(Config\Cache), false)
 9 FCPATH\index.php(79): CodeIgniter\CodeIgniter->run()
10 SYSTEMPATH\Commands\Server\rewrite.php(47): require_once('C:\\xampp\\htdocs\\bus_pass_management\\public\\index.php')
CRITICAL - 2024-01-22 16:32:17 --> ErrorException: Undefined variable $detail
in APPPATH\views\getransactionpass.php on line 132.
 1 APPPATH\views\getransactionpass.php(132): CodeIgniter\Debug\Exceptions->errorHandler(2, 'Undefined variable $detail', 'C:\\xampp\\htdocs\\bus_pass_management\\app\\views\\getransactionpass.php', 132)
 2 SYSTEMPATH\View\View.php(228): include('C:\\xampp\\htdocs\\bus_pass_management\\app\\views\\getransactionpass.php')
 3 SYSTEMPATH\View\View.php(231): CodeIgniter\View\View->CodeIgniter\View\{closure}()
 4 SYSTEMPATH\Common.php(1178): CodeIgniter\View\View->render('getransactionPass', [], true)
 5 APPPATH\Controllers\PassController.php(85): view('getransactionPass')
 6 SYSTEMPATH\CodeIgniter.php(941): App\Controllers\PassController->getTransactionPass()
 7 SYSTEMPATH\CodeIgniter.php(502): CodeIgniter\CodeIgniter->runController(Object(App\Controllers\PassController))
 8 SYSTEMPATH\CodeIgniter.php(361): CodeIgniter\CodeIgniter->handleRequest(null, Object(Config\Cache), false)
 9 FCPATH\index.php(79): CodeIgniter\CodeIgniter->run()
10 SYSTEMPATH\Commands\Server\rewrite.php(47): require_once('C:\\xampp\\htdocs\\bus_pass_management\\public\\index.php')
CRITICAL - 2024-01-22 16:54:01 --> ErrorException: Undefined variable $detail
in APPPATH\views\getransactionpass.php on line 132.
 1 APPPATH\views\getransactionpass.php(132): CodeIgniter\Debug\Exceptions->errorHandler(2, 'Undefined variable $detail', 'C:\\xampp\\htdocs\\bus_pass_management\\app\\views\\getransactionpass.php', 132)
 2 SYSTEMPATH\View\View.php(228): include('C:\\xampp\\htdocs\\bus_pass_management\\app\\views\\getransactionpass.php')
 3 SYSTEMPATH\View\View.php(231): CodeIgniter\View\View->CodeIgniter\View\{closure}()
 4 SYSTEMPATH\Common.php(1178): CodeIgniter\View\View->render('getransactionPass', [], true)
 5 APPPATH\Controllers\PassController.php(85): view('getransactionPass')
 6 SYSTEMPATH\CodeIgniter.php(941): App\Controllers\PassController->getTransactionPass()
 7 SYSTEMPATH\CodeIgniter.php(502): CodeIgniter\CodeIgniter->runController(Object(App\Controllers\PassController))
 8 SYSTEMPATH\CodeIgniter.php(361): CodeIgniter\CodeIgniter->handleRequest(null, Object(Config\Cache), false)
 9 FCPATH\index.php(79): CodeIgniter\CodeIgniter->run()
10 SYSTEMPATH\Commands\Server\rewrite.php(47): require_once('C:\\xampp\\htdocs\\bus_pass_management\\public\\index.php')
CRITICAL - 2024-01-22 16:56:28 --> CodeIgniter\View\Exceptions\ViewException: Invalid file: "getTransactionPass.php"
in SYSTEMPATH\Exceptions\FrameworkException.php on line 39.
 1 SYSTEMPATH\View\View.php(216): CodeIgniter\Exceptions\FrameworkException::forInvalidFile('getTransactionPass.php')
 2 SYSTEMPATH\Common.php(1178): CodeIgniter\View\View->render('getTransactionPass', [], true)
 3 APPPATH\Controllers\PassController.php(80): view('getTransactionPass', [...])
 4 SYSTEMPATH\CodeIgniter.php(941): App\Controllers\PassController->getTransactionPassvalue()
 5 SYSTEMPATH\CodeIgniter.php(502): CodeIgniter\CodeIgniter->runController(Object(App\Controllers\PassController))
 6 SYSTEMPATH\CodeIgniter.php(361): CodeIgniter\CodeIgniter->handleRequest(null, Object(Config\Cache), false)
 7 FCPATH\index.php(79): CodeIgniter\CodeIgniter->run()
 8 SYSTEMPATH\Commands\Server\rewrite.php(47): require_once('C:\\xampp\\htdocs\\bus_pass_management\\public\\index.php')
CRITICAL - 2024-01-22 17:02:51 --> ErrorException: Undefined variable $detail
in APPPATH\views\getransactionpass.php on line 118.
 1 APPPATH\views\getransactionpass.php(118): CodeIgniter\Debug\Exceptions->errorHandler(2, 'Undefined variable $detail', 'C:\\xampp\\htdocs\\bus_pass_management\\app\\views\\getransactionpass.php', 118)
 2 SYSTEMPATH\View\View.php(228): include('C:\\xampp\\htdocs\\bus_pass_management\\app\\views\\getransactionpass.php')
 3 SYSTEMPATH\View\View.php(231): CodeIgniter\View\View->CodeIgniter\View\{closure}()
 4 SYSTEMPATH\Common.php(1178): CodeIgniter\View\View->render('getransactionPass', [], true)
 5 APPPATH\Controllers\PassController.php(85): view('getransactionPass')
 6 SYSTEMPATH\CodeIgniter.php(941): App\Controllers\PassController->getTransactionPass()
 7 SYSTEMPATH\CodeIgniter.php(502): CodeIgniter\CodeIgniter->runController(Object(App\Controllers\PassController))
 8 SYSTEMPATH\CodeIgniter.php(361): CodeIgniter\CodeIgniter->handleRequest(null, Object(Config\Cache), false)
 9 FCPATH\index.php(79): CodeIgniter\CodeIgniter->run()
10 SYSTEMPATH\Commands\Server\rewrite.php(47): require_once('C:\\xampp\\htdocs\\bus_pass_management\\public\\index.php')
CRITICAL - 2024-01-22 17:04:07 --> CodeIgniter\View\Exceptions\ViewException: Invalid file: "getTransactionPass.php"
in SYSTEMPATH\Exceptions\FrameworkException.php on line 39.
 1 SYSTEMPATH\View\View.php(216): CodeIgniter\Exceptions\FrameworkException::forInvalidFile('getTransactionPass.php')
 2 SYSTEMPATH\Common.php(1178): CodeIgniter\View\View->render('getTransactionPass', [], true)
 3 APPPATH\Controllers\PassController.php(81): view('getTransactionPass', [...])
 4 SYSTEMPATH\CodeIgniter.php(941): App\Controllers\PassController->getTransactionPass()
 5 SYSTEMPATH\CodeIgniter.php(502): CodeIgniter\CodeIgniter->runController(Object(App\Controllers\PassController))
 6 SYSTEMPATH\CodeIgniter.php(361): CodeIgniter\CodeIgniter->handleRequest(null, Object(Config\Cache), false)
 7 FCPATH\index.php(79): CodeIgniter\CodeIgniter->run()
 8 SYSTEMPATH\Commands\Server\rewrite.php(47): require_once('C:\\xampp\\htdocs\\bus_pass_management\\public\\index.php')
CRITICAL - 2024-01-22 17:04:41 --> ErrorException: Undefined array key "gender"
in APPPATH\views\getTransactionPass.php on line 124.
 1 APPPATH\views\getTransactionPass.php(124): CodeIgniter\Debug\Exceptions->errorHandler(2, 'Undefined array key "gender"', 'C:\\xampp\\htdocs\\bus_pass_management\\app\\views\\getTransactionPass.php', 124)
 2 SYSTEMPATH\View\View.php(228): include('C:\\xampp\\htdocs\\bus_pass_management\\app\\views\\getTransactionPass.php')
 3 SYSTEMPATH\View\View.php(231): CodeIgniter\View\View->CodeIgniter\View\{closure}()
 4 SYSTEMPATH\Common.php(1178): CodeIgniter\View\View->render('getTransactionPass', [], true)
 5 APPPATH\Controllers\PassController.php(81): view('getTransactionPass', [...])
 6 SYSTEMPATH\CodeIgniter.php(941): App\Controllers\PassController->getTransactionPass()
 7 SYSTEMPATH\CodeIgniter.php(502): CodeIgniter\CodeIgniter->runController(Object(App\Controllers\PassController))
 8 SYSTEMPATH\CodeIgniter.php(361): CodeIgniter\CodeIgniter->handleRequest(null, Object(Config\Cache), false)
 9 FCPATH\index.php(79): CodeIgniter\CodeIgniter->run()
10 SYSTEMPATH\Commands\Server\rewrite.php(47): require_once('C:\\xampp\\htdocs\\bus_pass_management\\public\\index.php')
CRITICAL - 2024-01-22 17:04:42 --> ErrorException: Undefined array key "gender"
in APPPATH\views\getTransactionPass.php on line 124.
 1 APPPATH\views\getTransactionPass.php(124): CodeIgniter\Debug\Exceptions->errorHandler(2, 'Undefined array key "gender"', 'C:\\xampp\\htdocs\\bus_pass_management\\app\\views\\getTransactionPass.php', 124)
 2 SYSTEMPATH\View\View.php(228): include('C:\\xampp\\htdocs\\bus_pass_management\\app\\views\\getTransactionPass.php')
 3 SYSTEMPATH\View\View.php(231): CodeIgniter\View\View->CodeIgniter\View\{closure}()
 4 SYSTEMPATH\Common.php(1178): CodeIgniter\View\View->render('getTransactionPass', [], true)
 5 APPPATH\Controllers\PassController.php(81): view('getTransactionPass', [...])
 6 SYSTEMPATH\CodeIgniter.php(941): App\Controllers\PassController->getTransactionPass()
 7 SYSTEMPATH\CodeIgniter.php(502): CodeIgniter\CodeIgniter->runController(Object(App\Controllers\PassController))
 8 SYSTEMPATH\CodeIgniter.php(361): CodeIgniter\CodeIgniter->handleRequest(null, Object(Config\Cache), false)
 9 FCPATH\index.php(79): CodeIgniter\CodeIgniter->run()
10 SYSTEMPATH\Commands\Server\rewrite.php(47): require_once('C:\\xampp\\htdocs\\bus_pass_management\\public\\index.php')
CRITICAL - 2024-01-22 17:05:06 --> ErrorException: Undefined array key "from"
in APPPATH\views\getTransactionPass.php on line 125.
 1 APPPATH\views\getTransactionPass.php(125): CodeIgniter\Debug\Exceptions->errorHandler(2, 'Undefined array key "from"', 'C:\\xampp\\htdocs\\bus_pass_management\\app\\views\\getTransactionPass.php', 125)
 2 SYSTEMPATH\View\View.php(228): include('C:\\xampp\\htdocs\\bus_pass_management\\app\\views\\getTransactionPass.php')
 3 SYSTEMPATH\View\View.php(231): CodeIgniter\View\View->CodeIgniter\View\{closure}()
 4 SYSTEMPATH\Common.php(1178): CodeIgniter\View\View->render('getTransactionPass', [], true)
 5 APPPATH\Controllers\PassController.php(81): view('getTransactionPass', [...])
 6 SYSTEMPATH\CodeIgniter.php(941): App\Controllers\PassController->getTransactionPass()
 7 SYSTEMPATH\CodeIgniter.php(502): CodeIgniter\CodeIgniter->runController(Object(App\Controllers\PassController))
 8 SYSTEMPATH\CodeIgniter.php(361): CodeIgniter\CodeIgniter->handleRequest(null, Object(Config\Cache), false)
 9 FCPATH\index.php(79): CodeIgniter\CodeIgniter->run()
10 SYSTEMPATH\Commands\Server\rewrite.php(47): require_once('C:\\xampp\\htdocs\\bus_pass_management\\public\\index.php')
